Wed Nov  5 08:11:01 2025: Running xcd server. This server was built by gradle.
Wed Nov  5 08:11:01 2025: Server was asked to start on port: '46671'
Wed Nov  5 08:11:01 2025: Server is using token UUID: '55b512ab-967d-4cd3-a4bc-901d0eb63683'
Wed Nov  5 08:11:01 2025: SESSION_MGR: creating session with session uuid: '6d04a3e9-ade5-4ab9-8d63-1f78fcd2ec76' and name 'default'
Wed Nov  5 08:11:01 2025: Attempting to start server on port '46671'
Wed Nov  5 08:11:01 2025: XCD main fifo: created main fifo '/tmp/xcdmain55b512ab-967d-4cd3-a4bc-901d0eb63683', fd read = 13
Wed Nov  5 08:11:01 2025: Running Dispatch Server
Wed Nov  5 08:11:01 2025: Version 2.2.0
Wed Nov  5 08:11:03 2025: Dispatch Server: Accepted socket connection from client
Wed Nov  5 08:11:03 2025: Starting Socket connection
Wed Nov  5 08:11:03 2025: EXCHANGE_TOKEN received, server token: 55b512ab-967d-4cd3-a4bc-901d0eb63683, passed token: 55b512ab-967d-4cd3-a4bc-901d0eb63683
Wed Nov  5 08:11:03 2025: DISPATCH_HANDLER: Adding handler from function makeHandler in library libxv_system_diagram
Wed Nov  5 08:11:03 2025: SESSION_MGR: creating session with session uuid: '178759d2-68ab-4e78-9734-2251551f623b' and name 'vitis-run_compile_hls_ip'
Wed Nov  5 08:11:03 2025: KERNEL_SVC: creating session with uuid: '178759d2-68ab-4e78-9734-2251551f623b' and name 'vitis-run_compile_hls_ip'
Wed Nov  5 08:11:03 2025: GUIDANCE_SMGR: creating guidance session with uuid: '178759d2-68ab-4e78-9734-2251551f623b' and name 'vitis-run_compile_hls_ip'
Wed Nov  5 08:11:03 2025: SYSTEM_DIAGRAM: creating session with uuid: '178759d2-68ab-4e78-9734-2251551f623b' and name 'vitis-run_compile_hls_ip'
Wed Nov  5 08:11:06 2025: Dispatch Server: Accepted socket connection from client
Wed Nov  5 08:11:06 2025: Starting Socket connection
Wed Nov  5 08:11:10 2025: SESSION_MGR: closing session for UUID '178759d2-68ab-4e78-9734-2251551f623b' with name 'vitis-run_compile_hls_ip'
Wed Nov  5 08:11:10 2025: KERNEL_SVC: closing session for UUID '178759d2-68ab-4e78-9734-2251551f623b' with name 'vitis-run_compile_hls_ip'
Wed Nov  5 08:11:10 2025: GUIDANCE_SMGR: closing session for UUID '178759d2-68ab-4e78-9734-2251551f623b' with name 'vitis-run_compile_hls_ip'
Wed Nov  5 08:11:10 2025: SYSTEM_DIAGRAM: closing session for UUID '178759d2-68ab-4e78-9734-2251551f623b' with name 'vitis-run_compile_hls_ip'
Wed Nov  5 08:11:10 2025: STOP_SERVER received, server token: 55b512ab-967d-4cd3-a4bc-901d0eb63683, passed token: 55b512ab-967d-4cd3-a4bc-901d0eb63683
Wed Nov  5 08:11:10 2025: Socket received request to stop server.
Wed Nov  5 08:11:10 2025: Dispatch Server: do_await_stop
Wed Nov  5 08:11:10 2025: Dispatch Server: stopping mainFifo_
Wed Nov  5 08:11:10 2025: XCD main fifo: Stopping
Wed Nov  5 08:11:10 2025: XCD main fifo: do_read error code: Operation canceled
Wed Nov  5 08:11:10 2025: XCD main fifo: bytes_transferred: 0
Wed Nov  5 08:11:10 2025: SERVER: destructor for server bound to port 46671
Wed Nov  5 08:11:10 2025: XCD main fifo: Good unlink of /tmp/xcdmain55b512ab-967d-4cd3-a4bc-901d0eb63683
Wed Nov  5 08:11:10 2025: Server exiting with status 0.
Wed Nov  5 08:11:10 2025: Closing log file.
Wed Nov  5 08:11:55 2025: Running xcd server. This server was built by gradle.
Wed Nov  5 08:11:55 2025: Server was asked to start on port: '43741'
Wed Nov  5 08:11:55 2025: Server is using token UUID: 'd4b3878a-5a90-423d-98ad-6999bb621f8a'
Wed Nov  5 08:11:55 2025: SESSION_MGR: creating session with session uuid: '6d04a3e9-ade5-4ab9-8d63-1f78fcd2ec76' and name 'default'
Wed Nov  5 08:11:55 2025: Attempting to start server on port '43741'
Wed Nov  5 08:11:55 2025: XCD main fifo: created main fifo '/tmp/xcdmaind4b3878a-5a90-423d-98ad-6999bb621f8a', fd read = 13
Wed Nov  5 08:11:55 2025: Running Dispatch Server
Wed Nov  5 08:11:55 2025: Version 2.2.0
Wed Nov  5 08:11:57 2025: Dispatch Server: Accepted socket connection from client
Wed Nov  5 08:11:57 2025: Starting Socket connection
Wed Nov  5 08:11:57 2025: EXCHANGE_TOKEN received, server token: d4b3878a-5a90-423d-98ad-6999bb621f8a, passed token: d4b3878a-5a90-423d-98ad-6999bb621f8a
Wed Nov  5 08:11:57 2025: DISPATCH_HANDLER: Adding handler from function makeHandler in library libxv_system_diagram
Wed Nov  5 08:11:57 2025: SESSION_MGR: creating session with session uuid: 'de650146-70bc-4dd2-83a1-68082fe74089' and name 'vitis-run_compile_hls_ip'
Wed Nov  5 08:11:57 2025: KERNEL_SVC: creating session with uuid: 'de650146-70bc-4dd2-83a1-68082fe74089' and name 'vitis-run_compile_hls_ip'
Wed Nov  5 08:11:57 2025: GUIDANCE_SMGR: creating guidance session with uuid: 'de650146-70bc-4dd2-83a1-68082fe74089' and name 'vitis-run_compile_hls_ip'
Wed Nov  5 08:11:57 2025: SYSTEM_DIAGRAM: creating session with uuid: 'de650146-70bc-4dd2-83a1-68082fe74089' and name 'vitis-run_compile_hls_ip'
Wed Nov  5 08:11:59 2025: Dispatch Server: Accepted socket connection from client
Wed Nov  5 08:11:59 2025: Starting Socket connection
Wed Nov  5 08:12:10 2025: SESSION_MGR: closing session for UUID 'de650146-70bc-4dd2-83a1-68082fe74089' with name 'vitis-run_compile_hls_ip'
Wed Nov  5 08:12:10 2025: KERNEL_SVC: closing session for UUID 'de650146-70bc-4dd2-83a1-68082fe74089' with name 'vitis-run_compile_hls_ip'
Wed Nov  5 08:12:10 2025: GUIDANCE_SMGR: closing session for UUID 'de650146-70bc-4dd2-83a1-68082fe74089' with name 'vitis-run_compile_hls_ip'
Wed Nov  5 08:12:10 2025: SYSTEM_DIAGRAM: closing session for UUID 'de650146-70bc-4dd2-83a1-68082fe74089' with name 'vitis-run_compile_hls_ip'
Wed Nov  5 08:12:10 2025: STOP_SERVER received, server token: d4b3878a-5a90-423d-98ad-6999bb621f8a, passed token: d4b3878a-5a90-423d-98ad-6999bb621f8a
Wed Nov  5 08:12:10 2025: Socket received request to stop server.
Wed Nov  5 08:12:10 2025: Dispatch Server: do_await_stop
Wed Nov  5 08:12:10 2025: Dispatch Server: stopping mainFifo_
Wed Nov  5 08:12:10 2025: XCD main fifo: Stopping
Wed Nov  5 08:12:10 2025: XCD main fifo: do_read error code: Operation canceled
Wed Nov  5 08:12:10 2025: XCD main fifo: bytes_transferred: 0
Wed Nov  5 08:12:10 2025: SERVER: destructor for server bound to port 43741
Wed Nov  5 08:12:10 2025: XCD main fifo: Good unlink of /tmp/xcdmaind4b3878a-5a90-423d-98ad-6999bb621f8a
Wed Nov  5 08:12:10 2025: Server exiting with status 0.
Wed Nov  5 08:12:10 2025: Closing log file.
Wed Nov  5 08:17:04 2025: Running xcd server. This server was built by gradle.
Wed Nov  5 08:17:04 2025: Server was asked to start on port: '38011'
Wed Nov  5 08:17:04 2025: Server is using token UUID: '6b18c15d-dc11-48ad-b14e-a2d4421a901c'
Wed Nov  5 08:17:04 2025: SESSION_MGR: creating session with session uuid: '6d04a3e9-ade5-4ab9-8d63-1f78fcd2ec76' and name 'default'
Wed Nov  5 08:17:04 2025: Attempting to start server on port '38011'
Wed Nov  5 08:17:04 2025: XCD main fifo: created main fifo '/tmp/xcdmain6b18c15d-dc11-48ad-b14e-a2d4421a901c', fd read = 13
Wed Nov  5 08:17:04 2025: Running Dispatch Server
Wed Nov  5 08:17:04 2025: Version 2.2.0
Wed Nov  5 08:17:06 2025: Dispatch Server: Accepted socket connection from client
Wed Nov  5 08:17:06 2025: Starting Socket connection
Wed Nov  5 08:17:06 2025: EXCHANGE_TOKEN received, server token: 6b18c15d-dc11-48ad-b14e-a2d4421a901c, passed token: 6b18c15d-dc11-48ad-b14e-a2d4421a901c
Wed Nov  5 08:17:06 2025: DISPATCH_HANDLER: Adding handler from function makeHandler in library libxv_system_diagram
Wed Nov  5 08:17:06 2025: SESSION_MGR: creating session with session uuid: 'b8c85208-42d2-444f-9ff3-5cdc0739a450' and name 'v++_compile_hls_ip'
Wed Nov  5 08:17:06 2025: KERNEL_SVC: creating session with uuid: 'b8c85208-42d2-444f-9ff3-5cdc0739a450' and name 'v++_compile_hls_ip'
Wed Nov  5 08:17:06 2025: GUIDANCE_SMGR: creating guidance session with uuid: 'b8c85208-42d2-444f-9ff3-5cdc0739a450' and name 'v++_compile_hls_ip'
Wed Nov  5 08:17:06 2025: SYSTEM_DIAGRAM: creating session with uuid: 'b8c85208-42d2-444f-9ff3-5cdc0739a450' and name 'v++_compile_hls_ip'
Wed Nov  5 08:17:08 2025: Dispatch Server: Accepted socket connection from client
Wed Nov  5 08:17:08 2025: Starting Socket connection
Wed Nov  5 08:17:23 2025: SESSION_MGR: closing session for UUID 'b8c85208-42d2-444f-9ff3-5cdc0739a450' with name 'v++_compile_hls_ip'
Wed Nov  5 08:17:23 2025: KERNEL_SVC: closing session for UUID 'b8c85208-42d2-444f-9ff3-5cdc0739a450' with name 'v++_compile_hls_ip'
Wed Nov  5 08:17:23 2025: GUIDANCE_SMGR: closing session for UUID 'b8c85208-42d2-444f-9ff3-5cdc0739a450' with name 'v++_compile_hls_ip'
Wed Nov  5 08:17:24 2025: SYSTEM_DIAGRAM: closing session for UUID 'b8c85208-42d2-444f-9ff3-5cdc0739a450' with name 'v++_compile_hls_ip'
Wed Nov  5 08:17:24 2025: STOP_SERVER received, server token: 6b18c15d-dc11-48ad-b14e-a2d4421a901c, passed token: 6b18c15d-dc11-48ad-b14e-a2d4421a901c
Wed Nov  5 08:17:24 2025: Socket received request to stop server.
Wed Nov  5 08:17:24 2025: Dispatch Server: do_await_stop
Wed Nov  5 08:17:24 2025: Dispatch Server: stopping mainFifo_
Wed Nov  5 08:17:24 2025: XCD main fifo: Stopping
Wed Nov  5 08:17:24 2025: XCD main fifo: do_read error code: Operation canceled
Wed Nov  5 08:17:24 2025: XCD main fifo: bytes_transferred: 0
Wed Nov  5 08:17:24 2025: SERVER: destructor for server bound to port 38011
Wed Nov  5 08:17:24 2025: XCD main fifo: Good unlink of /tmp/xcdmain6b18c15d-dc11-48ad-b14e-a2d4421a901c
Wed Nov  5 08:17:24 2025: Server exiting with status 0.
Wed Nov  5 08:17:24 2025: Closing log file.
Wed Nov  5 08:26:40 2025: Running xcd server. This server was built by gradle.
Wed Nov  5 08:26:40 2025: Server was asked to start on port: '34635'
Wed Nov  5 08:26:40 2025: Server is using token UUID: '77a15e35-4eaf-442e-a15a-5f835d1550a3'
Wed Nov  5 08:26:40 2025: SESSION_MGR: creating session with session uuid: '6d04a3e9-ade5-4ab9-8d63-1f78fcd2ec76' and name 'default'
Wed Nov  5 08:26:40 2025: Attempting to start server on port '34635'
Wed Nov  5 08:26:40 2025: XCD main fifo: created main fifo '/tmp/xcdmain77a15e35-4eaf-442e-a15a-5f835d1550a3', fd read = 13
Wed Nov  5 08:26:40 2025: Running Dispatch Server
Wed Nov  5 08:26:40 2025: Version 2.2.0
Wed Nov  5 08:26:42 2025: Dispatch Server: Accepted socket connection from client
Wed Nov  5 08:26:42 2025: Starting Socket connection
Wed Nov  5 08:26:42 2025: EXCHANGE_TOKEN received, server token: 77a15e35-4eaf-442e-a15a-5f835d1550a3, passed token: 77a15e35-4eaf-442e-a15a-5f835d1550a3
Wed Nov  5 08:26:42 2025: DISPATCH_HANDLER: Adding handler from function makeHandler in library libxv_system_diagram
Wed Nov  5 08:26:42 2025: SESSION_MGR: creating session with session uuid: '8a3203bb-a581-4c5d-b397-c6f809d13f16' and name 'vitis-run_compile_hls_ip'
Wed Nov  5 08:26:42 2025: KERNEL_SVC: creating session with uuid: '8a3203bb-a581-4c5d-b397-c6f809d13f16' and name 'vitis-run_compile_hls_ip'
Wed Nov  5 08:26:42 2025: GUIDANCE_SMGR: creating guidance session with uuid: '8a3203bb-a581-4c5d-b397-c6f809d13f16' and name 'vitis-run_compile_hls_ip'
Wed Nov  5 08:26:42 2025: SYSTEM_DIAGRAM: creating session with uuid: '8a3203bb-a581-4c5d-b397-c6f809d13f16' and name 'vitis-run_compile_hls_ip'
Wed Nov  5 08:26:44 2025: Dispatch Server: Accepted socket connection from client
Wed Nov  5 08:26:44 2025: Starting Socket connection
Wed Nov  5 08:26:57 2025: SESSION_MGR: closing session for UUID '8a3203bb-a581-4c5d-b397-c6f809d13f16' with name 'vitis-run_compile_hls_ip'
Wed Nov  5 08:26:57 2025: KERNEL_SVC: closing session for UUID '8a3203bb-a581-4c5d-b397-c6f809d13f16' with name 'vitis-run_compile_hls_ip'
Wed Nov  5 08:26:57 2025: GUIDANCE_SMGR: closing session for UUID '8a3203bb-a581-4c5d-b397-c6f809d13f16' with name 'vitis-run_compile_hls_ip'
Wed Nov  5 08:26:57 2025: SYSTEM_DIAGRAM: closing session for UUID '8a3203bb-a581-4c5d-b397-c6f809d13f16' with name 'vitis-run_compile_hls_ip'
Wed Nov  5 08:26:57 2025: STOP_SERVER received, server token: 77a15e35-4eaf-442e-a15a-5f835d1550a3, passed token: 77a15e35-4eaf-442e-a15a-5f835d1550a3
Wed Nov  5 08:26:57 2025: Socket received request to stop server.
Wed Nov  5 08:26:57 2025: Dispatch Server: do_await_stop
Wed Nov  5 08:26:57 2025: Dispatch Server: stopping mainFifo_
Wed Nov  5 08:26:57 2025: XCD main fifo: Stopping
Wed Nov  5 08:26:57 2025: XCD main fifo: do_read error code: Operation canceled
Wed Nov  5 08:26:57 2025: XCD main fifo: bytes_transferred: 0
Wed Nov  5 08:26:57 2025: SERVER: destructor for server bound to port 34635
Wed Nov  5 08:26:57 2025: XCD main fifo: Good unlink of /tmp/xcdmain77a15e35-4eaf-442e-a15a-5f835d1550a3
Wed Nov  5 08:26:57 2025: Server exiting with status 0.
Wed Nov  5 08:26:57 2025: Closing log file.
