

================================================================
== Vitis HLS Report for 'conv2d_3x3'
================================================================
* Date:           Wed Nov  5 08:17:22 2025

* Version:        2023.2 (Build 4023990 on Oct 11 2023)
* Project:        hls_ip
* Solution:       hls (Vivado IP Flow Target)
* Product family: zynquplus
* Target device:  xczu1cg-sbva484-1-e


================================================================
== Performance Estimates
================================================================
+ Timing: 
    * Summary: 
    +--------+----------+----------+------------+
    |  Clock |  Target  | Estimated| Uncertainty|
    +--------+----------+----------+------------+
    |ap_clk  |  10.00 ns|  6.305 ns|     2.70 ns|
    +--------+----------+----------+------------+

+ Latency: 
    * Summary: 
    +---------+---------+----------+----------+-----+-----+----------+
    |  Latency (cycles) |  Latency (absolute) |  Interval | Pipeline |
    |   min   |   max   |    min   |    max   | min | max |   Type   |
    +---------+---------+----------+----------+-----+-----+----------+
    |        ?|        ?|         ?|         ?|    ?|    ?|  dataflow|
    +---------+---------+----------+----------+-----+-----+----------+

    + Detail: 
        * Instance: 
        +--------------------------+---------------+---------+---------+----------+----------+--------+--------+---------+
        |                          |               |  Latency (cycles) |  Latency (absolute) |     Interval    | Pipeline|
        |         Instance         |     Module    |   min   |   max   |    min   |    max   |   min  |   max  |   Type  |
        +--------------------------+---------------+---------+---------+----------+----------+--------+--------+---------+
        |grp_data_unpacket_fu_184  |data_unpacket  |   324002|   324002|  3.240 ms|  3.240 ms|  324002|  324002|       no|
        |grp_image_filter_fu_197   |image_filter   |        ?|        ?|         ?|         ?|       ?|       ?|       no|
        |grp_data_packet_fu_311    |data_packet    |   324003|   324003|  3.240 ms|  3.240 ms|  324003|  324003|       no|
        +--------------------------+---------------+---------+---------+----------+----------+--------+--------+---------+

        * Loop: 
        N/A

============================================================
+ Verbose Summary: Synthesis Manager
============================================================
InlineROM: 1
ExposeGlobal: 0
============================================================
+ Verbose Summary: CDFG Model
============================================================
IsTopModel: 1
ResetActiveHigh: 1
IsCombinational: 2
IsDatapathOnly: 0
HasWiredReturn: 1
HasMFsm: 0
HasVarLatency: 1
IsPipeline: 0
IsRtlPipelined: 0
IsInstanceOverlapped: 0
IsDontTouch: 0
HasImplIP: 0
IsGatedGlobalClock: 0


============================================================
+ Verbose Summary: Schedule
============================================================
* Number of FSM states : 8
* Pipeline : 0
* Dataflow Pipeline: 1
  DF-Pipeline-0: Size = 8, States = { 1 2 3 4 5 6 7 8 }

* FSM state transitions: 
1 --> 2 
2 --> 3 
3 --> 4 
4 --> 5 
5 --> 6 
6 --> 7 
7 --> 8 
8 --> 

* FSM state operations: 

State 1 <SV = 0> <Delay = 0.00>
ST_1 : Operation 9 [1/1] (0.00ns)   --->   "%input_r = alloca i64 1" [/home/leon/Desktop/Project/ZUBOARD_1CG/hls_ip/conv2d_hls.cpp:229]   --->   Operation 9 'alloca' 'input_r' <Predicate = true> <Delay = 0.00> <CoreInst = "FIFO_SRL">   --->   Core 81 'FIFO_SRL' <Latency = 0> <II = 1> <Delay = 2.16> <Storage> <Opcode : 'read' 'write' 'nbread' 'nbwrite'> <Ports = 0> <Width = 80> <Depth = 2> <FIFO>
ST_1 : Operation 10 [1/1] (0.00ns)   --->   "%output_r = alloca i64 1" [/home/leon/Desktop/Project/ZUBOARD_1CG/hls_ip/conv2d_hls.cpp:229]   --->   Operation 10 'alloca' 'output_r' <Predicate = true> <Delay = 0.00> <CoreInst = "FIFO_SRL">   --->   Core 81 'FIFO_SRL' <Latency = 0> <II = 1> <Delay = 2.16> <Storage> <Opcode : 'read' 'write' 'nbread' 'nbwrite'> <Ports = 0> <Width = 80> <Depth = 2> <FIFO>

State 2 <SV = 1> <Delay = 0.00>
ST_2 : Operation 11 [2/2] (0.00ns)   --->   "%call_ln91 = call void @data_unpacket, i64 %data_in_V_data_V, i8 %data_in_V_keep_V, i8 %data_in_V_strb_V, i1 %data_in_V_last_V, i80 %input_r" [/media/leon/Extend/Vitis_HLS/2023.2/common/technology/autopilot/hls_task.h:91->/home/leon/Desktop/Project/ZUBOARD_1CG/hls_ip/conv2d_hls.cpp:230]   --->   Operation 11 'call' 'call_ln91' <Predicate = true> <Delay = 0.00> <CoreType = "Generic">   --->   Core 0 '' <Latency = 0> <II = 1> <Delay = 1.00> <Generic> <Opcode : >

State 3 <SV = 2> <Delay = 0.00>
ST_3 : Operation 12 [1/2] (0.00ns)   --->   "%call_ln91 = call void @data_unpacket, i64 %data_in_V_data_V, i8 %data_in_V_keep_V, i8 %data_in_V_strb_V, i1 %data_in_V_last_V, i80 %input_r" [/media/leon/Extend/Vitis_HLS/2023.2/common/technology/autopilot/hls_task.h:91->/home/leon/Desktop/Project/ZUBOARD_1CG/hls_ip/conv2d_hls.cpp:230]   --->   Operation 12 'call' 'call_ln91' <Predicate = true> <Delay = 0.00> <CoreType = "Generic">   --->   Core 0 '' <Latency = 0> <II = 1> <Delay = 1.00> <Generic> <Opcode : >

State 4 <SV = 3> <Delay = 0.00>
ST_4 : Operation 13 [2/2] (0.00ns)   --->   "%call_ln91 = call void @image_filter, i80 %input_r, i80 %output_r, i10 %window_adjust_0_0_0, i10 %window_adjust_0_2_0, i10 %window_adjust_1_0_0, i10 %window_adjust_1_2_0, i10 %window_adjust_2_0_0, i10 %window_adjust_2_2_0, i10 %window_adjust_0_0_1, i10 %window_adjust_0_2_1, i10 %window_adjust_1_0_1, i10 %window_adjust_1_2_1, i10 %window_adjust_2_0_1, i10 %window_adjust_2_2_1, i10 %window_adjust_0_0_2, i10 %window_adjust_0_2_2, i10 %window_adjust_1_0_2, i10 %window_adjust_1_2_2, i10 %window_adjust_2_0_2, i10 %window_adjust_2_2_2, i10 %window_adjust_0_0_3, i10 %window_adjust_0_2_3, i10 %window_adjust_1_0_3, i10 %window_adjust_1_2_3, i10 %window_adjust_2_0_3, i10 %window_adjust_2_2_3, i10 %window_adjust_0_0_4, i10 %window_adjust_0_2_4, i10 %window_adjust_1_0_4, i10 %window_adjust_1_2_4, i10 %window_adjust_2_0_4, i10 %window_adjust_2_2_4, i10 %window_adjust_0_0_5, i10 %window_adjust_0_2_5, i10 %window_adjust_1_0_5, i10 %window_adjust_1_2_5, i10 %window_adjust_2_0_5, i10 %window_adjust_2_2_5, i10 %window_adjust_0_0_6, i10 %window_adjust_0_2_6, i10 %window_adjust_1_0_6, i10 %window_adjust_1_2_6, i10 %window_adjust_2_0_6, i10 %window_adjust_2_2_6, i10 %window_adjust_0_0_7, i10 %window_adjust_0_2_7, i10 %window_adjust_1_0_7, i10 %window_adjust_1_2_7, i10 %window_adjust_2_0_7, i10 %window_adjust_2_2_7, i80 %linebuf_0_0, i80 %linebuf_1_0, i80 %linebuf_2_0, i80 %linebuf_1_1, i80 %linebuf_2_1, i80 %linebuf_0_1" [/media/leon/Extend/Vitis_HLS/2023.2/common/technology/autopilot/hls_task.h:91->/home/leon/Desktop/Project/ZUBOARD_1CG/hls_ip/conv2d_hls.cpp:231]   --->   Operation 13 'call' 'call_ln91' <Predicate = true> <Delay = 0.00> <CoreType = "Generic">   --->   Core 0 '' <Latency = 0> <II = 1> <Delay = 1.00> <Generic> <Opcode : >

State 5 <SV = 4> <Delay = 0.00>
ST_5 : Operation 14 [1/2] (0.00ns)   --->   "%call_ln91 = call void @image_filter, i80 %input_r, i80 %output_r, i10 %window_adjust_0_0_0, i10 %window_adjust_0_2_0, i10 %window_adjust_1_0_0, i10 %window_adjust_1_2_0, i10 %window_adjust_2_0_0, i10 %window_adjust_2_2_0, i10 %window_adjust_0_0_1, i10 %window_adjust_0_2_1, i10 %window_adjust_1_0_1, i10 %window_adjust_1_2_1, i10 %window_adjust_2_0_1, i10 %window_adjust_2_2_1, i10 %window_adjust_0_0_2, i10 %window_adjust_0_2_2, i10 %window_adjust_1_0_2, i10 %window_adjust_1_2_2, i10 %window_adjust_2_0_2, i10 %window_adjust_2_2_2, i10 %window_adjust_0_0_3, i10 %window_adjust_0_2_3, i10 %window_adjust_1_0_3, i10 %window_adjust_1_2_3, i10 %window_adjust_2_0_3, i10 %window_adjust_2_2_3, i10 %window_adjust_0_0_4, i10 %window_adjust_0_2_4, i10 %window_adjust_1_0_4, i10 %window_adjust_1_2_4, i10 %window_adjust_2_0_4, i10 %window_adjust_2_2_4, i10 %window_adjust_0_0_5, i10 %window_adjust_0_2_5, i10 %window_adjust_1_0_5, i10 %window_adjust_1_2_5, i10 %window_adjust_2_0_5, i10 %window_adjust_2_2_5, i10 %window_adjust_0_0_6, i10 %window_adjust_0_2_6, i10 %window_adjust_1_0_6, i10 %window_adjust_1_2_6, i10 %window_adjust_2_0_6, i10 %window_adjust_2_2_6, i10 %window_adjust_0_0_7, i10 %window_adjust_0_2_7, i10 %window_adjust_1_0_7, i10 %window_adjust_1_2_7, i10 %window_adjust_2_0_7, i10 %window_adjust_2_2_7, i80 %linebuf_0_0, i80 %linebuf_1_0, i80 %linebuf_2_0, i80 %linebuf_1_1, i80 %linebuf_2_1, i80 %linebuf_0_1" [/media/leon/Extend/Vitis_HLS/2023.2/common/technology/autopilot/hls_task.h:91->/home/leon/Desktop/Project/ZUBOARD_1CG/hls_ip/conv2d_hls.cpp:231]   --->   Operation 14 'call' 'call_ln91' <Predicate = true> <Delay = 0.00> <CoreType = "Generic">   --->   Core 0 '' <Latency = 0> <II = 1> <Delay = 1.00> <Generic> <Opcode : >

State 6 <SV = 5> <Delay = 0.00>
ST_6 : Operation 15 [2/2] (0.00ns)   --->   "%call_ln91 = call void @data_packet, i64 %data_out_V_data_V, i8 %data_out_V_keep_V, i8 %data_out_V_strb_V, i1 %data_out_V_last_V, i80 %output_r" [/media/leon/Extend/Vitis_HLS/2023.2/common/technology/autopilot/hls_task.h:91->/home/leon/Desktop/Project/ZUBOARD_1CG/hls_ip/conv2d_hls.cpp:232]   --->   Operation 15 'call' 'call_ln91' <Predicate = true> <Delay = 0.00> <CoreType = "Generic">   --->   Core 0 '' <Latency = 0> <II = 1> <Delay = 1.00> <Generic> <Opcode : >

State 7 <SV = 6> <Delay = 0.00>
ST_7 : Operation 16 [1/2] (0.00ns)   --->   "%call_ln91 = call void @data_packet, i64 %data_out_V_data_V, i8 %data_out_V_keep_V, i8 %data_out_V_strb_V, i1 %data_out_V_last_V, i80 %output_r" [/media/leon/Extend/Vitis_HLS/2023.2/common/technology/autopilot/hls_task.h:91->/home/leon/Desktop/Project/ZUBOARD_1CG/hls_ip/conv2d_hls.cpp:232]   --->   Operation 16 'call' 'call_ln91' <Predicate = true> <Delay = 0.00> <CoreType = "Generic">   --->   Core 0 '' <Latency = 0> <II = 1> <Delay = 1.00> <Generic> <Opcode : >

State 8 <SV = 7> <Delay = 0.00>
ST_8 : Operation 17 [1/1] (0.00ns)   --->   "%specdataflowpipeline_ln0 = specdataflowpipeline void @_ssdm_op_SpecDataflowPipeline, i32 4294967295, i32 1, void @empty_6"   --->   Operation 17 'specdataflowpipeline' 'specdataflowpipeline_ln0' <Predicate = true> <Delay = 0.00>
ST_8 : Operation 18 [1/1] (0.00ns)   --->   "%spectopmodule_ln224 = spectopmodule void @_ssdm_op_SpecTopModule, void @empty_9" [/home/leon/Desktop/Project/ZUBOARD_1CG/hls_ip/conv2d_hls.cpp:224]   --->   Operation 18 'spectopmodule' 'spectopmodule_ln224' <Predicate = true> <Delay = 0.00>
ST_8 : Operation 19 [1/1] (0.00ns)   --->   "%specinterface_ln224 = specinterface void @_ssdm_op_SpecInterface, i32 0, void @empty_8, i32 0, i32 0, void @empty_6, i32 0, i32 0, void @empty_6, void @empty_6, void @empty_6, i32 0, i32 0, i32 0, i32 0, void @empty_6, void @empty_6, i32 4294967295, i32 0" [/home/leon/Desktop/Project/ZUBOARD_1CG/hls_ip/conv2d_hls.cpp:224]   --->   Operation 19 'specinterface' 'specinterface_ln224' <Predicate = true> <Delay = 0.00>
ST_8 : Operation 20 [1/1] (0.00ns)   --->   "%specinterface_ln0 = specinterface void @_ssdm_op_SpecInterface, i64 %data_in_V_data_V, i8 %data_in_V_keep_V, i8 %data_in_V_strb_V, i1 %data_in_V_last_V, void @empty_7, i32 1, i32 1, void @empty_10, i32 0, i32 0, void @empty_6, void @empty_6, void @empty_6, i32 0, i32 0, i32 0, i32 0, void @empty_6, void @empty_6, i32 4294967295, i32 0"   --->   Operation 20 'specinterface' 'specinterface_ln0' <Predicate = true> <Delay = 0.00>
ST_8 : Operation 21 [1/1] (0.00ns)   --->   "%specbitsmap_ln0 = specbitsmap void @_ssdm_op_SpecBitsMap, i64 %data_in_V_data_V"   --->   Operation 21 'specbitsmap' 'specbitsmap_ln0' <Predicate = true> <Delay = 0.00>
ST_8 : Operation 22 [1/1] (0.00ns)   --->   "%specbitsmap_ln0 = specbitsmap void @_ssdm_op_SpecBitsMap, i8 %data_in_V_keep_V"   --->   Operation 22 'specbitsmap' 'specbitsmap_ln0' <Predicate = true> <Delay = 0.00>
ST_8 : Operation 23 [1/1] (0.00ns)   --->   "%specbitsmap_ln0 = specbitsmap void @_ssdm_op_SpecBitsMap, i8 %data_in_V_strb_V"   --->   Operation 23 'specbitsmap' 'specbitsmap_ln0' <Predicate = true> <Delay = 0.00>
ST_8 : Operation 24 [1/1] (0.00ns)   --->   "%specbitsmap_ln0 = specbitsmap void @_ssdm_op_SpecBitsMap, i1 %data_in_V_last_V"   --->   Operation 24 'specbitsmap' 'specbitsmap_ln0' <Predicate = true> <Delay = 0.00>
ST_8 : Operation 25 [1/1] (0.00ns)   --->   "%specinterface_ln0 = specinterface void @_ssdm_op_SpecInterface, i64 %data_out_V_data_V, i8 %data_out_V_keep_V, i8 %data_out_V_strb_V, i1 %data_out_V_last_V, void @empty_7, i32 1, i32 1, void @empty_10, i32 0, i32 0, void @empty_6, void @empty_6, void @empty_6, i32 0, i32 0, i32 0, i32 0, void @empty_6, void @empty_6, i32 4294967295, i32 0"   --->   Operation 25 'specinterface' 'specinterface_ln0' <Predicate = true> <Delay = 0.00>
ST_8 : Operation 26 [1/1] (0.00ns)   --->   "%specbitsmap_ln0 = specbitsmap void @_ssdm_op_SpecBitsMap, i64 %data_out_V_data_V"   --->   Operation 26 'specbitsmap' 'specbitsmap_ln0' <Predicate = true> <Delay = 0.00>
ST_8 : Operation 27 [1/1] (0.00ns)   --->   "%specbitsmap_ln0 = specbitsmap void @_ssdm_op_SpecBitsMap, i8 %data_out_V_keep_V"   --->   Operation 27 'specbitsmap' 'specbitsmap_ln0' <Predicate = true> <Delay = 0.00>
ST_8 : Operation 28 [1/1] (0.00ns)   --->   "%specbitsmap_ln0 = specbitsmap void @_ssdm_op_SpecBitsMap, i8 %data_out_V_strb_V"   --->   Operation 28 'specbitsmap' 'specbitsmap_ln0' <Predicate = true> <Delay = 0.00>
ST_8 : Operation 29 [1/1] (0.00ns)   --->   "%specbitsmap_ln0 = specbitsmap void @_ssdm_op_SpecBitsMap, i1 %data_out_V_last_V"   --->   Operation 29 'specbitsmap' 'specbitsmap_ln0' <Predicate = true> <Delay = 0.00>
ST_8 : Operation 30 [1/1] (0.00ns)   --->   "%empty = specchannel i32 @_ssdm_op_SpecChannel, void @input_str, i32 1, void @p_str, void @p_str, i32 2, i32 2, i80 %input_r, i80 %input_r"   --->   Operation 30 'specchannel' 'empty' <Predicate = true> <Delay = 0.00>
ST_8 : Operation 31 [1/1] (0.00ns)   --->   "%specinterface_ln0 = specinterface void @_ssdm_op_SpecInterface, i80 %input_r, void @empty_5, i32 0, i32 0, void @empty_6, i32 0, i32 0, void @empty_6, void @empty_6, void @empty_6, i32 0, i32 0, i32 0, i32 0, void @empty_6, void @empty_6, i32 4294967295, i32 0"   --->   Operation 31 'specinterface' 'specinterface_ln0' <Predicate = true> <Delay = 0.00>
ST_8 : Operation 32 [1/1] (0.00ns)   --->   "%empty_52 = specchannel i32 @_ssdm_op_SpecChannel, void @output_str, i32 1, void @p_str, void @p_str, i32 2, i32 2, i80 %output_r, i80 %output_r"   --->   Operation 32 'specchannel' 'empty_52' <Predicate = true> <Delay = 0.00>
ST_8 : Operation 33 [1/1] (0.00ns)   --->   "%specinterface_ln0 = specinterface void @_ssdm_op_SpecInterface, i80 %output_r, void @empty_5, i32 0, i32 0, void @empty_6, i32 0, i32 0, void @empty_6, void @empty_6, void @empty_6, i32 0, i32 0, i32 0, i32 0, void @empty_6, void @empty_6, i32 4294967295, i32 0"   --->   Operation 33 'specinterface' 'specinterface_ln0' <Predicate = true> <Delay = 0.00>
ST_8 : Operation 34 [1/1] (0.00ns)   --->   "%specaxissidechannel_ln233 = specaxissidechannel void @_ssdm_op_SpecAXISSideChannel, i64 %data_in_V_data_V, i8 %data_in_V_keep_V, i8 %data_in_V_strb_V, i1 0, i1 %data_in_V_last_V, i1 0, i1 0, void @empty_4" [/home/leon/Desktop/Project/ZUBOARD_1CG/hls_ip/conv2d_hls.cpp:233]   --->   Operation 34 'specaxissidechannel' 'specaxissidechannel_ln233' <Predicate = true> <Delay = 0.00>
ST_8 : Operation 35 [1/1] (0.00ns)   --->   "%specaxissidechannel_ln233 = specaxissidechannel void @_ssdm_op_SpecAXISSideChannel, i64 %data_out_V_data_V, i8 %data_out_V_keep_V, i8 %data_out_V_strb_V, i1 0, i1 %data_out_V_last_V, i1 0, i1 0, void @empty_3" [/home/leon/Desktop/Project/ZUBOARD_1CG/hls_ip/conv2d_hls.cpp:233]   --->   Operation 35 'specaxissidechannel' 'specaxissidechannel_ln233' <Predicate = true> <Delay = 0.00>
ST_8 : Operation 36 [1/1] (0.00ns)   --->   "%ret_ln233 = ret" [/home/leon/Desktop/Project/ZUBOARD_1CG/hls_ip/conv2d_hls.cpp:233]   --->   Operation 36 'ret' 'ret_ln233' <Predicate = true> <Delay = 0.00>


============================================================
+ Verbose Summary: Binding
============================================================
STG Binding: 
---------------- STG Properties BEGIN ----------------
- Is combinational: 0
- Is one-state seq: 0
- Is datapath-only: 0
- Is pipelined: 0
- Is top level: 1
Port [ Return ] is wired: 1; IO mode=ap_ctrl_none:ce=0
Port [ data_in_V_data_V]:  wired=1; compound=1; hidden=0; nouse=0; global=0; static=0; extern=0; dir=0; type=0; pingpong=0; private_global=0; IO mode=axis:ce=0
Port [ data_in_V_keep_V]:  wired=1; compound=1; hidden=0; nouse=0; global=0; static=0; extern=0; dir=0; type=0; pingpong=0; private_global=0; IO mode=axis:ce=0
Port [ data_in_V_strb_V]:  wired=1; compound=1; hidden=0; nouse=0; global=0; static=0; extern=0; dir=0; type=0; pingpong=0; private_global=0; IO mode=axis:ce=0
Port [ data_in_V_last_V]:  wired=1; compound=1; hidden=0; nouse=0; global=0; static=0; extern=0; dir=0; type=0; pingpong=0; private_global=0; IO mode=axis:ce=0
Port [ data_out_V_data_V]:  wired=1; compound=1; hidden=0; nouse=0; global=0; static=0; extern=0; dir=1; type=0; pingpong=0; private_global=0; IO mode=axis:ce=0
Port [ data_out_V_keep_V]:  wired=1; compound=1; hidden=0; nouse=0; global=0; static=0; extern=0; dir=1; type=0; pingpong=0; private_global=0; IO mode=axis:ce=0
Port [ data_out_V_strb_V]:  wired=1; compound=1; hidden=0; nouse=0; global=0; static=0; extern=0; dir=1; type=0; pingpong=0; private_global=0; IO mode=axis:ce=0
Port [ data_out_V_last_V]:  wired=1; compound=1; hidden=0; nouse=0; global=0; static=0; extern=0; dir=1; type=0; pingpong=0; private_global=0; IO mode=axis:ce=0
Port [ window_adjust_0_0_0]:  wired=0; compound=0; hidden=1; nouse=1; global=1; static=1; extern=0; dir=2; type=0; pingpong=0; private_global=0; IO mode=ap_ovld:ce=0
Port [ window_adjust_0_2_0]:  wired=0; compound=0; hidden=1; nouse=1; global=1; static=1; extern=0; dir=2; type=0; pingpong=0; private_global=0; IO mode=ap_ovld:ce=0
Port [ window_adjust_1_0_0]:  wired=0; compound=0; hidden=1; nouse=1; global=1; static=1; extern=0; dir=2; type=0; pingpong=0; private_global=0; IO mode=ap_ovld:ce=0
Port [ window_adjust_1_2_0]:  wired=0; compound=0; hidden=1; nouse=1; global=1; static=1; extern=0; dir=2; type=0; pingpong=0; private_global=0; IO mode=ap_ovld:ce=0
Port [ window_adjust_2_0_0]:  wired=0; compound=0; hidden=1; nouse=1; global=1; static=1; extern=0; dir=2; type=0; pingpong=0; private_global=0; IO mode=ap_ovld:ce=0
Port [ window_adjust_2_2_0]:  wired=0; compound=0; hidden=1; nouse=1; global=1; static=1; extern=0; dir=2; type=0; pingpong=0; private_global=0; IO mode=ap_ovld:ce=0
Port [ window_adjust_0_0_1]:  wired=0; compound=0; hidden=1; nouse=1; global=1; static=1; extern=0; dir=2; type=0; pingpong=0; private_global=0; IO mode=ap_ovld:ce=0
Port [ window_adjust_0_2_1]:  wired=0; compound=0; hidden=1; nouse=1; global=1; static=1; extern=0; dir=2; type=0; pingpong=0; private_global=0; IO mode=ap_ovld:ce=0
Port [ window_adjust_1_0_1]:  wired=0; compound=0; hidden=1; nouse=1; global=1; static=1; extern=0; dir=2; type=0; pingpong=0; private_global=0; IO mode=ap_ovld:ce=0
Port [ window_adjust_1_2_1]:  wired=0; compound=0; hidden=1; nouse=1; global=1; static=1; extern=0; dir=2; type=0; pingpong=0; private_global=0; IO mode=ap_ovld:ce=0
Port [ window_adjust_2_0_1]:  wired=0; compound=0; hidden=1; nouse=1; global=1; static=1; extern=0; dir=2; type=0; pingpong=0; private_global=0; IO mode=ap_ovld:ce=0
Port [ window_adjust_2_2_1]:  wired=0; compound=0; hidden=1; nouse=1; global=1; static=1; extern=0; dir=2; type=0; pingpong=0; private_global=0; IO mode=ap_ovld:ce=0
Port [ window_adjust_0_0_2]:  wired=0; compound=0; hidden=1; nouse=1; global=1; static=1; extern=0; dir=2; type=0; pingpong=0; private_global=0; IO mode=ap_ovld:ce=0
Port [ window_adjust_0_2_2]:  wired=0; compound=0; hidden=1; nouse=1; global=1; static=1; extern=0; dir=2; type=0; pingpong=0; private_global=0; IO mode=ap_ovld:ce=0
Port [ window_adjust_1_0_2]:  wired=0; compound=0; hidden=1; nouse=1; global=1; static=1; extern=0; dir=2; type=0; pingpong=0; private_global=0; IO mode=ap_ovld:ce=0
Port [ window_adjust_1_2_2]:  wired=0; compound=0; hidden=1; nouse=1; global=1; static=1; extern=0; dir=2; type=0; pingpong=0; private_global=0; IO mode=ap_ovld:ce=0
Port [ window_adjust_2_0_2]:  wired=0; compound=0; hidden=1; nouse=1; global=1; static=1; extern=0; dir=2; type=0; pingpong=0; private_global=0; IO mode=ap_ovld:ce=0
Port [ window_adjust_2_2_2]:  wired=0; compound=0; hidden=1; nouse=1; global=1; static=1; extern=0; dir=2; type=0; pingpong=0; private_global=0; IO mode=ap_ovld:ce=0
Port [ window_adjust_0_0_3]:  wired=0; compound=0; hidden=1; nouse=1; global=1; static=1; extern=0; dir=2; type=0; pingpong=0; private_global=0; IO mode=ap_ovld:ce=0
Port [ window_adjust_0_2_3]:  wired=0; compound=0; hidden=1; nouse=1; global=1; static=1; extern=0; dir=2; type=0; pingpong=0; private_global=0; IO mode=ap_ovld:ce=0
Port [ window_adjust_1_0_3]:  wired=0; compound=0; hidden=1; nouse=1; global=1; static=1; extern=0; dir=2; type=0; pingpong=0; private_global=0; IO mode=ap_ovld:ce=0
Port [ window_adjust_1_2_3]:  wired=0; compound=0; hidden=1; nouse=1; global=1; static=1; extern=0; dir=2; type=0; pingpong=0; private_global=0; IO mode=ap_ovld:ce=0
Port [ window_adjust_2_0_3]:  wired=0; compound=0; hidden=1; nouse=1; global=1; static=1; extern=0; dir=2; type=0; pingpong=0; private_global=0; IO mode=ap_ovld:ce=0
Port [ window_adjust_2_2_3]:  wired=0; compound=0; hidden=1; nouse=1; global=1; static=1; extern=0; dir=2; type=0; pingpong=0; private_global=0; IO mode=ap_ovld:ce=0
Port [ window_adjust_0_0_4]:  wired=0; compound=0; hidden=1; nouse=1; global=1; static=1; extern=0; dir=2; type=0; pingpong=0; private_global=0; IO mode=ap_ovld:ce=0
Port [ window_adjust_0_2_4]:  wired=0; compound=0; hidden=1; nouse=1; global=1; static=1; extern=0; dir=2; type=0; pingpong=0; private_global=0; IO mode=ap_ovld:ce=0
Port [ window_adjust_1_0_4]:  wired=0; compound=0; hidden=1; nouse=1; global=1; static=1; extern=0; dir=2; type=0; pingpong=0; private_global=0; IO mode=ap_ovld:ce=0
Port [ window_adjust_1_2_4]:  wired=0; compound=0; hidden=1; nouse=1; global=1; static=1; extern=0; dir=2; type=0; pingpong=0; private_global=0; IO mode=ap_ovld:ce=0
Port [ window_adjust_2_0_4]:  wired=0; compound=0; hidden=1; nouse=1; global=1; static=1; extern=0; dir=2; type=0; pingpong=0; private_global=0; IO mode=ap_ovld:ce=0
Port [ window_adjust_2_2_4]:  wired=0; compound=0; hidden=1; nouse=1; global=1; static=1; extern=0; dir=2; type=0; pingpong=0; private_global=0; IO mode=ap_ovld:ce=0
Port [ window_adjust_0_0_5]:  wired=0; compound=0; hidden=1; nouse=1; global=1; static=1; extern=0; dir=2; type=0; pingpong=0; private_global=0; IO mode=ap_ovld:ce=0
Port [ window_adjust_0_2_5]:  wired=0; compound=0; hidden=1; nouse=1; global=1; static=1; extern=0; dir=2; type=0; pingpong=0; private_global=0; IO mode=ap_ovld:ce=0
Port [ window_adjust_1_0_5]:  wired=0; compound=0; hidden=1; nouse=1; global=1; static=1; extern=0; dir=2; type=0; pingpong=0; private_global=0; IO mode=ap_ovld:ce=0
Port [ window_adjust_1_2_5]:  wired=0; compound=0; hidden=1; nouse=1; global=1; static=1; extern=0; dir=2; type=0; pingpong=0; private_global=0; IO mode=ap_ovld:ce=0
Port [ window_adjust_2_0_5]:  wired=0; compound=0; hidden=1; nouse=1; global=1; static=1; extern=0; dir=2; type=0; pingpong=0; private_global=0; IO mode=ap_ovld:ce=0
Port [ window_adjust_2_2_5]:  wired=0; compound=0; hidden=1; nouse=1; global=1; static=1; extern=0; dir=2; type=0; pingpong=0; private_global=0; IO mode=ap_ovld:ce=0
Port [ window_adjust_0_0_6]:  wired=0; compound=0; hidden=1; nouse=1; global=1; static=1; extern=0; dir=2; type=0; pingpong=0; private_global=0; IO mode=ap_ovld:ce=0
Port [ window_adjust_0_2_6]:  wired=0; compound=0; hidden=1; nouse=1; global=1; static=1; extern=0; dir=2; type=0; pingpong=0; private_global=0; IO mode=ap_ovld:ce=0
Port [ window_adjust_1_0_6]:  wired=0; compound=0; hidden=1; nouse=1; global=1; static=1; extern=0; dir=2; type=0; pingpong=0; private_global=0; IO mode=ap_ovld:ce=0
Port [ window_adjust_1_2_6]:  wired=0; compound=0; hidden=1; nouse=1; global=1; static=1; extern=0; dir=2; type=0; pingpong=0; private_global=0; IO mode=ap_ovld:ce=0
Port [ window_adjust_2_0_6]:  wired=0; compound=0; hidden=1; nouse=1; global=1; static=1; extern=0; dir=2; type=0; pingpong=0; private_global=0; IO mode=ap_ovld:ce=0
Port [ window_adjust_2_2_6]:  wired=0; compound=0; hidden=1; nouse=1; global=1; static=1; extern=0; dir=2; type=0; pingpong=0; private_global=0; IO mode=ap_ovld:ce=0
Port [ window_adjust_0_0_7]:  wired=0; compound=0; hidden=1; nouse=1; global=1; static=1; extern=0; dir=2; type=0; pingpong=0; private_global=0; IO mode=ap_ovld:ce=0
Port [ window_adjust_0_2_7]:  wired=0; compound=0; hidden=1; nouse=1; global=1; static=1; extern=0; dir=2; type=0; pingpong=0; private_global=0; IO mode=ap_ovld:ce=0
Port [ window_adjust_1_0_7]:  wired=0; compound=0; hidden=1; nouse=1; global=1; static=1; extern=0; dir=2; type=0; pingpong=0; private_global=0; IO mode=ap_ovld:ce=0
Port [ window_adjust_1_2_7]:  wired=0; compound=0; hidden=1; nouse=1; global=1; static=1; extern=0; dir=2; type=0; pingpong=0; private_global=0; IO mode=ap_ovld:ce=0
Port [ window_adjust_2_0_7]:  wired=0; compound=0; hidden=1; nouse=1; global=1; static=1; extern=0; dir=2; type=0; pingpong=0; private_global=0; IO mode=ap_ovld:ce=0
Port [ window_adjust_2_2_7]:  wired=0; compound=0; hidden=1; nouse=1; global=1; static=1; extern=0; dir=2; type=0; pingpong=0; private_global=0; IO mode=ap_ovld:ce=0
Port [ linebuf_0_0]:  wired=0; compound=1; hidden=1; nouse=1; global=1; static=1; extern=0; dir=2; type=1; pingpong=0; private_global=0; MemPort=[21]; IO mode=ap_memory:ce=0
Port [ linebuf_1_0]:  wired=0; compound=1; hidden=1; nouse=1; global=1; static=1; extern=0; dir=2; type=1; pingpong=0; private_global=0; MemPort=[21]; IO mode=ap_memory:ce=0
Port [ linebuf_2_0]:  wired=0; compound=1; hidden=1; nouse=1; global=1; static=1; extern=0; dir=2; type=1; pingpong=0; private_global=0; MemPort=[21]; IO mode=ap_memory:ce=0
Port [ linebuf_1_1]:  wired=0; compound=1; hidden=1; nouse=1; global=1; static=1; extern=0; dir=2; type=1; pingpong=0; private_global=0; MemPort=[21]; IO mode=ap_memory:ce=0
Port [ linebuf_2_1]:  wired=0; compound=1; hidden=1; nouse=1; global=1; static=1; extern=0; dir=2; type=1; pingpong=0; private_global=0; MemPort=[21]; IO mode=ap_memory:ce=0
Port [ linebuf_0_1]:  wired=0; compound=1; hidden=1; nouse=1; global=1; static=1; extern=0; dir=2; type=1; pingpong=0; private_global=0; MemPort=[21]; IO mode=ap_memory:ce=0
---------------- STG Properties END ------------------

---------------- Datapath Model BEGIN ----------------

<LifeTime>
<method=bitvector/>
input_r                   (alloca              ) [ 001111111]
output_r                  (alloca              ) [ 001111111]
call_ln91                 (call                ) [ 000000000]
call_ln91                 (call                ) [ 000000000]
call_ln91                 (call                ) [ 000000000]
specdataflowpipeline_ln0  (specdataflowpipeline) [ 000000000]
spectopmodule_ln224       (spectopmodule       ) [ 000000000]
specinterface_ln224       (specinterface       ) [ 000000000]
specinterface_ln0         (specinterface       ) [ 000000000]
specbitsmap_ln0           (specbitsmap         ) [ 000000000]
specbitsmap_ln0           (specbitsmap         ) [ 000000000]
specbitsmap_ln0           (specbitsmap         ) [ 000000000]
specbitsmap_ln0           (specbitsmap         ) [ 000000000]
specinterface_ln0         (specinterface       ) [ 000000000]
specbitsmap_ln0           (specbitsmap         ) [ 000000000]
specbitsmap_ln0           (specbitsmap         ) [ 000000000]
specbitsmap_ln0           (specbitsmap         ) [ 000000000]
specbitsmap_ln0           (specbitsmap         ) [ 000000000]
empty                     (specchannel         ) [ 000000000]
specinterface_ln0         (specinterface       ) [ 000000000]
empty_52                  (specchannel         ) [ 000000000]
specinterface_ln0         (specinterface       ) [ 000000000]
specaxissidechannel_ln233 (specaxissidechannel ) [ 000000000]
specaxissidechannel_ln233 (specaxissidechannel ) [ 000000000]
ret_ln233                 (ret                 ) [ 000000000]
</LifeTime>

<model>

<comp_list>
<comp id="0" class="1000" name="data_in_V_data_V">
<pin_list>
<pin id="1" dir="1" index="0" bw="1" slack="0"/>
</pin_list>
<bind>
<StgValue><ssdm name="data_in_V_data_V"/></StgValue>
</bind>
</comp>

<comp id="2" class="1000" name="data_in_V_keep_V">
<pin_list>
<pin id="3" dir="1" index="0" bw="1" slack="0"/>
</pin_list>
<bind>
<StgValue><ssdm name="data_in_V_keep_V"/></StgValue>
</bind>
</comp>

<comp id="4" class="1000" name="data_in_V_strb_V">
<pin_list>
<pin id="5" dir="1" index="0" bw="1" slack="0"/>
</pin_list>
<bind>
<StgValue><ssdm name="data_in_V_strb_V"/></StgValue>
</bind>
</comp>

<comp id="6" class="1000" name="data_in_V_last_V">
<pin_list>
<pin id="7" dir="1" index="0" bw="1" slack="0"/>
</pin_list>
<bind>
<StgValue><ssdm name="data_in_V_last_V"/></StgValue>
</bind>
</comp>

<comp id="8" class="1000" name="data_out_V_data_V">
<pin_list>
<pin id="9" dir="1" index="0" bw="1" slack="0"/>
</pin_list>
<bind>
<StgValue><ssdm name="data_out_V_data_V"/></StgValue>
</bind>
</comp>

<comp id="10" class="1000" name="data_out_V_keep_V">
<pin_list>
<pin id="11" dir="1" index="0" bw="1" slack="0"/>
</pin_list>
<bind>
<StgValue><ssdm name="data_out_V_keep_V"/></StgValue>
</bind>
</comp>

<comp id="12" class="1000" name="data_out_V_strb_V">
<pin_list>
<pin id="13" dir="1" index="0" bw="1" slack="0"/>
</pin_list>
<bind>
<StgValue><ssdm name="data_out_V_strb_V"/></StgValue>
</bind>
</comp>

<comp id="14" class="1000" name="data_out_V_last_V">
<pin_list>
<pin id="15" dir="1" index="0" bw="1" slack="0"/>
</pin_list>
<bind>
<StgValue><ssdm name="data_out_V_last_V"/></StgValue>
</bind>
</comp>

<comp id="16" class="1000" name="window_adjust_0_0_0">
<pin_list>
<pin id="17" dir="1" index="0" bw="1" slack="0"/>
</pin_list>
<bind>
<StgValue><ssdm name="window_adjust_0_0_0"/></StgValue>
</bind>
</comp>

<comp id="18" class="1000" name="window_adjust_0_2_0">
<pin_list>
<pin id="19" dir="1" index="0" bw="1" slack="0"/>
</pin_list>
<bind>
<StgValue><ssdm name="window_adjust_0_2_0"/></StgValue>
</bind>
</comp>

<comp id="20" class="1000" name="window_adjust_1_0_0">
<pin_list>
<pin id="21" dir="1" index="0" bw="1" slack="0"/>
</pin_list>
<bind>
<StgValue><ssdm name="window_adjust_1_0_0"/></StgValue>
</bind>
</comp>

<comp id="22" class="1000" name="window_adjust_1_2_0">
<pin_list>
<pin id="23" dir="1" index="0" bw="1" slack="0"/>
</pin_list>
<bind>
<StgValue><ssdm name="window_adjust_1_2_0"/></StgValue>
</bind>
</comp>

<comp id="24" class="1000" name="window_adjust_2_0_0">
<pin_list>
<pin id="25" dir="1" index="0" bw="1" slack="0"/>
</pin_list>
<bind>
<StgValue><ssdm name="window_adjust_2_0_0"/></StgValue>
</bind>
</comp>

<comp id="26" class="1000" name="window_adjust_2_2_0">
<pin_list>
<pin id="27" dir="1" index="0" bw="1" slack="0"/>
</pin_list>
<bind>
<StgValue><ssdm name="window_adjust_2_2_0"/></StgValue>
</bind>
</comp>

<comp id="28" class="1000" name="window_adjust_0_0_1">
<pin_list>
<pin id="29" dir="1" index="0" bw="1" slack="0"/>
</pin_list>
<bind>
<StgValue><ssdm name="window_adjust_0_0_1"/></StgValue>
</bind>
</comp>

<comp id="30" class="1000" name="window_adjust_0_2_1">
<pin_list>
<pin id="31" dir="1" index="0" bw="1" slack="0"/>
</pin_list>
<bind>
<StgValue><ssdm name="window_adjust_0_2_1"/></StgValue>
</bind>
</comp>

<comp id="32" class="1000" name="window_adjust_1_0_1">
<pin_list>
<pin id="33" dir="1" index="0" bw="1" slack="0"/>
</pin_list>
<bind>
<StgValue><ssdm name="window_adjust_1_0_1"/></StgValue>
</bind>
</comp>

<comp id="34" class="1000" name="window_adjust_1_2_1">
<pin_list>
<pin id="35" dir="1" index="0" bw="1" slack="0"/>
</pin_list>
<bind>
<StgValue><ssdm name="window_adjust_1_2_1"/></StgValue>
</bind>
</comp>

<comp id="36" class="1000" name="window_adjust_2_0_1">
<pin_list>
<pin id="37" dir="1" index="0" bw="1" slack="0"/>
</pin_list>
<bind>
<StgValue><ssdm name="window_adjust_2_0_1"/></StgValue>
</bind>
</comp>

<comp id="38" class="1000" name="window_adjust_2_2_1">
<pin_list>
<pin id="39" dir="1" index="0" bw="1" slack="0"/>
</pin_list>
<bind>
<StgValue><ssdm name="window_adjust_2_2_1"/></StgValue>
</bind>
</comp>

<comp id="40" class="1000" name="window_adjust_0_0_2">
<pin_list>
<pin id="41" dir="1" index="0" bw="1" slack="0"/>
</pin_list>
<bind>
<StgValue><ssdm name="window_adjust_0_0_2"/></StgValue>
</bind>
</comp>

<comp id="42" class="1000" name="window_adjust_0_2_2">
<pin_list>
<pin id="43" dir="1" index="0" bw="1" slack="0"/>
</pin_list>
<bind>
<StgValue><ssdm name="window_adjust_0_2_2"/></StgValue>
</bind>
</comp>

<comp id="44" class="1000" name="window_adjust_1_0_2">
<pin_list>
<pin id="45" dir="1" index="0" bw="1" slack="0"/>
</pin_list>
<bind>
<StgValue><ssdm name="window_adjust_1_0_2"/></StgValue>
</bind>
</comp>

<comp id="46" class="1000" name="window_adjust_1_2_2">
<pin_list>
<pin id="47" dir="1" index="0" bw="1" slack="0"/>
</pin_list>
<bind>
<StgValue><ssdm name="window_adjust_1_2_2"/></StgValue>
</bind>
</comp>

<comp id="48" class="1000" name="window_adjust_2_0_2">
<pin_list>
<pin id="49" dir="1" index="0" bw="1" slack="0"/>
</pin_list>
<bind>
<StgValue><ssdm name="window_adjust_2_0_2"/></StgValue>
</bind>
</comp>

<comp id="50" class="1000" name="window_adjust_2_2_2">
<pin_list>
<pin id="51" dir="1" index="0" bw="1" slack="0"/>
</pin_list>
<bind>
<StgValue><ssdm name="window_adjust_2_2_2"/></StgValue>
</bind>
</comp>

<comp id="52" class="1000" name="window_adjust_0_0_3">
<pin_list>
<pin id="53" dir="1" index="0" bw="1" slack="0"/>
</pin_list>
<bind>
<StgValue><ssdm name="window_adjust_0_0_3"/></StgValue>
</bind>
</comp>

<comp id="54" class="1000" name="window_adjust_0_2_3">
<pin_list>
<pin id="55" dir="1" index="0" bw="1" slack="0"/>
</pin_list>
<bind>
<StgValue><ssdm name="window_adjust_0_2_3"/></StgValue>
</bind>
</comp>

<comp id="56" class="1000" name="window_adjust_1_0_3">
<pin_list>
<pin id="57" dir="1" index="0" bw="1" slack="0"/>
</pin_list>
<bind>
<StgValue><ssdm name="window_adjust_1_0_3"/></StgValue>
</bind>
</comp>

<comp id="58" class="1000" name="window_adjust_1_2_3">
<pin_list>
<pin id="59" dir="1" index="0" bw="1" slack="0"/>
</pin_list>
<bind>
<StgValue><ssdm name="window_adjust_1_2_3"/></StgValue>
</bind>
</comp>

<comp id="60" class="1000" name="window_adjust_2_0_3">
<pin_list>
<pin id="61" dir="1" index="0" bw="1" slack="0"/>
</pin_list>
<bind>
<StgValue><ssdm name="window_adjust_2_0_3"/></StgValue>
</bind>
</comp>

<comp id="62" class="1000" name="window_adjust_2_2_3">
<pin_list>
<pin id="63" dir="1" index="0" bw="1" slack="0"/>
</pin_list>
<bind>
<StgValue><ssdm name="window_adjust_2_2_3"/></StgValue>
</bind>
</comp>

<comp id="64" class="1000" name="window_adjust_0_0_4">
<pin_list>
<pin id="65" dir="1" index="0" bw="1" slack="0"/>
</pin_list>
<bind>
<StgValue><ssdm name="window_adjust_0_0_4"/></StgValue>
</bind>
</comp>

<comp id="66" class="1000" name="window_adjust_0_2_4">
<pin_list>
<pin id="67" dir="1" index="0" bw="1" slack="0"/>
</pin_list>
<bind>
<StgValue><ssdm name="window_adjust_0_2_4"/></StgValue>
</bind>
</comp>

<comp id="68" class="1000" name="window_adjust_1_0_4">
<pin_list>
<pin id="69" dir="1" index="0" bw="1" slack="0"/>
</pin_list>
<bind>
<StgValue><ssdm name="window_adjust_1_0_4"/></StgValue>
</bind>
</comp>

<comp id="70" class="1000" name="window_adjust_1_2_4">
<pin_list>
<pin id="71" dir="1" index="0" bw="1" slack="0"/>
</pin_list>
<bind>
<StgValue><ssdm name="window_adjust_1_2_4"/></StgValue>
</bind>
</comp>

<comp id="72" class="1000" name="window_adjust_2_0_4">
<pin_list>
<pin id="73" dir="1" index="0" bw="1" slack="0"/>
</pin_list>
<bind>
<StgValue><ssdm name="window_adjust_2_0_4"/></StgValue>
</bind>
</comp>

<comp id="74" class="1000" name="window_adjust_2_2_4">
<pin_list>
<pin id="75" dir="1" index="0" bw="1" slack="0"/>
</pin_list>
<bind>
<StgValue><ssdm name="window_adjust_2_2_4"/></StgValue>
</bind>
</comp>

<comp id="76" class="1000" name="window_adjust_0_0_5">
<pin_list>
<pin id="77" dir="1" index="0" bw="1" slack="0"/>
</pin_list>
<bind>
<StgValue><ssdm name="window_adjust_0_0_5"/></StgValue>
</bind>
</comp>

<comp id="78" class="1000" name="window_adjust_0_2_5">
<pin_list>
<pin id="79" dir="1" index="0" bw="1" slack="0"/>
</pin_list>
<bind>
<StgValue><ssdm name="window_adjust_0_2_5"/></StgValue>
</bind>
</comp>

<comp id="80" class="1000" name="window_adjust_1_0_5">
<pin_list>
<pin id="81" dir="1" index="0" bw="1" slack="0"/>
</pin_list>
<bind>
<StgValue><ssdm name="window_adjust_1_0_5"/></StgValue>
</bind>
</comp>

<comp id="82" class="1000" name="window_adjust_1_2_5">
<pin_list>
<pin id="83" dir="1" index="0" bw="1" slack="0"/>
</pin_list>
<bind>
<StgValue><ssdm name="window_adjust_1_2_5"/></StgValue>
</bind>
</comp>

<comp id="84" class="1000" name="window_adjust_2_0_5">
<pin_list>
<pin id="85" dir="1" index="0" bw="1" slack="0"/>
</pin_list>
<bind>
<StgValue><ssdm name="window_adjust_2_0_5"/></StgValue>
</bind>
</comp>

<comp id="86" class="1000" name="window_adjust_2_2_5">
<pin_list>
<pin id="87" dir="1" index="0" bw="1" slack="0"/>
</pin_list>
<bind>
<StgValue><ssdm name="window_adjust_2_2_5"/></StgValue>
</bind>
</comp>

<comp id="88" class="1000" name="window_adjust_0_0_6">
<pin_list>
<pin id="89" dir="1" index="0" bw="1" slack="0"/>
</pin_list>
<bind>
<StgValue><ssdm name="window_adjust_0_0_6"/></StgValue>
</bind>
</comp>

<comp id="90" class="1000" name="window_adjust_0_2_6">
<pin_list>
<pin id="91" dir="1" index="0" bw="1" slack="0"/>
</pin_list>
<bind>
<StgValue><ssdm name="window_adjust_0_2_6"/></StgValue>
</bind>
</comp>

<comp id="92" class="1000" name="window_adjust_1_0_6">
<pin_list>
<pin id="93" dir="1" index="0" bw="1" slack="0"/>
</pin_list>
<bind>
<StgValue><ssdm name="window_adjust_1_0_6"/></StgValue>
</bind>
</comp>

<comp id="94" class="1000" name="window_adjust_1_2_6">
<pin_list>
<pin id="95" dir="1" index="0" bw="1" slack="0"/>
</pin_list>
<bind>
<StgValue><ssdm name="window_adjust_1_2_6"/></StgValue>
</bind>
</comp>

<comp id="96" class="1000" name="window_adjust_2_0_6">
<pin_list>
<pin id="97" dir="1" index="0" bw="1" slack="0"/>
</pin_list>
<bind>
<StgValue><ssdm name="window_adjust_2_0_6"/></StgValue>
</bind>
</comp>

<comp id="98" class="1000" name="window_adjust_2_2_6">
<pin_list>
<pin id="99" dir="1" index="0" bw="1" slack="0"/>
</pin_list>
<bind>
<StgValue><ssdm name="window_adjust_2_2_6"/></StgValue>
</bind>
</comp>

<comp id="100" class="1000" name="window_adjust_0_0_7">
<pin_list>
<pin id="101" dir="1" index="0" bw="1" slack="0"/>
</pin_list>
<bind>
<StgValue><ssdm name="window_adjust_0_0_7"/></StgValue>
</bind>
</comp>

<comp id="102" class="1000" name="window_adjust_0_2_7">
<pin_list>
<pin id="103" dir="1" index="0" bw="1" slack="0"/>
</pin_list>
<bind>
<StgValue><ssdm name="window_adjust_0_2_7"/></StgValue>
</bind>
</comp>

<comp id="104" class="1000" name="window_adjust_1_0_7">
<pin_list>
<pin id="105" dir="1" index="0" bw="1" slack="0"/>
</pin_list>
<bind>
<StgValue><ssdm name="window_adjust_1_0_7"/></StgValue>
</bind>
</comp>

<comp id="106" class="1000" name="window_adjust_1_2_7">
<pin_list>
<pin id="107" dir="1" index="0" bw="1" slack="0"/>
</pin_list>
<bind>
<StgValue><ssdm name="window_adjust_1_2_7"/></StgValue>
</bind>
</comp>

<comp id="108" class="1000" name="window_adjust_2_0_7">
<pin_list>
<pin id="109" dir="1" index="0" bw="1" slack="0"/>
</pin_list>
<bind>
<StgValue><ssdm name="window_adjust_2_0_7"/></StgValue>
</bind>
</comp>

<comp id="110" class="1000" name="window_adjust_2_2_7">
<pin_list>
<pin id="111" dir="1" index="0" bw="1" slack="0"/>
</pin_list>
<bind>
<StgValue><ssdm name="window_adjust_2_2_7"/></StgValue>
</bind>
</comp>

<comp id="112" class="1000" name="linebuf_0_0">
<pin_list>
<pin id="113" dir="1" index="0" bw="1" slack="0"/>
</pin_list>
<bind>
<StgValue><ssdm name="linebuf_0_0"/><MemPortTyVec>2 1 </MemPortTyVec>
</StgValue>
</bind>
</comp>

<comp id="114" class="1000" name="linebuf_1_0">
<pin_list>
<pin id="115" dir="1" index="0" bw="1" slack="0"/>
</pin_list>
<bind>
<StgValue><ssdm name="linebuf_1_0"/><MemPortTyVec>2 1 </MemPortTyVec>
</StgValue>
</bind>
</comp>

<comp id="116" class="1000" name="linebuf_2_0">
<pin_list>
<pin id="117" dir="1" index="0" bw="1" slack="0"/>
</pin_list>
<bind>
<StgValue><ssdm name="linebuf_2_0"/><MemPortTyVec>2 1 </MemPortTyVec>
</StgValue>
</bind>
</comp>

<comp id="118" class="1000" name="linebuf_1_1">
<pin_list>
<pin id="119" dir="1" index="0" bw="1" slack="0"/>
</pin_list>
<bind>
<StgValue><ssdm name="linebuf_1_1"/><MemPortTyVec>2 1 </MemPortTyVec>
</StgValue>
</bind>
</comp>

<comp id="120" class="1000" name="linebuf_2_1">
<pin_list>
<pin id="121" dir="1" index="0" bw="1" slack="0"/>
</pin_list>
<bind>
<StgValue><ssdm name="linebuf_2_1"/><MemPortTyVec>2 1 </MemPortTyVec>
</StgValue>
</bind>
</comp>

<comp id="122" class="1000" name="linebuf_0_1">
<pin_list>
<pin id="123" dir="1" index="0" bw="1" slack="0"/>
</pin_list>
<bind>
<StgValue><ssdm name="linebuf_0_1"/><MemPortTyVec>2 1 </MemPortTyVec>
</StgValue>
</bind>
</comp>

<comp id="124" class="1001" name="const_124">
<pin_list>
<pin id="125" dir="1" index="0" bw="1" slack="0"/>
</pin_list>
<bind>
<StgValue><ssdm name=""/></StgValue>
</bind>
</comp>

<comp id="126" class="1001" name="const_126">
<pin_list>
<pin id="127" dir="1" index="0" bw="1" slack="0"/>
</pin_list>
<bind>
<StgValue><ssdm name="data_unpacket"/></StgValue>
</bind>
</comp>

<comp id="128" class="1001" name="const_128">
<pin_list>
<pin id="129" dir="1" index="0" bw="1" slack="0"/>
</pin_list>
<bind>
<StgValue><ssdm name="image_filter"/></StgValue>
</bind>
</comp>

<comp id="130" class="1001" name="const_130">
<pin_list>
<pin id="131" dir="1" index="0" bw="1" slack="0"/>
</pin_list>
<bind>
<StgValue><ssdm name="data_packet"/></StgValue>
</bind>
</comp>

<comp id="132" class="1001" name="const_132">
<pin_list>
<pin id="133" dir="1" index="0" bw="1" slack="2147483647"/>
</pin_list>
<bind>
<StgValue><ssdm name="_ssdm_op_SpecDataflowPipeline"/></StgValue>
</bind>
</comp>

<comp id="134" class="1001" name="const_134">
<pin_list>
<pin id="135" dir="1" index="0" bw="1" slack="2147483647"/>
</pin_list>
<bind>
<StgValue><ssdm name=""/></StgValue>
</bind>
</comp>

<comp id="136" class="1001" name="const_136">
<pin_list>
<pin id="137" dir="1" index="0" bw="1" slack="2147483647"/>
</pin_list>
<bind>
<StgValue><ssdm name=""/></StgValue>
</bind>
</comp>

<comp id="138" class="1001" name="const_138">
<pin_list>
<pin id="139" dir="1" index="0" bw="1" slack="2147483647"/>
</pin_list>
<bind>
<StgValue><ssdm name="empty_6"/></StgValue>
</bind>
</comp>

<comp id="140" class="1001" name="const_140">
<pin_list>
<pin id="141" dir="1" index="0" bw="1" slack="2147483647"/>
</pin_list>
<bind>
<StgValue><ssdm name="_ssdm_op_SpecTopModule"/></StgValue>
</bind>
</comp>

<comp id="142" class="1001" name="const_142">
<pin_list>
<pin id="143" dir="1" index="0" bw="1" slack="2147483647"/>
</pin_list>
<bind>
<StgValue><ssdm name="empty_9"/></StgValue>
</bind>
</comp>

<comp id="144" class="1001" name="const_144">
<pin_list>
<pin id="145" dir="1" index="0" bw="1" slack="2147483647"/>
</pin_list>
<bind>
<StgValue><ssdm name="_ssdm_op_SpecInterface"/></StgValue>
</bind>
</comp>

<comp id="146" class="1001" name="const_146">
<pin_list>
<pin id="147" dir="1" index="0" bw="1" slack="2147483647"/>
</pin_list>
<bind>
<StgValue><ssdm name=""/></StgValue>
</bind>
</comp>

<comp id="148" class="1001" name="const_148">
<pin_list>
<pin id="149" dir="1" index="0" bw="1" slack="2147483647"/>
</pin_list>
<bind>
<StgValue><ssdm name="empty_8"/></StgValue>
</bind>
</comp>

<comp id="150" class="1001" name="const_150">
<pin_list>
<pin id="151" dir="1" index="0" bw="1" slack="2147483647"/>
</pin_list>
<bind>
<StgValue><ssdm name="empty_7"/></StgValue>
</bind>
</comp>

<comp id="152" class="1001" name="const_152">
<pin_list>
<pin id="153" dir="1" index="0" bw="1" slack="2147483647"/>
</pin_list>
<bind>
<StgValue><ssdm name="empty_10"/></StgValue>
</bind>
</comp>

<comp id="154" class="1001" name="const_154">
<pin_list>
<pin id="155" dir="1" index="0" bw="1" slack="2147483647"/>
</pin_list>
<bind>
<StgValue><ssdm name="_ssdm_op_SpecBitsMap"/></StgValue>
</bind>
</comp>

<comp id="156" class="1001" name="const_156">
<pin_list>
<pin id="157" dir="1" index="0" bw="1" slack="2147483647"/>
</pin_list>
<bind>
<StgValue><ssdm name="_ssdm_op_SpecChannel"/></StgValue>
</bind>
</comp>

<comp id="158" class="1001" name="const_158">
<pin_list>
<pin id="159" dir="1" index="0" bw="1" slack="2147483647"/>
</pin_list>
<bind>
<StgValue><ssdm name="input_str"/></StgValue>
</bind>
</comp>

<comp id="160" class="1001" name="const_160">
<pin_list>
<pin id="161" dir="1" index="0" bw="1" slack="2147483647"/>
</pin_list>
<bind>
<StgValue><ssdm name="p_str"/></StgValue>
</bind>
</comp>

<comp id="162" class="1001" name="const_162">
<pin_list>
<pin id="163" dir="1" index="0" bw="1" slack="2147483647"/>
</pin_list>
<bind>
<StgValue><ssdm name=""/></StgValue>
</bind>
</comp>

<comp id="164" class="1001" name="const_164">
<pin_list>
<pin id="165" dir="1" index="0" bw="1" slack="2147483647"/>
</pin_list>
<bind>
<StgValue><ssdm name="empty_5"/></StgValue>
</bind>
</comp>

<comp id="166" class="1001" name="const_166">
<pin_list>
<pin id="167" dir="1" index="0" bw="1" slack="2147483647"/>
</pin_list>
<bind>
<StgValue><ssdm name="output_str"/></StgValue>
</bind>
</comp>

<comp id="168" class="1001" name="const_168">
<pin_list>
<pin id="169" dir="1" index="0" bw="1" slack="2147483647"/>
</pin_list>
<bind>
<StgValue><ssdm name="_ssdm_op_SpecAXISSideChannel"/></StgValue>
</bind>
</comp>

<comp id="170" class="1001" name="const_170">
<pin_list>
<pin id="171" dir="1" index="0" bw="1" slack="2147483647"/>
</pin_list>
<bind>
<StgValue><ssdm name=""/></StgValue>
</bind>
</comp>

<comp id="172" class="1001" name="const_172">
<pin_list>
<pin id="173" dir="1" index="0" bw="1" slack="2147483647"/>
</pin_list>
<bind>
<StgValue><ssdm name="empty_4"/></StgValue>
</bind>
</comp>

<comp id="174" class="1001" name="const_174">
<pin_list>
<pin id="175" dir="1" index="0" bw="1" slack="2147483647"/>
</pin_list>
<bind>
<StgValue><ssdm name="empty_3"/></StgValue>
</bind>
</comp>

<comp id="176" class="1004" name="input_r_fu_176">
<pin_list>
<pin id="177" dir="0" index="0" bw="1" slack="0"/>
<pin id="178" dir="1" index="1" bw="80" slack="1"/>
</pin_list>
<bind>
<opcode="alloca(26) " fcode="alloca"/>
<opset="input_r/1 "/>
</bind>
</comp>

<comp id="180" class="1004" name="output_r_fu_180">
<pin_list>
<pin id="181" dir="0" index="0" bw="1" slack="0"/>
<pin id="182" dir="1" index="1" bw="80" slack="3"/>
</pin_list>
<bind>
<opcode="alloca(26) " fcode="alloca"/>
<opset="output_r/1 "/>
</bind>
</comp>

<comp id="184" class="1004" name="grp_data_unpacket_fu_184">
<pin_list>
<pin id="185" dir="0" index="0" bw="0" slack="0"/>
<pin id="186" dir="0" index="1" bw="64" slack="0"/>
<pin id="187" dir="0" index="2" bw="8" slack="0"/>
<pin id="188" dir="0" index="3" bw="8" slack="0"/>
<pin id="189" dir="0" index="4" bw="1" slack="0"/>
<pin id="190" dir="0" index="5" bw="80" slack="1"/>
<pin id="191" dir="1" index="6" bw="0" slack="2147483647"/>
</pin_list>
<bind>
<opcode="call(48) " fcode="call"/>
<opset="call_ln91/2 "/>
</bind>
</comp>

<comp id="197" class="1004" name="grp_image_filter_fu_197">
<pin_list>
<pin id="198" dir="0" index="0" bw="0" slack="0"/>
<pin id="199" dir="0" index="1" bw="80" slack="3"/>
<pin id="200" dir="0" index="2" bw="80" slack="3"/>
<pin id="201" dir="0" index="3" bw="10" slack="0"/>
<pin id="202" dir="0" index="4" bw="10" slack="0"/>
<pin id="203" dir="0" index="5" bw="10" slack="0"/>
<pin id="204" dir="0" index="6" bw="10" slack="0"/>
<pin id="205" dir="0" index="7" bw="10" slack="0"/>
<pin id="206" dir="0" index="8" bw="10" slack="0"/>
<pin id="207" dir="0" index="9" bw="10" slack="0"/>
<pin id="208" dir="0" index="10" bw="10" slack="0"/>
<pin id="209" dir="0" index="11" bw="10" slack="0"/>
<pin id="210" dir="0" index="12" bw="10" slack="0"/>
<pin id="211" dir="0" index="13" bw="10" slack="0"/>
<pin id="212" dir="0" index="14" bw="10" slack="0"/>
<pin id="213" dir="0" index="15" bw="10" slack="0"/>
<pin id="214" dir="0" index="16" bw="10" slack="0"/>
<pin id="215" dir="0" index="17" bw="10" slack="0"/>
<pin id="216" dir="0" index="18" bw="10" slack="0"/>
<pin id="217" dir="0" index="19" bw="10" slack="0"/>
<pin id="218" dir="0" index="20" bw="10" slack="0"/>
<pin id="219" dir="0" index="21" bw="10" slack="0"/>
<pin id="220" dir="0" index="22" bw="10" slack="0"/>
<pin id="221" dir="0" index="23" bw="10" slack="0"/>
<pin id="222" dir="0" index="24" bw="10" slack="0"/>
<pin id="223" dir="0" index="25" bw="10" slack="0"/>
<pin id="224" dir="0" index="26" bw="10" slack="0"/>
<pin id="225" dir="0" index="27" bw="10" slack="0"/>
<pin id="226" dir="0" index="28" bw="10" slack="0"/>
<pin id="227" dir="0" index="29" bw="10" slack="0"/>
<pin id="228" dir="0" index="30" bw="10" slack="0"/>
<pin id="229" dir="0" index="31" bw="10" slack="0"/>
<pin id="230" dir="0" index="32" bw="10" slack="0"/>
<pin id="231" dir="0" index="33" bw="10" slack="0"/>
<pin id="232" dir="0" index="34" bw="10" slack="0"/>
<pin id="233" dir="0" index="35" bw="10" slack="0"/>
<pin id="234" dir="0" index="36" bw="10" slack="0"/>
<pin id="235" dir="0" index="37" bw="10" slack="0"/>
<pin id="236" dir="0" index="38" bw="10" slack="0"/>
<pin id="237" dir="0" index="39" bw="10" slack="0"/>
<pin id="238" dir="0" index="40" bw="10" slack="0"/>
<pin id="239" dir="0" index="41" bw="10" slack="0"/>
<pin id="240" dir="0" index="42" bw="10" slack="0"/>
<pin id="241" dir="0" index="43" bw="10" slack="0"/>
<pin id="242" dir="0" index="44" bw="10" slack="0"/>
<pin id="243" dir="0" index="45" bw="10" slack="0"/>
<pin id="244" dir="0" index="46" bw="10" slack="0"/>
<pin id="245" dir="0" index="47" bw="10" slack="0"/>
<pin id="246" dir="0" index="48" bw="10" slack="0"/>
<pin id="247" dir="0" index="49" bw="10" slack="0"/>
<pin id="248" dir="0" index="50" bw="10" slack="0"/>
<pin id="249" dir="0" index="51" bw="80" slack="0"/>
<pin id="250" dir="0" index="52" bw="80" slack="0"/>
<pin id="251" dir="0" index="53" bw="80" slack="0"/>
<pin id="252" dir="0" index="54" bw="80" slack="0"/>
<pin id="253" dir="0" index="55" bw="80" slack="0"/>
<pin id="254" dir="0" index="56" bw="80" slack="0"/>
<pin id="255" dir="1" index="57" bw="0" slack="2147483647"/>
</pin_list>
<bind>
<opcode="call(48) " fcode="call"/>
<opset="call_ln91/4 "/>
</bind>
</comp>

<comp id="311" class="1004" name="grp_data_packet_fu_311">
<pin_list>
<pin id="312" dir="0" index="0" bw="0" slack="0"/>
<pin id="313" dir="0" index="1" bw="64" slack="0"/>
<pin id="314" dir="0" index="2" bw="8" slack="0"/>
<pin id="315" dir="0" index="3" bw="8" slack="0"/>
<pin id="316" dir="0" index="4" bw="1" slack="0"/>
<pin id="317" dir="0" index="5" bw="80" slack="5"/>
<pin id="318" dir="1" index="6" bw="0" slack="2147483647"/>
</pin_list>
<bind>
<opcode="call(48) " fcode="call"/>
<opset="call_ln91/6 "/>
</bind>
</comp>

<comp id="324" class="1005" name="input_r_reg_324">
<pin_list>
<pin id="325" dir="0" index="0" bw="80" slack="1"/>
<pin id="326" dir="1" index="1" bw="80" slack="1"/>
</pin_list>
<bind>
<opset="input_r "/>
</bind>
</comp>

<comp id="330" class="1005" name="output_r_reg_330">
<pin_list>
<pin id="331" dir="0" index="0" bw="80" slack="3"/>
<pin id="332" dir="1" index="1" bw="80" slack="3"/>
</pin_list>
<bind>
<opset="output_r "/>
</bind>
</comp>

</comp_list>

<net_list>
<net id="179"><net_src comp="124" pin="0"/><net_sink comp="176" pin=0"/></net>

<net id="183"><net_src comp="124" pin="0"/><net_sink comp="180" pin=0"/></net>

<net id="192"><net_src comp="126" pin="0"/><net_sink comp="184" pin=0"/></net>

<net id="193"><net_src comp="0" pin="0"/><net_sink comp="184" pin=1"/></net>

<net id="194"><net_src comp="2" pin="0"/><net_sink comp="184" pin=2"/></net>

<net id="195"><net_src comp="4" pin="0"/><net_sink comp="184" pin=3"/></net>

<net id="196"><net_src comp="6" pin="0"/><net_sink comp="184" pin=4"/></net>

<net id="256"><net_src comp="128" pin="0"/><net_sink comp="197" pin=0"/></net>

<net id="257"><net_src comp="16" pin="0"/><net_sink comp="197" pin=3"/></net>

<net id="258"><net_src comp="18" pin="0"/><net_sink comp="197" pin=4"/></net>

<net id="259"><net_src comp="20" pin="0"/><net_sink comp="197" pin=5"/></net>

<net id="260"><net_src comp="22" pin="0"/><net_sink comp="197" pin=6"/></net>

<net id="261"><net_src comp="24" pin="0"/><net_sink comp="197" pin=7"/></net>

<net id="262"><net_src comp="26" pin="0"/><net_sink comp="197" pin=8"/></net>

<net id="263"><net_src comp="28" pin="0"/><net_sink comp="197" pin=9"/></net>

<net id="264"><net_src comp="30" pin="0"/><net_sink comp="197" pin=10"/></net>

<net id="265"><net_src comp="32" pin="0"/><net_sink comp="197" pin=11"/></net>

<net id="266"><net_src comp="34" pin="0"/><net_sink comp="197" pin=12"/></net>

<net id="267"><net_src comp="36" pin="0"/><net_sink comp="197" pin=13"/></net>

<net id="268"><net_src comp="38" pin="0"/><net_sink comp="197" pin=14"/></net>

<net id="269"><net_src comp="40" pin="0"/><net_sink comp="197" pin=15"/></net>

<net id="270"><net_src comp="42" pin="0"/><net_sink comp="197" pin=16"/></net>

<net id="271"><net_src comp="44" pin="0"/><net_sink comp="197" pin=17"/></net>

<net id="272"><net_src comp="46" pin="0"/><net_sink comp="197" pin=18"/></net>

<net id="273"><net_src comp="48" pin="0"/><net_sink comp="197" pin=19"/></net>

<net id="274"><net_src comp="50" pin="0"/><net_sink comp="197" pin=20"/></net>

<net id="275"><net_src comp="52" pin="0"/><net_sink comp="197" pin=21"/></net>

<net id="276"><net_src comp="54" pin="0"/><net_sink comp="197" pin=22"/></net>

<net id="277"><net_src comp="56" pin="0"/><net_sink comp="197" pin=23"/></net>

<net id="278"><net_src comp="58" pin="0"/><net_sink comp="197" pin=24"/></net>

<net id="279"><net_src comp="60" pin="0"/><net_sink comp="197" pin=25"/></net>

<net id="280"><net_src comp="62" pin="0"/><net_sink comp="197" pin=26"/></net>

<net id="281"><net_src comp="64" pin="0"/><net_sink comp="197" pin=27"/></net>

<net id="282"><net_src comp="66" pin="0"/><net_sink comp="197" pin=28"/></net>

<net id="283"><net_src comp="68" pin="0"/><net_sink comp="197" pin=29"/></net>

<net id="284"><net_src comp="70" pin="0"/><net_sink comp="197" pin=30"/></net>

<net id="285"><net_src comp="72" pin="0"/><net_sink comp="197" pin=31"/></net>

<net id="286"><net_src comp="74" pin="0"/><net_sink comp="197" pin=32"/></net>

<net id="287"><net_src comp="76" pin="0"/><net_sink comp="197" pin=33"/></net>

<net id="288"><net_src comp="78" pin="0"/><net_sink comp="197" pin=34"/></net>

<net id="289"><net_src comp="80" pin="0"/><net_sink comp="197" pin=35"/></net>

<net id="290"><net_src comp="82" pin="0"/><net_sink comp="197" pin=36"/></net>

<net id="291"><net_src comp="84" pin="0"/><net_sink comp="197" pin=37"/></net>

<net id="292"><net_src comp="86" pin="0"/><net_sink comp="197" pin=38"/></net>

<net id="293"><net_src comp="88" pin="0"/><net_sink comp="197" pin=39"/></net>

<net id="294"><net_src comp="90" pin="0"/><net_sink comp="197" pin=40"/></net>

<net id="295"><net_src comp="92" pin="0"/><net_sink comp="197" pin=41"/></net>

<net id="296"><net_src comp="94" pin="0"/><net_sink comp="197" pin=42"/></net>

<net id="297"><net_src comp="96" pin="0"/><net_sink comp="197" pin=43"/></net>

<net id="298"><net_src comp="98" pin="0"/><net_sink comp="197" pin=44"/></net>

<net id="299"><net_src comp="100" pin="0"/><net_sink comp="197" pin=45"/></net>

<net id="300"><net_src comp="102" pin="0"/><net_sink comp="197" pin=46"/></net>

<net id="301"><net_src comp="104" pin="0"/><net_sink comp="197" pin=47"/></net>

<net id="302"><net_src comp="106" pin="0"/><net_sink comp="197" pin=48"/></net>

<net id="303"><net_src comp="108" pin="0"/><net_sink comp="197" pin=49"/></net>

<net id="304"><net_src comp="110" pin="0"/><net_sink comp="197" pin=50"/></net>

<net id="305"><net_src comp="112" pin="0"/><net_sink comp="197" pin=51"/></net>

<net id="306"><net_src comp="114" pin="0"/><net_sink comp="197" pin=52"/></net>

<net id="307"><net_src comp="116" pin="0"/><net_sink comp="197" pin=53"/></net>

<net id="308"><net_src comp="118" pin="0"/><net_sink comp="197" pin=54"/></net>

<net id="309"><net_src comp="120" pin="0"/><net_sink comp="197" pin=55"/></net>

<net id="310"><net_src comp="122" pin="0"/><net_sink comp="197" pin=56"/></net>

<net id="319"><net_src comp="130" pin="0"/><net_sink comp="311" pin=0"/></net>

<net id="320"><net_src comp="8" pin="0"/><net_sink comp="311" pin=1"/></net>

<net id="321"><net_src comp="10" pin="0"/><net_sink comp="311" pin=2"/></net>

<net id="322"><net_src comp="12" pin="0"/><net_sink comp="311" pin=3"/></net>

<net id="323"><net_src comp="14" pin="0"/><net_sink comp="311" pin=4"/></net>

<net id="327"><net_src comp="176" pin="1"/><net_sink comp="324" pin=0"/></net>

<net id="328"><net_src comp="324" pin="1"/><net_sink comp="184" pin=5"/></net>

<net id="329"><net_src comp="324" pin="1"/><net_sink comp="197" pin=1"/></net>

<net id="333"><net_src comp="180" pin="1"/><net_sink comp="330" pin=0"/></net>

<net id="334"><net_src comp="330" pin="1"/><net_sink comp="197" pin=2"/></net>

<net id="335"><net_src comp="330" pin="1"/><net_sink comp="311" pin=5"/></net>

</net_list>

</model> 
---------------- Datapath Model END ------------------

* FSMD analyzer results:
  - Output states:
	Port: data_out_V_data_V | {6 7 }
	Port: data_out_V_keep_V | {6 7 }
	Port: data_out_V_strb_V | {6 7 }
	Port: data_out_V_last_V | {6 7 }
	Port: window_adjust_0_0_0 | {4 5 }
	Port: window_adjust_0_2_0 | {4 5 }
	Port: window_adjust_1_0_0 | {4 5 }
	Port: window_adjust_1_2_0 | {4 5 }
	Port: window_adjust_2_0_0 | {4 5 }
	Port: window_adjust_2_2_0 | {4 5 }
	Port: window_adjust_0_0_1 | {4 5 }
	Port: window_adjust_0_2_1 | {4 5 }
	Port: window_adjust_1_0_1 | {4 5 }
	Port: window_adjust_1_2_1 | {4 5 }
	Port: window_adjust_2_0_1 | {4 5 }
	Port: window_adjust_2_2_1 | {4 5 }
	Port: window_adjust_0_0_2 | {4 5 }
	Port: window_adjust_0_2_2 | {4 5 }
	Port: window_adjust_1_0_2 | {4 5 }
	Port: window_adjust_1_2_2 | {4 5 }
	Port: window_adjust_2_0_2 | {4 5 }
	Port: window_adjust_2_2_2 | {4 5 }
	Port: window_adjust_0_0_3 | {4 5 }
	Port: window_adjust_0_2_3 | {4 5 }
	Port: window_adjust_1_0_3 | {4 5 }
	Port: window_adjust_1_2_3 | {4 5 }
	Port: window_adjust_2_0_3 | {4 5 }
	Port: window_adjust_2_2_3 | {4 5 }
	Port: window_adjust_0_0_4 | {4 5 }
	Port: window_adjust_0_2_4 | {4 5 }
	Port: window_adjust_1_0_4 | {4 5 }
	Port: window_adjust_1_2_4 | {4 5 }
	Port: window_adjust_2_0_4 | {4 5 }
	Port: window_adjust_2_2_4 | {4 5 }
	Port: window_adjust_0_0_5 | {4 5 }
	Port: window_adjust_0_2_5 | {4 5 }
	Port: window_adjust_1_0_5 | {4 5 }
	Port: window_adjust_1_2_5 | {4 5 }
	Port: window_adjust_2_0_5 | {4 5 }
	Port: window_adjust_2_2_5 | {4 5 }
	Port: window_adjust_0_0_6 | {4 5 }
	Port: window_adjust_0_2_6 | {4 5 }
	Port: window_adjust_1_0_6 | {4 5 }
	Port: window_adjust_1_2_6 | {4 5 }
	Port: window_adjust_2_0_6 | {4 5 }
	Port: window_adjust_2_2_6 | {4 5 }
	Port: window_adjust_0_0_7 | {4 5 }
	Port: window_adjust_0_2_7 | {4 5 }
	Port: window_adjust_1_0_7 | {4 5 }
	Port: window_adjust_1_2_7 | {4 5 }
	Port: window_adjust_2_0_7 | {4 5 }
	Port: window_adjust_2_2_7 | {4 5 }
	Port: linebuf_0_0 | {4 5 }
	Port: linebuf_1_0 | {4 5 }
	Port: linebuf_2_0 | {4 5 }
	Port: linebuf_1_1 | {4 5 }
	Port: linebuf_2_1 | {4 5 }
	Port: linebuf_0_1 | {4 5 }
 - Input state : 
	Port: conv2d_3x3 : data_in_V_data_V | {2 3 }
	Port: conv2d_3x3 : data_in_V_keep_V | {2 3 }
	Port: conv2d_3x3 : data_in_V_strb_V | {2 3 }
	Port: conv2d_3x3 : data_in_V_last_V | {2 3 }
	Port: conv2d_3x3 : window_adjust_0_0_0 | {4 5 }
	Port: conv2d_3x3 : window_adjust_0_2_0 | {4 5 }
	Port: conv2d_3x3 : window_adjust_1_0_0 | {4 5 }
	Port: conv2d_3x3 : window_adjust_1_2_0 | {4 5 }
	Port: conv2d_3x3 : window_adjust_2_0_0 | {4 5 }
	Port: conv2d_3x3 : window_adjust_2_2_0 | {4 5 }
	Port: conv2d_3x3 : window_adjust_0_0_1 | {4 5 }
	Port: conv2d_3x3 : window_adjust_0_2_1 | {4 5 }
	Port: conv2d_3x3 : window_adjust_1_0_1 | {4 5 }
	Port: conv2d_3x3 : window_adjust_1_2_1 | {4 5 }
	Port: conv2d_3x3 : window_adjust_2_0_1 | {4 5 }
	Port: conv2d_3x3 : window_adjust_2_2_1 | {4 5 }
	Port: conv2d_3x3 : window_adjust_0_0_2 | {4 5 }
	Port: conv2d_3x3 : window_adjust_0_2_2 | {4 5 }
	Port: conv2d_3x3 : window_adjust_1_0_2 | {4 5 }
	Port: conv2d_3x3 : window_adjust_1_2_2 | {4 5 }
	Port: conv2d_3x3 : window_adjust_2_0_2 | {4 5 }
	Port: conv2d_3x3 : window_adjust_2_2_2 | {4 5 }
	Port: conv2d_3x3 : window_adjust_0_0_3 | {4 5 }
	Port: conv2d_3x3 : window_adjust_0_2_3 | {4 5 }
	Port: conv2d_3x3 : window_adjust_1_0_3 | {4 5 }
	Port: conv2d_3x3 : window_adjust_1_2_3 | {4 5 }
	Port: conv2d_3x3 : window_adjust_2_0_3 | {4 5 }
	Port: conv2d_3x3 : window_adjust_2_2_3 | {4 5 }
	Port: conv2d_3x3 : window_adjust_0_0_4 | {4 5 }
	Port: conv2d_3x3 : window_adjust_0_2_4 | {4 5 }
	Port: conv2d_3x3 : window_adjust_1_0_4 | {4 5 }
	Port: conv2d_3x3 : window_adjust_1_2_4 | {4 5 }
	Port: conv2d_3x3 : window_adjust_2_0_4 | {4 5 }
	Port: conv2d_3x3 : window_adjust_2_2_4 | {4 5 }
	Port: conv2d_3x3 : window_adjust_0_0_5 | {4 5 }
	Port: conv2d_3x3 : window_adjust_0_2_5 | {4 5 }
	Port: conv2d_3x3 : window_adjust_1_0_5 | {4 5 }
	Port: conv2d_3x3 : window_adjust_1_2_5 | {4 5 }
	Port: conv2d_3x3 : window_adjust_2_0_5 | {4 5 }
	Port: conv2d_3x3 : window_adjust_2_2_5 | {4 5 }
	Port: conv2d_3x3 : window_adjust_0_0_6 | {4 5 }
	Port: conv2d_3x3 : window_adjust_0_2_6 | {4 5 }
	Port: conv2d_3x3 : window_adjust_1_0_6 | {4 5 }
	Port: conv2d_3x3 : window_adjust_1_2_6 | {4 5 }
	Port: conv2d_3x3 : window_adjust_2_0_6 | {4 5 }
	Port: conv2d_3x3 : window_adjust_2_2_6 | {4 5 }
	Port: conv2d_3x3 : window_adjust_0_0_7 | {4 5 }
	Port: conv2d_3x3 : window_adjust_0_2_7 | {4 5 }
	Port: conv2d_3x3 : window_adjust_1_0_7 | {4 5 }
	Port: conv2d_3x3 : window_adjust_1_2_7 | {4 5 }
	Port: conv2d_3x3 : window_adjust_2_0_7 | {4 5 }
	Port: conv2d_3x3 : window_adjust_2_2_7 | {4 5 }
	Port: conv2d_3x3 : linebuf_0_0 | {4 5 }
	Port: conv2d_3x3 : linebuf_1_0 | {4 5 }
	Port: conv2d_3x3 : linebuf_2_0 | {4 5 }
	Port: conv2d_3x3 : linebuf_1_1 | {4 5 }
	Port: conv2d_3x3 : linebuf_2_1 | {4 5 }
	Port: conv2d_3x3 : linebuf_0_1 | {4 5 }
  - Chain level:
	State 1
	State 2
	State 3
	State 4
	State 5
	State 6
	State 7
	State 8


============================================================
+ Verbose Summary: Datapath Resource usage 
============================================================

* Functional unit list:
|----------|--------------------------|---------|---------|---------|
| Operation|      Functional Unit     |  Delay  |    FF   |   LUT   |
|----------|--------------------------|---------|---------|---------|
|          | grp_data_unpacket_fu_184 |  0.605  |   395   |   384   |
|   call   |  grp_image_filter_fu_197 |  13.103 |   1478  |   4603  |
|          |  grp_data_packet_fu_311  |   1.79  |   781   |   738   |
|----------|--------------------------|---------|---------|---------|
|   Total  |                          |  15.498 |   2654  |   5725  |
|----------|--------------------------|---------|---------|---------|

Memories:
+-----------+--------+--------+--------+--------+
|           |  BRAM  |   FF   |   LUT  |  URAM  |
+-----------+--------+--------+--------+--------+
|linebuf_0_0|    5   |    0   |    0   |    0   |
|linebuf_0_1|    5   |    0   |    0   |    0   |
|linebuf_1_0|    5   |    0   |    0   |    0   |
|linebuf_1_1|    5   |    0   |    0   |    0   |
|linebuf_2_0|    5   |    0   |    0   |    0   |
|linebuf_2_1|    5   |    0   |    0   |    0   |
+-----------+--------+--------+--------+--------+
|   Total   |   30   |    0   |    0   |    0   |
+-----------+--------+--------+--------+--------+

* Register list:
+----------------+--------+
|                |   FF   |
+----------------+--------+
| input_r_reg_324|   80   |
|output_r_reg_330|   80   |
+----------------+--------+
|      Total     |   160  |
+----------------+--------+

* Multiplexer (MUX) list: 
|--------|------|------|------|--------|
|  Comp  |  Pin | Size |  BW  | S x BW |
|--------|------|------|------|--------|
|  Total |      |      |      |    0   |
|--------|------|------|------|--------|



* Summary:
+-----------+--------+--------+--------+--------+--------+
|           |  BRAM  |  Delay |   FF   |   LUT  |  URAM  |
+-----------+--------+--------+--------+--------+--------+
|  Function |    -   |   15   |  2654  |  5725  |    -   |
|   Memory  |   30   |    -   |    0   |    0   |    0   |
|Multiplexer|    -   |    -   |    -   |    -   |    -   |
|  Register |    -   |    -   |   160  |    -   |    -   |
+-----------+--------+--------+--------+--------+--------+
|   Total   |   30   |   15   |  2814  |  5725  |    0   |
+-----------+--------+--------+--------+--------+--------+
