

================================================================
== Vitis HLS Report for 'data_unpacket'
================================================================
* Date:           Wed Nov  5 08:17:21 2025

* Version:        2023.2 (Build 4023990 on Oct 11 2023)
* Project:        hls_ip
* Solution:       hls (Vivado IP Flow Target)
* Product family: zynquplus
* Target device:  xczu1cg-sbva484-1-e


================================================================
== Performance Estimates
================================================================
+ Timing: 
    * Summary: 
    +--------+----------+----------+------------+
    |  Clock |  Target  | Estimated| Uncertainty|
    +--------+----------+----------+------------+
    |ap_clk  |  10.00 ns|  3.167 ns|     2.70 ns|
    +--------+----------+----------+------------+

+ Latency: 
    * Summary: 
    +---------+---------+----------+----------+--------+--------+---------+
    |  Latency (cycles) |  Latency (absolute) |     Interval    | Pipeline|
    |   min   |   max   |    min   |    max   |   min  |   max  |   Type  |
    +---------+---------+----------+----------+--------+--------+---------+
    |   324002|   324002|  3.240 ms|  3.240 ms|  324002|  324002|       no|
    +---------+---------+----------+----------+--------+--------+---------+

    + Detail: 
        * Instance: 
        N/A

        * Loop: 
        +--------------------+---------+---------+----------+-----------+-----------+-------+----------+
        |                    |  Latency (cycles) | Iteration|  Initiation Interval  |  Trip |          |
        |      Loop Name     |   min   |   max   |  Latency |  achieved |   target  | Count | Pipelined|
        +--------------------+---------+---------+----------+-----------+-----------+-------+----------+
        |- VITIS_LOOP_134_1  |   324000|   324000|         5|          5|          1|  64800|       yes|
        +--------------------+---------+---------+----------+-----------+-----------+-------+----------+

============================================================
+ Verbose Summary: Synthesis Manager
============================================================
InlineROM: 1
ExposeGlobal: 0
============================================================
+ Verbose Summary: CDFG Model
============================================================
IsTopModel: 0
ResetActiveHigh: 1
IsCombinational: 2
IsDatapathOnly: 0
HasWiredReturn: 1
HasMFsm: 2
HasVarLatency: 1
IsPipeline: 0
IsRtlPipelined: 0
IsInstanceOverlapped: 0
IsDontTouch: 0
HasImplIP: 0
IsGatedGlobalClock: 0

+ Individual pipeline summary: 
  * Pipeline-0: initiation interval (II) = 5, depth = 5


============================================================
+ Verbose Summary: Schedule
============================================================
* Number of FSM states : 5
* Pipeline : 1
  Pipeline-0 : II = 5, D = 5, States = { 1 2 3 4 5 }
* Dataflow Pipeline: 0

* FSM state transitions: 
1 --> 2 
2 --> 3 
3 --> 4 
4 --> 5 
5 --> 

* FSM state operations: 

State 1 <SV = 0> <Delay = 2.54>
ST_1 : Operation 8 [1/1] (0.00ns)   --->   "%i = alloca i32 1" [/home/leon/Desktop/Project/ZUBOARD_1CG/hls_ip/conv2d_hls.cpp:134]   --->   Operation 8 'alloca' 'i' <Predicate = true> <Delay = 0.00>
ST_1 : Operation 9 [1/1] (0.00ns)   --->   "%output_cnt = alloca i32 1" [/home/leon/Desktop/Project/ZUBOARD_1CG/hls_ip/conv2d_hls.cpp:133]   --->   Operation 9 'alloca' 'output_cnt' <Predicate = true> <Delay = 0.00>
ST_1 : Operation 10 [1/1] (0.00ns)   --->   "%specaxissidechannel_ln0 = specaxissidechannel void @_ssdm_op_SpecAXISSideChannel, i64 %data_in_V_data_V, i8 %data_in_V_keep_V, i8 %data_in_V_strb_V, i1 0, i1 %data_in_V_last_V, i1 0, i1 0, void @empty_4"   --->   Operation 10 'specaxissidechannel' 'specaxissidechannel_ln0' <Predicate = true> <Delay = 0.00>
ST_1 : Operation 11 [1/1] (0.00ns)   --->   "%specinterface_ln0 = specinterface void @_ssdm_op_SpecInterface, i80 %input_r, void @empty_5, i32 0, i32 0, void @empty_6, i32 0, i32 0, void @empty_6, void @empty_6, void @empty_6, i32 0, i32 0, i32 0, i32 0, void @empty_6, void @empty_6, i32 4294967295, i32 0"   --->   Operation 11 'specinterface' 'specinterface_ln0' <Predicate = true> <Delay = 0.00>
ST_1 : Operation 12 [1/1] (0.00ns)   --->   "%specinterface_ln0 = specinterface void @_ssdm_op_SpecInterface, i1 %data_in_V_last_V, i8 %data_in_V_strb_V, i8 %data_in_V_keep_V, i64 %data_in_V_data_V, void @empty_7, i32 1, i32 1, void @empty_10, i32 0, i32 0, void @empty_6, void @empty_6, void @empty_6, i32 0, i32 0, i32 0, i32 0, void @empty_6, void @empty_6, i32 4294967295, i32 0"   --->   Operation 12 'specinterface' 'specinterface_ln0' <Predicate = true> <Delay = 0.00>
ST_1 : Operation 13 [1/1] (0.48ns)   --->   "%store_ln133 = store i32 0, i32 %output_cnt" [/home/leon/Desktop/Project/ZUBOARD_1CG/hls_ip/conv2d_hls.cpp:133]   --->   Operation 13 'store' 'store_ln133' <Predicate = true> <Delay = 0.48>
ST_1 : Operation 14 [1/1] (0.48ns)   --->   "%store_ln134 = store i19 0, i19 %i" [/home/leon/Desktop/Project/ZUBOARD_1CG/hls_ip/conv2d_hls.cpp:134]   --->   Operation 14 'store' 'store_ln134' <Predicate = true> <Delay = 0.48>
ST_1 : Operation 15 [1/1] (0.00ns)   --->   "%br_ln134 = br void %VITIS_LOOP_137_2" [/home/leon/Desktop/Project/ZUBOARD_1CG/hls_ip/conv2d_hls.cpp:134]   --->   Operation 15 'br' 'br_ln134' <Predicate = true> <Delay = 0.00>
ST_1 : Operation 16 [1/1] (0.00ns)   --->   "%i_2 = load i19 %i" [/home/leon/Desktop/Project/ZUBOARD_1CG/hls_ip/conv2d_hls.cpp:134]   --->   Operation 16 'load' 'i_2' <Predicate = true> <Delay = 0.00>
ST_1 : Operation 17 [1/1] (0.00ns)   --->   "%output_cnt_9 = load i32 %output_cnt" [/home/leon/Desktop/Project/ZUBOARD_1CG/hls_ip/conv2d_hls.cpp:147]   --->   Operation 17 'load' 'output_cnt_9' <Predicate = true> <Delay = 0.00>
ST_1 : Operation 18 [1/1] (1.05ns)   --->   "%icmp_ln134 = icmp_ult  i19 %i_2, i19 324000" [/home/leon/Desktop/Project/ZUBOARD_1CG/hls_ip/conv2d_hls.cpp:134]   --->   Operation 18 'icmp' 'icmp_ln134' <Predicate = true> <Delay = 1.05> <CoreInst = "Cmp">   --->   Core 9 'Cmp' <Latency = 0> <II = 1> <Delay = 1.05> <FuncUnit> <Opcode : 'icmp'> <InPorts = 2> <OutPorts = 1>
ST_1 : Operation 19 [1/1] (0.00ns)   --->   "%br_ln134 = br i1 %icmp_ln134, void %for.end22, void %VITIS_LOOP_137_2.split" [/home/leon/Desktop/Project/ZUBOARD_1CG/hls_ip/conv2d_hls.cpp:134]   --->   Operation 19 'br' 'br_ln134' <Predicate = true> <Delay = 0.00>
ST_1 : Operation 20 [1/1] (1.00ns)   --->   "%empty = read i81 @_ssdm_op_Read.axis.volatile.i64P0A.i8P0A.i8P0A.i1P0A, i64 %data_in_V_data_V, i8 %data_in_V_keep_V, i8 %data_in_V_strb_V, i1 %data_in_V_last_V" [/home/leon/Desktop/Project/ZUBOARD_1CG/hls_ip/conv2d_hls.cpp:139]   --->   Operation 20 'read' 'empty' <Predicate = (icmp_ln134)> <Delay = 1.00> <CoreInst = "axis">   --->   Core 123 'axis' <Latency = 0> <II = 1> <Delay = 1.00> <Adapter> <Opcode : >
ST_1 : Operation 21 [1/1] (0.00ns)   --->   "%p_0 = extractvalue i81 %empty" [/home/leon/Desktop/Project/ZUBOARD_1CG/hls_ip/conv2d_hls.cpp:139]   --->   Operation 21 'extractvalue' 'p_0' <Predicate = (icmp_ln134)> <Delay = 0.00>
ST_1 : Operation 22 [1/1] (1.20ns)   --->   "%icmp_ln144 = icmp_slt  i32 %output_cnt_9, i32 259200" [/home/leon/Desktop/Project/ZUBOARD_1CG/hls_ip/conv2d_hls.cpp:144]   --->   Operation 22 'icmp' 'icmp_ln144' <Predicate = (icmp_ln134)> <Delay = 1.20> <CoreInst = "Cmp">   --->   Core 9 'Cmp' <Latency = 0> <II = 1> <Delay = 1.20> <FuncUnit> <Opcode : 'icmp'> <InPorts = 2> <OutPorts = 1>
ST_1 : Operation 23 [1/1] (0.48ns)   --->   "%br_ln144 = br i1 %icmp_ln144, void %for.inc17, void %if.then" [/home/leon/Desktop/Project/ZUBOARD_1CG/hls_ip/conv2d_hls.cpp:144]   --->   Operation 23 'br' 'br_ln144' <Predicate = (icmp_ln134)> <Delay = 0.48>
ST_1 : Operation 71 [1/1] (0.00ns)   --->   "%ret_ln151 = ret" [/home/leon/Desktop/Project/ZUBOARD_1CG/hls_ip/conv2d_hls.cpp:151]   --->   Operation 71 'ret' 'ret_ln151' <Predicate = (!icmp_ln134)> <Delay = 0.00>

State 2 <SV = 1> <Delay = 3.16>
ST_2 : Operation 24 [1/1] (1.00ns)   --->   "%empty_48 = read i81 @_ssdm_op_Read.axis.volatile.i64P0A.i8P0A.i8P0A.i1P0A, i64 %data_in_V_data_V, i8 %data_in_V_keep_V, i8 %data_in_V_strb_V, i1 %data_in_V_last_V" [/home/leon/Desktop/Project/ZUBOARD_1CG/hls_ip/conv2d_hls.cpp:139]   --->   Operation 24 'read' 'empty_48' <Predicate = true> <Delay = 1.00> <CoreInst = "axis">   --->   Core 123 'axis' <Latency = 0> <II = 1> <Delay = 1.00> <Adapter> <Opcode : >
ST_2 : Operation 25 [1/1] (0.00ns)   --->   "%p_s = extractvalue i81 %empty_48" [/home/leon/Desktop/Project/ZUBOARD_1CG/hls_ip/conv2d_hls.cpp:139]   --->   Operation 25 'extractvalue' 'p_s' <Predicate = true> <Delay = 0.00>
ST_2 : Operation 26 [1/1] (0.00ns)   --->   "%trunc_ln143 = trunc i64 %p_s" [/home/leon/Desktop/Project/ZUBOARD_1CG/hls_ip/conv2d_hls.cpp:143]   --->   Operation 26 'trunc' 'trunc_ln143' <Predicate = true> <Delay = 0.00>
ST_2 : Operation 27 [1/1] (0.00ns)   --->   "%tmp = bitconcatenate i80 @_ssdm_op_BitConcatenate.i80.i16.i64, i16 %trunc_ln143, i64 %p_0" [/home/leon/Desktop/Project/ZUBOARD_1CG/hls_ip/conv2d_hls.cpp:143]   --->   Operation 27 'bitconcatenate' 'tmp' <Predicate = true> <Delay = 0.00>
ST_2 : Operation 28 [1/1] (2.16ns)   --->   "%write_ln146 = write void @_ssdm_op_Write.ap_fifo.volatile.i80P0A, i80 %input_r, i80 %tmp" [/home/leon/Desktop/Project/ZUBOARD_1CG/hls_ip/conv2d_hls.cpp:146]   --->   Operation 28 'write' 'write_ln146' <Predicate = (icmp_ln144)> <Delay = 2.16> <CoreInst = "FIFO_SRL">   --->   Core 81 'FIFO_SRL' <Latency = 0> <II = 1> <Delay = 2.16> <Storage> <Opcode : 'read' 'write' 'nbread' 'nbwrite'> <Ports = 0> <Width = 80> <Depth = 2> <FIFO>
ST_2 : Operation 29 [1/1] (1.20ns)   --->   "%output_cnt_10 = add i32 %output_cnt_9, i32 1" [/home/leon/Desktop/Project/ZUBOARD_1CG/hls_ip/conv2d_hls.cpp:147]   --->   Operation 29 'add' 'output_cnt_10' <Predicate = (icmp_ln144)> <Delay = 1.20> <CoreInst = "Adder">   --->   Core 1 'Adder' <Latency = 0> <II = 1> <Delay = 1.20> <FuncUnit> <Opcode : 'add' 'sub'> <InPorts = 2> <OutPorts = 1>
ST_2 : Operation 30 [1/1] (0.48ns)   --->   "%br_ln148 = br void %for.inc17" [/home/leon/Desktop/Project/ZUBOARD_1CG/hls_ip/conv2d_hls.cpp:148]   --->   Operation 30 'br' 'br_ln148' <Predicate = (icmp_ln144)> <Delay = 0.48>
ST_2 : Operation 31 [1/1] (0.00ns)   --->   "%output_cnt_2 = phi i32 %output_cnt_10, void %if.then, i32 %output_cnt_9, void %VITIS_LOOP_137_2.split"   --->   Operation 31 'phi' 'output_cnt_2' <Predicate = true> <Delay = 0.00>
ST_2 : Operation 32 [1/1] (0.00ns)   --->   "%tmp_12 = partselect i48 @_ssdm_op_PartSelect.i48.i64.i32.i32, i64 %p_s, i32 16, i32 63" [/home/leon/Desktop/Project/ZUBOARD_1CG/hls_ip/conv2d_hls.cpp:143]   --->   Operation 32 'partselect' 'tmp_12' <Predicate = true> <Delay = 0.00>
ST_2 : Operation 33 [1/1] (1.20ns)   --->   "%icmp_ln144_1 = icmp_slt  i32 %output_cnt_2, i32 259200" [/home/leon/Desktop/Project/ZUBOARD_1CG/hls_ip/conv2d_hls.cpp:144]   --->   Operation 33 'icmp' 'icmp_ln144_1' <Predicate = true> <Delay = 1.20> <CoreInst = "Cmp">   --->   Core 9 'Cmp' <Latency = 0> <II = 1> <Delay = 1.20> <FuncUnit> <Opcode : 'icmp'> <InPorts = 2> <OutPorts = 1>

State 3 <SV = 2> <Delay = 3.16>
ST_3 : Operation 34 [1/1] (1.00ns)   --->   "%empty_49 = read i81 @_ssdm_op_Read.axis.volatile.i64P0A.i8P0A.i8P0A.i1P0A, i64 %data_in_V_data_V, i8 %data_in_V_keep_V, i8 %data_in_V_strb_V, i1 %data_in_V_last_V" [/home/leon/Desktop/Project/ZUBOARD_1CG/hls_ip/conv2d_hls.cpp:139]   --->   Operation 34 'read' 'empty_49' <Predicate = true> <Delay = 1.00> <CoreInst = "axis">   --->   Core 123 'axis' <Latency = 0> <II = 1> <Delay = 1.00> <Adapter> <Opcode : >
ST_3 : Operation 35 [1/1] (0.00ns)   --->   "%p_1 = extractvalue i81 %empty_49" [/home/leon/Desktop/Project/ZUBOARD_1CG/hls_ip/conv2d_hls.cpp:139]   --->   Operation 35 'extractvalue' 'p_1' <Predicate = true> <Delay = 0.00>
ST_3 : Operation 36 [1/1] (0.00ns)   --->   "%trunc_ln143_1 = trunc i64 %p_1" [/home/leon/Desktop/Project/ZUBOARD_1CG/hls_ip/conv2d_hls.cpp:143]   --->   Operation 36 'trunc' 'trunc_ln143_1' <Predicate = true> <Delay = 0.00>
ST_3 : Operation 37 [1/1] (0.00ns)   --->   "%tmp_s = bitconcatenate i80 @_ssdm_op_BitConcatenate.i80.i32.i48, i32 %trunc_ln143_1, i48 %tmp_12" [/home/leon/Desktop/Project/ZUBOARD_1CG/hls_ip/conv2d_hls.cpp:143]   --->   Operation 37 'bitconcatenate' 'tmp_s' <Predicate = true> <Delay = 0.00>
ST_3 : Operation 38 [1/1] (0.48ns)   --->   "%br_ln144 = br i1 %icmp_ln144_1, void %for.inc17.1, void %if.then.1" [/home/leon/Desktop/Project/ZUBOARD_1CG/hls_ip/conv2d_hls.cpp:144]   --->   Operation 38 'br' 'br_ln144' <Predicate = true> <Delay = 0.48>
ST_3 : Operation 39 [1/1] (2.16ns)   --->   "%write_ln146 = write void @_ssdm_op_Write.ap_fifo.volatile.i80P0A, i80 %input_r, i80 %tmp_s" [/home/leon/Desktop/Project/ZUBOARD_1CG/hls_ip/conv2d_hls.cpp:146]   --->   Operation 39 'write' 'write_ln146' <Predicate = (icmp_ln144_1)> <Delay = 2.16> <CoreInst = "FIFO_SRL">   --->   Core 81 'FIFO_SRL' <Latency = 0> <II = 1> <Delay = 2.16> <Storage> <Opcode : 'read' 'write' 'nbread' 'nbwrite'> <Ports = 0> <Width = 80> <Depth = 2> <FIFO>
ST_3 : Operation 40 [1/1] (1.20ns)   --->   "%output_cnt_11 = add i32 %output_cnt_2, i32 1" [/home/leon/Desktop/Project/ZUBOARD_1CG/hls_ip/conv2d_hls.cpp:147]   --->   Operation 40 'add' 'output_cnt_11' <Predicate = (icmp_ln144_1)> <Delay = 1.20> <CoreInst = "Adder">   --->   Core 1 'Adder' <Latency = 0> <II = 1> <Delay = 1.20> <FuncUnit> <Opcode : 'add' 'sub'> <InPorts = 2> <OutPorts = 1>
ST_3 : Operation 41 [1/1] (0.48ns)   --->   "%br_ln148 = br void %for.inc17.1" [/home/leon/Desktop/Project/ZUBOARD_1CG/hls_ip/conv2d_hls.cpp:148]   --->   Operation 41 'br' 'br_ln148' <Predicate = (icmp_ln144_1)> <Delay = 0.48>
ST_3 : Operation 42 [1/1] (0.00ns)   --->   "%output_cnt_4 = phi i32 %output_cnt_11, void %if.then.1, i32 %output_cnt_2, void %for.inc17"   --->   Operation 42 'phi' 'output_cnt_4' <Predicate = true> <Delay = 0.00>
ST_3 : Operation 43 [1/1] (0.00ns)   --->   "%tmp_14 = partselect i32 @_ssdm_op_PartSelect.i32.i64.i32.i32, i64 %p_1, i32 32, i32 63" [/home/leon/Desktop/Project/ZUBOARD_1CG/hls_ip/conv2d_hls.cpp:143]   --->   Operation 43 'partselect' 'tmp_14' <Predicate = true> <Delay = 0.00>
ST_3 : Operation 44 [1/1] (1.20ns)   --->   "%icmp_ln144_2 = icmp_slt  i32 %output_cnt_4, i32 259200" [/home/leon/Desktop/Project/ZUBOARD_1CG/hls_ip/conv2d_hls.cpp:144]   --->   Operation 44 'icmp' 'icmp_ln144_2' <Predicate = true> <Delay = 1.20> <CoreInst = "Cmp">   --->   Core 9 'Cmp' <Latency = 0> <II = 1> <Delay = 1.20> <FuncUnit> <Opcode : 'icmp'> <InPorts = 2> <OutPorts = 1>

State 4 <SV = 3> <Delay = 3.16>
ST_4 : Operation 45 [1/1] (1.00ns)   --->   "%empty_50 = read i81 @_ssdm_op_Read.axis.volatile.i64P0A.i8P0A.i8P0A.i1P0A, i64 %data_in_V_data_V, i8 %data_in_V_keep_V, i8 %data_in_V_strb_V, i1 %data_in_V_last_V" [/home/leon/Desktop/Project/ZUBOARD_1CG/hls_ip/conv2d_hls.cpp:139]   --->   Operation 45 'read' 'empty_50' <Predicate = true> <Delay = 1.00> <CoreInst = "axis">   --->   Core 123 'axis' <Latency = 0> <II = 1> <Delay = 1.00> <Adapter> <Opcode : >
ST_4 : Operation 46 [1/1] (0.00ns)   --->   "%p_2 = extractvalue i81 %empty_50" [/home/leon/Desktop/Project/ZUBOARD_1CG/hls_ip/conv2d_hls.cpp:139]   --->   Operation 46 'extractvalue' 'p_2' <Predicate = true> <Delay = 0.00>
ST_4 : Operation 47 [1/1] (0.00ns)   --->   "%trunc_ln143_2 = trunc i64 %p_2" [/home/leon/Desktop/Project/ZUBOARD_1CG/hls_ip/conv2d_hls.cpp:143]   --->   Operation 47 'trunc' 'trunc_ln143_2' <Predicate = true> <Delay = 0.00>
ST_4 : Operation 48 [1/1] (0.00ns)   --->   "%tmp_56 = bitconcatenate i80 @_ssdm_op_BitConcatenate.i80.i48.i32, i48 %trunc_ln143_2, i32 %tmp_14" [/home/leon/Desktop/Project/ZUBOARD_1CG/hls_ip/conv2d_hls.cpp:143]   --->   Operation 48 'bitconcatenate' 'tmp_56' <Predicate = true> <Delay = 0.00>
ST_4 : Operation 49 [1/1] (0.48ns)   --->   "%br_ln144 = br i1 %icmp_ln144_2, void %for.inc17.2, void %if.then.2" [/home/leon/Desktop/Project/ZUBOARD_1CG/hls_ip/conv2d_hls.cpp:144]   --->   Operation 49 'br' 'br_ln144' <Predicate = true> <Delay = 0.48>
ST_4 : Operation 50 [1/1] (2.16ns)   --->   "%write_ln146 = write void @_ssdm_op_Write.ap_fifo.volatile.i80P0A, i80 %input_r, i80 %tmp_56" [/home/leon/Desktop/Project/ZUBOARD_1CG/hls_ip/conv2d_hls.cpp:146]   --->   Operation 50 'write' 'write_ln146' <Predicate = (icmp_ln144_2)> <Delay = 2.16> <CoreInst = "FIFO_SRL">   --->   Core 81 'FIFO_SRL' <Latency = 0> <II = 1> <Delay = 2.16> <Storage> <Opcode : 'read' 'write' 'nbread' 'nbwrite'> <Ports = 0> <Width = 80> <Depth = 2> <FIFO>
ST_4 : Operation 51 [1/1] (1.20ns)   --->   "%output_cnt_12 = add i32 %output_cnt_4, i32 1" [/home/leon/Desktop/Project/ZUBOARD_1CG/hls_ip/conv2d_hls.cpp:147]   --->   Operation 51 'add' 'output_cnt_12' <Predicate = (icmp_ln144_2)> <Delay = 1.20> <CoreInst = "Adder">   --->   Core 1 'Adder' <Latency = 0> <II = 1> <Delay = 1.20> <FuncUnit> <Opcode : 'add' 'sub'> <InPorts = 2> <OutPorts = 1>
ST_4 : Operation 52 [1/1] (0.48ns)   --->   "%br_ln148 = br void %for.inc17.2" [/home/leon/Desktop/Project/ZUBOARD_1CG/hls_ip/conv2d_hls.cpp:148]   --->   Operation 52 'br' 'br_ln148' <Predicate = (icmp_ln144_2)> <Delay = 0.48>
ST_4 : Operation 53 [1/1] (0.00ns)   --->   "%output_cnt_6 = phi i32 %output_cnt_12, void %if.then.2, i32 %output_cnt_4, void %for.inc17.1"   --->   Operation 53 'phi' 'output_cnt_6' <Predicate = true> <Delay = 0.00>
ST_4 : Operation 54 [1/1] (0.00ns)   --->   "%tmp_16 = partselect i16 @_ssdm_op_PartSelect.i16.i64.i32.i32, i64 %p_2, i32 48, i32 63" [/home/leon/Desktop/Project/ZUBOARD_1CG/hls_ip/conv2d_hls.cpp:143]   --->   Operation 54 'partselect' 'tmp_16' <Predicate = true> <Delay = 0.00>
ST_4 : Operation 55 [1/1] (1.20ns)   --->   "%icmp_ln144_3 = icmp_slt  i32 %output_cnt_6, i32 259200" [/home/leon/Desktop/Project/ZUBOARD_1CG/hls_ip/conv2d_hls.cpp:144]   --->   Operation 55 'icmp' 'icmp_ln144_3' <Predicate = true> <Delay = 1.20> <CoreInst = "Cmp">   --->   Core 9 'Cmp' <Latency = 0> <II = 1> <Delay = 1.20> <FuncUnit> <Opcode : 'icmp'> <InPorts = 2> <OutPorts = 1>

State 5 <SV = 4> <Delay = 3.16>
ST_5 : Operation 56 [1/1] (0.00ns)   --->   "%specpipeline_ln136 = specpipeline void @_ssdm_op_SpecPipeline, i32 4294967295, i32 0, i32 0, i32 0, void @empty_6" [/home/leon/Desktop/Project/ZUBOARD_1CG/hls_ip/conv2d_hls.cpp:136]   --->   Operation 56 'specpipeline' 'specpipeline_ln136' <Predicate = true> <Delay = 0.00>
ST_5 : Operation 57 [1/1] (0.00ns)   --->   "%speclooptripcount_ln134 = speclooptripcount void @_ssdm_op_SpecLoopTripCount, i64 64800, i64 64800, i64 64800" [/home/leon/Desktop/Project/ZUBOARD_1CG/hls_ip/conv2d_hls.cpp:134]   --->   Operation 57 'speclooptripcount' 'speclooptripcount_ln134' <Predicate = true> <Delay = 0.00>
ST_5 : Operation 58 [1/1] (0.00ns)   --->   "%specloopname_ln134 = specloopname void @_ssdm_op_SpecLoopName, void @empty_2" [/home/leon/Desktop/Project/ZUBOARD_1CG/hls_ip/conv2d_hls.cpp:134]   --->   Operation 58 'specloopname' 'specloopname_ln134' <Predicate = true> <Delay = 0.00>
ST_5 : Operation 59 [1/1] (1.00ns)   --->   "%empty_51 = read i81 @_ssdm_op_Read.axis.volatile.i64P0A.i8P0A.i8P0A.i1P0A, i64 %data_in_V_data_V, i8 %data_in_V_keep_V, i8 %data_in_V_strb_V, i1 %data_in_V_last_V" [/home/leon/Desktop/Project/ZUBOARD_1CG/hls_ip/conv2d_hls.cpp:139]   --->   Operation 59 'read' 'empty_51' <Predicate = true> <Delay = 1.00> <CoreInst = "axis">   --->   Core 123 'axis' <Latency = 0> <II = 1> <Delay = 1.00> <Adapter> <Opcode : >
ST_5 : Operation 60 [1/1] (0.00ns)   --->   "%p_3 = extractvalue i81 %empty_51" [/home/leon/Desktop/Project/ZUBOARD_1CG/hls_ip/conv2d_hls.cpp:139]   --->   Operation 60 'extractvalue' 'p_3' <Predicate = true> <Delay = 0.00>
ST_5 : Operation 61 [1/1] (0.00ns)   --->   "%tmp_57 = bitconcatenate i80 @_ssdm_op_BitConcatenate.i80.i64.i16, i64 %p_3, i16 %tmp_16" [/home/leon/Desktop/Project/ZUBOARD_1CG/hls_ip/conv2d_hls.cpp:143]   --->   Operation 61 'bitconcatenate' 'tmp_57' <Predicate = true> <Delay = 0.00>
ST_5 : Operation 62 [1/1] (0.48ns)   --->   "%br_ln144 = br i1 %icmp_ln144_3, void %for.inc17.3, void %if.then.3" [/home/leon/Desktop/Project/ZUBOARD_1CG/hls_ip/conv2d_hls.cpp:144]   --->   Operation 62 'br' 'br_ln144' <Predicate = true> <Delay = 0.48>
ST_5 : Operation 63 [1/1] (2.16ns)   --->   "%write_ln146 = write void @_ssdm_op_Write.ap_fifo.volatile.i80P0A, i80 %input_r, i80 %tmp_57" [/home/leon/Desktop/Project/ZUBOARD_1CG/hls_ip/conv2d_hls.cpp:146]   --->   Operation 63 'write' 'write_ln146' <Predicate = (icmp_ln144_3)> <Delay = 2.16> <CoreInst = "FIFO_SRL">   --->   Core 81 'FIFO_SRL' <Latency = 0> <II = 1> <Delay = 2.16> <Storage> <Opcode : 'read' 'write' 'nbread' 'nbwrite'> <Ports = 0> <Width = 80> <Depth = 2> <FIFO>
ST_5 : Operation 64 [1/1] (1.20ns)   --->   "%output_cnt_13 = add i32 %output_cnt_6, i32 1" [/home/leon/Desktop/Project/ZUBOARD_1CG/hls_ip/conv2d_hls.cpp:147]   --->   Operation 64 'add' 'output_cnt_13' <Predicate = (icmp_ln144_3)> <Delay = 1.20> <CoreInst = "Adder">   --->   Core 1 'Adder' <Latency = 0> <II = 1> <Delay = 1.20> <FuncUnit> <Opcode : 'add' 'sub'> <InPorts = 2> <OutPorts = 1>
ST_5 : Operation 65 [1/1] (0.48ns)   --->   "%br_ln148 = br void %for.inc17.3" [/home/leon/Desktop/Project/ZUBOARD_1CG/hls_ip/conv2d_hls.cpp:148]   --->   Operation 65 'br' 'br_ln148' <Predicate = (icmp_ln144_3)> <Delay = 0.48>
ST_5 : Operation 66 [1/1] (0.00ns)   --->   "%output_cnt_8 = phi i32 %output_cnt_13, void %if.then.3, i32 %output_cnt_6, void %for.inc17.2"   --->   Operation 66 'phi' 'output_cnt_8' <Predicate = true> <Delay = 0.00>
ST_5 : Operation 67 [1/1] (1.05ns)   --->   "%i_3 = add i19 %i_2, i19 5" [/home/leon/Desktop/Project/ZUBOARD_1CG/hls_ip/conv2d_hls.cpp:134]   --->   Operation 67 'add' 'i_3' <Predicate = true> <Delay = 1.05> <CoreInst = "Adder">   --->   Core 1 'Adder' <Latency = 0> <II = 1> <Delay = 1.05> <FuncUnit> <Opcode : 'add' 'sub'> <InPorts = 2> <OutPorts = 1>
ST_5 : Operation 68 [1/1] (0.48ns)   --->   "%store_ln133 = store i32 %output_cnt_8, i32 %output_cnt" [/home/leon/Desktop/Project/ZUBOARD_1CG/hls_ip/conv2d_hls.cpp:133]   --->   Operation 68 'store' 'store_ln133' <Predicate = true> <Delay = 0.48>
ST_5 : Operation 69 [1/1] (0.48ns)   --->   "%store_ln134 = store i19 %i_3, i19 %i" [/home/leon/Desktop/Project/ZUBOARD_1CG/hls_ip/conv2d_hls.cpp:134]   --->   Operation 69 'store' 'store_ln134' <Predicate = true> <Delay = 0.48>
ST_5 : Operation 70 [1/1] (0.00ns)   --->   "%br_ln134 = br void %VITIS_LOOP_137_2" [/home/leon/Desktop/Project/ZUBOARD_1CG/hls_ip/conv2d_hls.cpp:134]   --->   Operation 70 'br' 'br_ln134' <Predicate = true> <Delay = 0.00>


============================================================
+ Verbose Summary: Binding
============================================================
STG Binding: 
---------------- STG Properties BEGIN ----------------
- Is combinational: 0
- Is one-state seq: 0
- Is datapath-only: 0
- Is pipelined: 0
- Is top level: 0
Port [ Return ] is wired: 1; IO mode=ap_ctrl_hs:ce=0
Port [ data_in_V_data_V]:  wired=1; compound=1; hidden=0; nouse=0; global=0; static=0; extern=0; dir=0; type=0; pingpong=0; private_global=0; IO mode=axis:ce=0
Port [ data_in_V_keep_V]:  wired=1; compound=1; hidden=0; nouse=0; global=0; static=0; extern=0; dir=0; type=0; pingpong=0; private_global=0; IO mode=axis:ce=0
Port [ data_in_V_strb_V]:  wired=1; compound=1; hidden=0; nouse=0; global=0; static=0; extern=0; dir=0; type=0; pingpong=0; private_global=0; IO mode=axis:ce=0
Port [ data_in_V_last_V]:  wired=1; compound=1; hidden=0; nouse=0; global=0; static=0; extern=0; dir=0; type=0; pingpong=0; private_global=0; IO mode=axis:ce=0
Port [ input_r]:  wired=1; compound=1; hidden=0; nouse=0; global=0; static=0; extern=0; dir=1; type=3; pingpong=0; private_global=0; IO mode=ap_fifo:ce=0
---------------- STG Properties END ------------------

---------------- Datapath Model BEGIN ----------------

<LifeTime>
<method=bitvector/>
i                       (alloca             ) [ 011111]
output_cnt              (alloca             ) [ 011111]
specaxissidechannel_ln0 (specaxissidechannel) [ 000000]
specinterface_ln0       (specinterface      ) [ 000000]
specinterface_ln0       (specinterface      ) [ 000000]
store_ln133             (store              ) [ 000000]
store_ln134             (store              ) [ 000000]
br_ln134                (br                 ) [ 000000]
i_2                     (load               ) [ 001111]
output_cnt_9            (load               ) [ 011000]
icmp_ln134              (icmp               ) [ 011111]
br_ln134                (br                 ) [ 000000]
empty                   (read               ) [ 000000]
p_0                     (extractvalue       ) [ 001000]
icmp_ln144              (icmp               ) [ 011111]
br_ln144                (br                 ) [ 011000]
empty_48                (read               ) [ 000000]
p_s                     (extractvalue       ) [ 000000]
trunc_ln143             (trunc              ) [ 000000]
tmp                     (bitconcatenate     ) [ 000000]
write_ln146             (write              ) [ 000000]
output_cnt_10           (add                ) [ 000000]
br_ln148                (br                 ) [ 000000]
output_cnt_2            (phi                ) [ 001100]
tmp_12                  (partselect         ) [ 000100]
icmp_ln144_1            (icmp               ) [ 000111]
empty_49                (read               ) [ 000000]
p_1                     (extractvalue       ) [ 000000]
trunc_ln143_1           (trunc              ) [ 000000]
tmp_s                   (bitconcatenate     ) [ 000000]
br_ln144                (br                 ) [ 000000]
write_ln146             (write              ) [ 000000]
output_cnt_11           (add                ) [ 000000]
br_ln148                (br                 ) [ 000000]
output_cnt_4            (phi                ) [ 000110]
tmp_14                  (partselect         ) [ 000010]
icmp_ln144_2            (icmp               ) [ 000011]
empty_50                (read               ) [ 000000]
p_2                     (extractvalue       ) [ 000000]
trunc_ln143_2           (trunc              ) [ 000000]
tmp_56                  (bitconcatenate     ) [ 000000]
br_ln144                (br                 ) [ 000000]
write_ln146             (write              ) [ 000000]
output_cnt_12           (add                ) [ 000000]
br_ln148                (br                 ) [ 000000]
output_cnt_6            (phi                ) [ 000011]
tmp_16                  (partselect         ) [ 000001]
icmp_ln144_3            (icmp               ) [ 000001]
specpipeline_ln136      (specpipeline       ) [ 000000]
speclooptripcount_ln134 (speclooptripcount  ) [ 000000]
specloopname_ln134      (specloopname       ) [ 000000]
empty_51                (read               ) [ 000000]
p_3                     (extractvalue       ) [ 000000]
tmp_57                  (bitconcatenate     ) [ 000000]
br_ln144                (br                 ) [ 000000]
write_ln146             (write              ) [ 000000]
output_cnt_13           (add                ) [ 000000]
br_ln148                (br                 ) [ 000000]
output_cnt_8            (phi                ) [ 000001]
i_3                     (add                ) [ 000000]
store_ln133             (store              ) [ 000000]
store_ln134             (store              ) [ 000000]
br_ln134                (br                 ) [ 000000]
ret_ln151               (ret                ) [ 000000]
</LifeTime>

<model>

<comp_list>
<comp id="0" class="1000" name="data_in_V_data_V">
<pin_list>
<pin id="1" dir="1" index="0" bw="1" slack="0"/>
</pin_list>
<bind>
<StgValue><ssdm name="data_in_V_data_V"/></StgValue>
</bind>
</comp>

<comp id="2" class="1000" name="data_in_V_keep_V">
<pin_list>
<pin id="3" dir="1" index="0" bw="1" slack="0"/>
</pin_list>
<bind>
<StgValue><ssdm name="data_in_V_keep_V"/></StgValue>
</bind>
</comp>

<comp id="4" class="1000" name="data_in_V_strb_V">
<pin_list>
<pin id="5" dir="1" index="0" bw="1" slack="0"/>
</pin_list>
<bind>
<StgValue><ssdm name="data_in_V_strb_V"/></StgValue>
</bind>
</comp>

<comp id="6" class="1000" name="data_in_V_last_V">
<pin_list>
<pin id="7" dir="1" index="0" bw="1" slack="0"/>
</pin_list>
<bind>
<StgValue><ssdm name="data_in_V_last_V"/></StgValue>
</bind>
</comp>

<comp id="8" class="1000" name="input_r">
<pin_list>
<pin id="9" dir="1" index="0" bw="1" slack="0"/>
</pin_list>
<bind>
<StgValue><ssdm name="input_r"/></StgValue>
</bind>
</comp>

<comp id="10" class="1001" name="const_10">
<pin_list>
<pin id="11" dir="1" index="0" bw="1" slack="0"/>
</pin_list>
<bind>
<StgValue><ssdm name=""/></StgValue>
</bind>
</comp>

<comp id="12" class="1001" name="const_12">
<pin_list>
<pin id="13" dir="1" index="0" bw="1" slack="2147483647"/>
</pin_list>
<bind>
<StgValue><ssdm name="_ssdm_op_SpecAXISSideChannel"/></StgValue>
</bind>
</comp>

<comp id="14" class="1001" name="const_14">
<pin_list>
<pin id="15" dir="1" index="0" bw="1" slack="2147483647"/>
</pin_list>
<bind>
<StgValue><ssdm name=""/></StgValue>
</bind>
</comp>

<comp id="16" class="1001" name="const_16">
<pin_list>
<pin id="17" dir="1" index="0" bw="1" slack="2147483647"/>
</pin_list>
<bind>
<StgValue><ssdm name="empty_4"/></StgValue>
</bind>
</comp>

<comp id="18" class="1001" name="const_18">
<pin_list>
<pin id="19" dir="1" index="0" bw="1" slack="2147483647"/>
</pin_list>
<bind>
<StgValue><ssdm name="_ssdm_op_SpecInterface"/></StgValue>
</bind>
</comp>

<comp id="20" class="1001" name="const_20">
<pin_list>
<pin id="21" dir="1" index="0" bw="1" slack="2147483647"/>
</pin_list>
<bind>
<StgValue><ssdm name="empty_5"/></StgValue>
</bind>
</comp>

<comp id="22" class="1001" name="const_22">
<pin_list>
<pin id="23" dir="1" index="0" bw="1" slack="0"/>
</pin_list>
<bind>
<StgValue><ssdm name=""/></StgValue>
</bind>
</comp>

<comp id="24" class="1001" name="const_24">
<pin_list>
<pin id="25" dir="1" index="0" bw="1" slack="2147483647"/>
</pin_list>
<bind>
<StgValue><ssdm name="empty_6"/></StgValue>
</bind>
</comp>

<comp id="26" class="1001" name="const_26">
<pin_list>
<pin id="27" dir="1" index="0" bw="1" slack="2147483647"/>
</pin_list>
<bind>
<StgValue><ssdm name=""/></StgValue>
</bind>
</comp>

<comp id="28" class="1001" name="const_28">
<pin_list>
<pin id="29" dir="1" index="0" bw="1" slack="2147483647"/>
</pin_list>
<bind>
<StgValue><ssdm name="empty_7"/></StgValue>
</bind>
</comp>

<comp id="30" class="1001" name="const_30">
<pin_list>
<pin id="31" dir="1" index="0" bw="1" slack="2147483647"/>
</pin_list>
<bind>
<StgValue><ssdm name="empty_10"/></StgValue>
</bind>
</comp>

<comp id="32" class="1001" name="const_32">
<pin_list>
<pin id="33" dir="1" index="0" bw="1" slack="0"/>
</pin_list>
<bind>
<StgValue><ssdm name=""/></StgValue>
</bind>
</comp>

<comp id="34" class="1001" name="const_34">
<pin_list>
<pin id="35" dir="1" index="0" bw="1" slack="0"/>
</pin_list>
<bind>
<StgValue><ssdm name=""/></StgValue>
</bind>
</comp>

<comp id="36" class="1001" name="const_36">
<pin_list>
<pin id="37" dir="1" index="0" bw="1" slack="0"/>
</pin_list>
<bind>
<StgValue><ssdm name="_ssdm_op_Read.axis.volatile.i64P0A.i8P0A.i8P0A.i1P0A"/></StgValue>
</bind>
</comp>

<comp id="38" class="1001" name="const_38">
<pin_list>
<pin id="39" dir="1" index="0" bw="1" slack="0"/>
</pin_list>
<bind>
<StgValue><ssdm name=""/></StgValue>
</bind>
</comp>

<comp id="40" class="1001" name="const_40">
<pin_list>
<pin id="41" dir="1" index="0" bw="1" slack="0"/>
</pin_list>
<bind>
<StgValue><ssdm name="_ssdm_op_BitConcatenate.i80.i16.i64"/></StgValue>
</bind>
</comp>

<comp id="42" class="1001" name="const_42">
<pin_list>
<pin id="43" dir="1" index="0" bw="1" slack="0"/>
</pin_list>
<bind>
<StgValue><ssdm name="_ssdm_op_Write.ap_fifo.volatile.i80P0A"/></StgValue>
</bind>
</comp>

<comp id="44" class="1001" name="const_44">
<pin_list>
<pin id="45" dir="1" index="0" bw="1" slack="0"/>
</pin_list>
<bind>
<StgValue><ssdm name="_ssdm_op_PartSelect.i48.i64.i32.i32"/></StgValue>
</bind>
</comp>

<comp id="46" class="1001" name="const_46">
<pin_list>
<pin id="47" dir="1" index="0" bw="1" slack="0"/>
</pin_list>
<bind>
<StgValue><ssdm name=""/></StgValue>
</bind>
</comp>

<comp id="48" class="1001" name="const_48">
<pin_list>
<pin id="49" dir="1" index="0" bw="1" slack="0"/>
</pin_list>
<bind>
<StgValue><ssdm name=""/></StgValue>
</bind>
</comp>

<comp id="50" class="1001" name="const_50">
<pin_list>
<pin id="51" dir="1" index="0" bw="1" slack="0"/>
</pin_list>
<bind>
<StgValue><ssdm name="_ssdm_op_BitConcatenate.i80.i32.i48"/></StgValue>
</bind>
</comp>

<comp id="52" class="1001" name="const_52">
<pin_list>
<pin id="53" dir="1" index="0" bw="1" slack="0"/>
</pin_list>
<bind>
<StgValue><ssdm name="_ssdm_op_PartSelect.i32.i64.i32.i32"/></StgValue>
</bind>
</comp>

<comp id="54" class="1001" name="const_54">
<pin_list>
<pin id="55" dir="1" index="0" bw="1" slack="0"/>
</pin_list>
<bind>
<StgValue><ssdm name=""/></StgValue>
</bind>
</comp>

<comp id="56" class="1001" name="const_56">
<pin_list>
<pin id="57" dir="1" index="0" bw="1" slack="0"/>
</pin_list>
<bind>
<StgValue><ssdm name="_ssdm_op_BitConcatenate.i80.i48.i32"/></StgValue>
</bind>
</comp>

<comp id="58" class="1001" name="const_58">
<pin_list>
<pin id="59" dir="1" index="0" bw="1" slack="0"/>
</pin_list>
<bind>
<StgValue><ssdm name="_ssdm_op_PartSelect.i16.i64.i32.i32"/></StgValue>
</bind>
</comp>

<comp id="60" class="1001" name="const_60">
<pin_list>
<pin id="61" dir="1" index="0" bw="1" slack="0"/>
</pin_list>
<bind>
<StgValue><ssdm name=""/></StgValue>
</bind>
</comp>

<comp id="62" class="1001" name="const_62">
<pin_list>
<pin id="63" dir="1" index="0" bw="1" slack="2147483647"/>
</pin_list>
<bind>
<StgValue><ssdm name="_ssdm_op_SpecPipeline"/></StgValue>
</bind>
</comp>

<comp id="64" class="1001" name="const_64">
<pin_list>
<pin id="65" dir="1" index="0" bw="1" slack="2147483647"/>
</pin_list>
<bind>
<StgValue><ssdm name="_ssdm_op_SpecLoopTripCount"/></StgValue>
</bind>
</comp>

<comp id="66" class="1001" name="const_66">
<pin_list>
<pin id="67" dir="1" index="0" bw="1" slack="2147483647"/>
</pin_list>
<bind>
<StgValue><ssdm name=""/></StgValue>
</bind>
</comp>

<comp id="68" class="1001" name="const_68">
<pin_list>
<pin id="69" dir="1" index="0" bw="1" slack="2147483647"/>
</pin_list>
<bind>
<StgValue><ssdm name="_ssdm_op_SpecLoopName"/></StgValue>
</bind>
</comp>

<comp id="70" class="1001" name="const_70">
<pin_list>
<pin id="71" dir="1" index="0" bw="1" slack="2147483647"/>
</pin_list>
<bind>
<StgValue><ssdm name="empty_2"/></StgValue>
</bind>
</comp>

<comp id="72" class="1001" name="const_72">
<pin_list>
<pin id="73" dir="1" index="0" bw="1" slack="0"/>
</pin_list>
<bind>
<StgValue><ssdm name="_ssdm_op_BitConcatenate.i80.i64.i16"/></StgValue>
</bind>
</comp>

<comp id="74" class="1001" name="const_74">
<pin_list>
<pin id="75" dir="1" index="0" bw="1" slack="0"/>
</pin_list>
<bind>
<StgValue><ssdm name=""/></StgValue>
</bind>
</comp>

<comp id="76" class="1004" name="i_fu_76">
<pin_list>
<pin id="77" dir="0" index="0" bw="1" slack="0"/>
<pin id="78" dir="1" index="1" bw="19" slack="0"/>
</pin_list>
<bind>
<opcode="alloca(26) " fcode="alloca"/>
<opset="i/1 "/>
</bind>
</comp>

<comp id="80" class="1004" name="output_cnt_fu_80">
<pin_list>
<pin id="81" dir="0" index="0" bw="1" slack="0"/>
<pin id="82" dir="1" index="1" bw="32" slack="0"/>
</pin_list>
<bind>
<opcode="alloca(26) " fcode="alloca"/>
<opset="output_cnt/1 "/>
</bind>
</comp>

<comp id="84" class="1004" name="grp_read_fu_84">
<pin_list>
<pin id="85" dir="0" index="0" bw="81" slack="0"/>
<pin id="86" dir="0" index="1" bw="64" slack="0"/>
<pin id="87" dir="0" index="2" bw="8" slack="0"/>
<pin id="88" dir="0" index="3" bw="8" slack="0"/>
<pin id="89" dir="0" index="4" bw="1" slack="0"/>
<pin id="90" dir="1" index="5" bw="81" slack="0"/>
</pin_list>
<bind>
<opcode="read(1150) " fcode="read"/>
<opset="empty/1 empty_48/2 empty_49/3 empty_50/4 empty_51/5 "/>
</bind>
</comp>

<comp id="96" class="1004" name="grp_write_fu_96">
<pin_list>
<pin id="97" dir="0" index="0" bw="0" slack="0"/>
<pin id="98" dir="0" index="1" bw="80" slack="0"/>
<pin id="99" dir="0" index="2" bw="80" slack="0"/>
<pin id="100" dir="1" index="3" bw="0" slack="2147483647"/>
</pin_list>
<bind>
<opcode="write(1151) " fcode="write"/>
<opset="write_ln146/2 write_ln146/3 write_ln146/4 write_ln146/5 "/>
</bind>
</comp>

<comp id="103" class="1005" name="output_cnt_2_reg_103">
<pin_list>
<pin id="104" dir="0" index="0" bw="32" slack="1"/>
<pin id="105" dir="1" index="1" bw="32" slack="1"/>
</pin_list>
<bind>
<opset="output_cnt_2 (phireg) "/>
</bind>
</comp>

<comp id="106" class="1004" name="output_cnt_2_phi_fu_106">
<pin_list>
<pin id="107" dir="0" index="0" bw="32" slack="0"/>
<pin id="108" dir="0" index="1" bw="0" slack="2147483647"/>
<pin id="109" dir="0" index="2" bw="32" slack="1"/>
<pin id="110" dir="0" index="3" bw="0" slack="2147483647"/>
<pin id="111" dir="1" index="4" bw="32" slack="0"/>
</pin_list>
<bind>
<opcode="phi(47) " fcode="phi"/>
<opset="output_cnt_2/2 "/>
</bind>
</comp>

<comp id="113" class="1005" name="output_cnt_4_reg_113">
<pin_list>
<pin id="114" dir="0" index="0" bw="32" slack="1"/>
<pin id="115" dir="1" index="1" bw="32" slack="1"/>
</pin_list>
<bind>
<opset="output_cnt_4 (phireg) "/>
</bind>
</comp>

<comp id="116" class="1004" name="output_cnt_4_phi_fu_116">
<pin_list>
<pin id="117" dir="0" index="0" bw="32" slack="0"/>
<pin id="118" dir="0" index="1" bw="0" slack="2147483647"/>
<pin id="119" dir="0" index="2" bw="32" slack="1"/>
<pin id="120" dir="0" index="3" bw="0" slack="2147483647"/>
<pin id="121" dir="1" index="4" bw="32" slack="0"/>
</pin_list>
<bind>
<opcode="phi(47) " fcode="phi"/>
<opset="output_cnt_4/3 "/>
</bind>
</comp>

<comp id="124" class="1005" name="output_cnt_6_reg_124">
<pin_list>
<pin id="125" dir="0" index="0" bw="32" slack="1"/>
<pin id="126" dir="1" index="1" bw="32" slack="1"/>
</pin_list>
<bind>
<opset="output_cnt_6 (phireg) "/>
</bind>
</comp>

<comp id="127" class="1004" name="output_cnt_6_phi_fu_127">
<pin_list>
<pin id="128" dir="0" index="0" bw="32" slack="0"/>
<pin id="129" dir="0" index="1" bw="0" slack="2147483647"/>
<pin id="130" dir="0" index="2" bw="32" slack="1"/>
<pin id="131" dir="0" index="3" bw="0" slack="2147483647"/>
<pin id="132" dir="1" index="4" bw="32" slack="0"/>
</pin_list>
<bind>
<opcode="phi(47) " fcode="phi"/>
<opset="output_cnt_6/4 "/>
</bind>
</comp>

<comp id="135" class="1005" name="output_cnt_8_reg_135">
<pin_list>
<pin id="136" dir="0" index="0" bw="32" slack="2147483647"/>
<pin id="137" dir="1" index="1" bw="32" slack="2147483647"/>
</pin_list>
<bind>
<opset="output_cnt_8 (phireg) "/>
</bind>
</comp>

<comp id="138" class="1004" name="output_cnt_8_phi_fu_138">
<pin_list>
<pin id="139" dir="0" index="0" bw="32" slack="0"/>
<pin id="140" dir="0" index="1" bw="0" slack="2147483647"/>
<pin id="141" dir="0" index="2" bw="32" slack="1"/>
<pin id="142" dir="0" index="3" bw="0" slack="2147483647"/>
<pin id="143" dir="1" index="4" bw="32" slack="0"/>
</pin_list>
<bind>
<opcode="phi(47) " fcode="phi"/>
<opset="output_cnt_8/5 "/>
</bind>
</comp>

<comp id="145" class="1004" name="grp_fu_145">
<pin_list>
<pin id="146" dir="0" index="0" bw="81" slack="0"/>
<pin id="147" dir="1" index="1" bw="64" slack="0"/>
</pin_list>
<bind>
<opcode="extractvalue(56) " fcode="extractvalue"/>
<opset="p_0/1 p_s/2 p_1/3 p_2/4 p_3/5 "/>
</bind>
</comp>

<comp id="149" class="1004" name="store_ln133_store_fu_149">
<pin_list>
<pin id="150" dir="0" index="0" bw="1" slack="0"/>
<pin id="151" dir="0" index="1" bw="32" slack="0"/>
<pin id="152" dir="1" index="2" bw="0" slack="2147483647"/>
</pin_list>
<bind>
<opcode="store(28) " fcode="store"/>
<opset="store_ln133/1 "/>
</bind>
</comp>

<comp id="154" class="1004" name="store_ln134_store_fu_154">
<pin_list>
<pin id="155" dir="0" index="0" bw="1" slack="0"/>
<pin id="156" dir="0" index="1" bw="19" slack="0"/>
<pin id="157" dir="1" index="2" bw="0" slack="2147483647"/>
</pin_list>
<bind>
<opcode="store(28) " fcode="store"/>
<opset="store_ln134/1 "/>
</bind>
</comp>

<comp id="159" class="1004" name="i_2_load_fu_159">
<pin_list>
<pin id="160" dir="0" index="0" bw="19" slack="0"/>
<pin id="161" dir="1" index="1" bw="19" slack="0"/>
</pin_list>
<bind>
<opcode="load(27) " fcode="load"/>
<opset="i_2/1 "/>
</bind>
</comp>

<comp id="162" class="1004" name="output_cnt_9_load_fu_162">
<pin_list>
<pin id="163" dir="0" index="0" bw="32" slack="0"/>
<pin id="164" dir="1" index="1" bw="32" slack="0"/>
</pin_list>
<bind>
<opcode="load(27) " fcode="load"/>
<opset="output_cnt_9/1 "/>
</bind>
</comp>

<comp id="165" class="1004" name="icmp_ln134_fu_165">
<pin_list>
<pin id="166" dir="0" index="0" bw="19" slack="0"/>
<pin id="167" dir="0" index="1" bw="19" slack="0"/>
<pin id="168" dir="1" index="2" bw="1" slack="1"/>
</pin_list>
<bind>
<opcode="icmp(45) " fcode="icmp"/>
<opset="icmp_ln134/1 "/>
</bind>
</comp>

<comp id="171" class="1004" name="icmp_ln144_fu_171">
<pin_list>
<pin id="172" dir="0" index="0" bw="32" slack="0"/>
<pin id="173" dir="0" index="1" bw="19" slack="0"/>
<pin id="174" dir="1" index="2" bw="1" slack="1"/>
</pin_list>
<bind>
<opcode="icmp(45) " fcode="icmp"/>
<opset="icmp_ln144/1 "/>
</bind>
</comp>

<comp id="177" class="1004" name="trunc_ln143_fu_177">
<pin_list>
<pin id="178" dir="0" index="0" bw="64" slack="0"/>
<pin id="179" dir="1" index="1" bw="16" slack="0"/>
</pin_list>
<bind>
<opcode="trunc(33) " fcode="trunc"/>
<opset="trunc_ln143/2 "/>
</bind>
</comp>

<comp id="181" class="1004" name="tmp_fu_181">
<pin_list>
<pin id="182" dir="0" index="0" bw="80" slack="0"/>
<pin id="183" dir="0" index="1" bw="16" slack="0"/>
<pin id="184" dir="0" index="2" bw="64" slack="1"/>
<pin id="185" dir="1" index="3" bw="80" slack="0"/>
</pin_list>
<bind>
<opcode="bitconcatenate(1004) " fcode="bitconcatenate"/>
<opset="tmp/2 "/>
</bind>
</comp>

<comp id="189" class="1004" name="output_cnt_10_fu_189">
<pin_list>
<pin id="190" dir="0" index="0" bw="32" slack="1"/>
<pin id="191" dir="0" index="1" bw="1" slack="0"/>
<pin id="192" dir="1" index="2" bw="32" slack="0"/>
</pin_list>
<bind>
<opcode="add(8) " fcode="add"/>
<opset="output_cnt_10/2 "/>
</bind>
</comp>

<comp id="195" class="1004" name="tmp_12_fu_195">
<pin_list>
<pin id="196" dir="0" index="0" bw="48" slack="0"/>
<pin id="197" dir="0" index="1" bw="64" slack="0"/>
<pin id="198" dir="0" index="2" bw="6" slack="0"/>
<pin id="199" dir="0" index="3" bw="7" slack="0"/>
<pin id="200" dir="1" index="4" bw="48" slack="1"/>
</pin_list>
<bind>
<opcode="partselect(1002) " fcode="partselect"/>
<opset="tmp_12/2 "/>
</bind>
</comp>

<comp id="205" class="1004" name="icmp_ln144_1_fu_205">
<pin_list>
<pin id="206" dir="0" index="0" bw="32" slack="0"/>
<pin id="207" dir="0" index="1" bw="19" slack="0"/>
<pin id="208" dir="1" index="2" bw="1" slack="1"/>
</pin_list>
<bind>
<opcode="icmp(45) " fcode="icmp"/>
<opset="icmp_ln144_1/2 "/>
</bind>
</comp>

<comp id="211" class="1004" name="trunc_ln143_1_fu_211">
<pin_list>
<pin id="212" dir="0" index="0" bw="64" slack="0"/>
<pin id="213" dir="1" index="1" bw="32" slack="0"/>
</pin_list>
<bind>
<opcode="trunc(33) " fcode="trunc"/>
<opset="trunc_ln143_1/3 "/>
</bind>
</comp>

<comp id="215" class="1004" name="tmp_s_fu_215">
<pin_list>
<pin id="216" dir="0" index="0" bw="80" slack="0"/>
<pin id="217" dir="0" index="1" bw="32" slack="0"/>
<pin id="218" dir="0" index="2" bw="48" slack="1"/>
<pin id="219" dir="1" index="3" bw="80" slack="0"/>
</pin_list>
<bind>
<opcode="bitconcatenate(1004) " fcode="bitconcatenate"/>
<opset="tmp_s/3 "/>
</bind>
</comp>

<comp id="223" class="1004" name="output_cnt_11_fu_223">
<pin_list>
<pin id="224" dir="0" index="0" bw="32" slack="1"/>
<pin id="225" dir="0" index="1" bw="1" slack="0"/>
<pin id="226" dir="1" index="2" bw="32" slack="0"/>
</pin_list>
<bind>
<opcode="add(8) " fcode="add"/>
<opset="output_cnt_11/3 "/>
</bind>
</comp>

<comp id="230" class="1004" name="tmp_14_fu_230">
<pin_list>
<pin id="231" dir="0" index="0" bw="32" slack="0"/>
<pin id="232" dir="0" index="1" bw="64" slack="0"/>
<pin id="233" dir="0" index="2" bw="7" slack="0"/>
<pin id="234" dir="0" index="3" bw="7" slack="0"/>
<pin id="235" dir="1" index="4" bw="32" slack="1"/>
</pin_list>
<bind>
<opcode="partselect(1002) " fcode="partselect"/>
<opset="tmp_14/3 "/>
</bind>
</comp>

<comp id="240" class="1004" name="icmp_ln144_2_fu_240">
<pin_list>
<pin id="241" dir="0" index="0" bw="32" slack="0"/>
<pin id="242" dir="0" index="1" bw="19" slack="0"/>
<pin id="243" dir="1" index="2" bw="1" slack="1"/>
</pin_list>
<bind>
<opcode="icmp(45) " fcode="icmp"/>
<opset="icmp_ln144_2/3 "/>
</bind>
</comp>

<comp id="246" class="1004" name="trunc_ln143_2_fu_246">
<pin_list>
<pin id="247" dir="0" index="0" bw="64" slack="0"/>
<pin id="248" dir="1" index="1" bw="48" slack="0"/>
</pin_list>
<bind>
<opcode="trunc(33) " fcode="trunc"/>
<opset="trunc_ln143_2/4 "/>
</bind>
</comp>

<comp id="250" class="1004" name="tmp_56_fu_250">
<pin_list>
<pin id="251" dir="0" index="0" bw="80" slack="0"/>
<pin id="252" dir="0" index="1" bw="48" slack="0"/>
<pin id="253" dir="0" index="2" bw="32" slack="1"/>
<pin id="254" dir="1" index="3" bw="80" slack="0"/>
</pin_list>
<bind>
<opcode="bitconcatenate(1004) " fcode="bitconcatenate"/>
<opset="tmp_56/4 "/>
</bind>
</comp>

<comp id="258" class="1004" name="output_cnt_12_fu_258">
<pin_list>
<pin id="259" dir="0" index="0" bw="32" slack="1"/>
<pin id="260" dir="0" index="1" bw="1" slack="0"/>
<pin id="261" dir="1" index="2" bw="32" slack="0"/>
</pin_list>
<bind>
<opcode="add(8) " fcode="add"/>
<opset="output_cnt_12/4 "/>
</bind>
</comp>

<comp id="265" class="1004" name="tmp_16_fu_265">
<pin_list>
<pin id="266" dir="0" index="0" bw="16" slack="0"/>
<pin id="267" dir="0" index="1" bw="64" slack="0"/>
<pin id="268" dir="0" index="2" bw="7" slack="0"/>
<pin id="269" dir="0" index="3" bw="7" slack="0"/>
<pin id="270" dir="1" index="4" bw="16" slack="1"/>
</pin_list>
<bind>
<opcode="partselect(1002) " fcode="partselect"/>
<opset="tmp_16/4 "/>
</bind>
</comp>

<comp id="275" class="1004" name="icmp_ln144_3_fu_275">
<pin_list>
<pin id="276" dir="0" index="0" bw="32" slack="0"/>
<pin id="277" dir="0" index="1" bw="19" slack="0"/>
<pin id="278" dir="1" index="2" bw="1" slack="1"/>
</pin_list>
<bind>
<opcode="icmp(45) " fcode="icmp"/>
<opset="icmp_ln144_3/4 "/>
</bind>
</comp>

<comp id="281" class="1004" name="tmp_57_fu_281">
<pin_list>
<pin id="282" dir="0" index="0" bw="80" slack="0"/>
<pin id="283" dir="0" index="1" bw="64" slack="0"/>
<pin id="284" dir="0" index="2" bw="16" slack="1"/>
<pin id="285" dir="1" index="3" bw="80" slack="0"/>
</pin_list>
<bind>
<opcode="bitconcatenate(1004) " fcode="bitconcatenate"/>
<opset="tmp_57/5 "/>
</bind>
</comp>

<comp id="289" class="1004" name="output_cnt_13_fu_289">
<pin_list>
<pin id="290" dir="0" index="0" bw="32" slack="1"/>
<pin id="291" dir="0" index="1" bw="1" slack="0"/>
<pin id="292" dir="1" index="2" bw="32" slack="0"/>
</pin_list>
<bind>
<opcode="add(8) " fcode="add"/>
<opset="output_cnt_13/5 "/>
</bind>
</comp>

<comp id="296" class="1004" name="i_3_fu_296">
<pin_list>
<pin id="297" dir="0" index="0" bw="19" slack="4"/>
<pin id="298" dir="0" index="1" bw="4" slack="0"/>
<pin id="299" dir="1" index="2" bw="19" slack="0"/>
</pin_list>
<bind>
<opcode="add(8) " fcode="add"/>
<opset="i_3/5 "/>
</bind>
</comp>

<comp id="301" class="1004" name="store_ln133_store_fu_301">
<pin_list>
<pin id="302" dir="0" index="0" bw="32" slack="0"/>
<pin id="303" dir="0" index="1" bw="32" slack="4"/>
<pin id="304" dir="1" index="2" bw="0" slack="2147483647"/>
</pin_list>
<bind>
<opcode="store(28) " fcode="store"/>
<opset="store_ln133/5 "/>
</bind>
</comp>

<comp id="306" class="1004" name="store_ln134_store_fu_306">
<pin_list>
<pin id="307" dir="0" index="0" bw="19" slack="0"/>
<pin id="308" dir="0" index="1" bw="19" slack="4"/>
<pin id="309" dir="1" index="2" bw="0" slack="2147483647"/>
</pin_list>
<bind>
<opcode="store(28) " fcode="store"/>
<opset="store_ln134/5 "/>
</bind>
</comp>

<comp id="311" class="1005" name="i_reg_311">
<pin_list>
<pin id="312" dir="0" index="0" bw="19" slack="0"/>
<pin id="313" dir="1" index="1" bw="19" slack="0"/>
</pin_list>
<bind>
<opset="i "/>
</bind>
</comp>

<comp id="318" class="1005" name="output_cnt_reg_318">
<pin_list>
<pin id="319" dir="0" index="0" bw="32" slack="0"/>
<pin id="320" dir="1" index="1" bw="32" slack="0"/>
</pin_list>
<bind>
<opset="output_cnt "/>
</bind>
</comp>

<comp id="325" class="1005" name="i_2_reg_325">
<pin_list>
<pin id="326" dir="0" index="0" bw="19" slack="4"/>
<pin id="327" dir="1" index="1" bw="19" slack="4"/>
</pin_list>
<bind>
<opset="i_2 "/>
</bind>
</comp>

<comp id="330" class="1005" name="output_cnt_9_reg_330">
<pin_list>
<pin id="331" dir="0" index="0" bw="32" slack="1"/>
<pin id="332" dir="1" index="1" bw="32" slack="1"/>
</pin_list>
<bind>
<opset="output_cnt_9 "/>
</bind>
</comp>

<comp id="336" class="1005" name="icmp_ln134_reg_336">
<pin_list>
<pin id="337" dir="0" index="0" bw="1" slack="1"/>
<pin id="338" dir="1" index="1" bw="1" slack="2147483647"/>
</pin_list>
<bind>
<opset="icmp_ln134 "/>
</bind>
</comp>

<comp id="340" class="1005" name="p_0_reg_340">
<pin_list>
<pin id="341" dir="0" index="0" bw="64" slack="1"/>
<pin id="342" dir="1" index="1" bw="64" slack="1"/>
</pin_list>
<bind>
<opset="p_0 "/>
</bind>
</comp>

<comp id="345" class="1005" name="icmp_ln144_reg_345">
<pin_list>
<pin id="346" dir="0" index="0" bw="1" slack="1"/>
<pin id="347" dir="1" index="1" bw="1" slack="2147483647"/>
</pin_list>
<bind>
<opset="icmp_ln144 "/>
</bind>
</comp>

<comp id="349" class="1005" name="tmp_12_reg_349">
<pin_list>
<pin id="350" dir="0" index="0" bw="48" slack="1"/>
<pin id="351" dir="1" index="1" bw="48" slack="1"/>
</pin_list>
<bind>
<opset="tmp_12 "/>
</bind>
</comp>

<comp id="354" class="1005" name="icmp_ln144_1_reg_354">
<pin_list>
<pin id="355" dir="0" index="0" bw="1" slack="1"/>
<pin id="356" dir="1" index="1" bw="1" slack="2147483647"/>
</pin_list>
<bind>
<opset="icmp_ln144_1 "/>
</bind>
</comp>

<comp id="358" class="1005" name="tmp_14_reg_358">
<pin_list>
<pin id="359" dir="0" index="0" bw="32" slack="1"/>
<pin id="360" dir="1" index="1" bw="32" slack="1"/>
</pin_list>
<bind>
<opset="tmp_14 "/>
</bind>
</comp>

<comp id="363" class="1005" name="icmp_ln144_2_reg_363">
<pin_list>
<pin id="364" dir="0" index="0" bw="1" slack="1"/>
<pin id="365" dir="1" index="1" bw="1" slack="2147483647"/>
</pin_list>
<bind>
<opset="icmp_ln144_2 "/>
</bind>
</comp>

<comp id="367" class="1005" name="tmp_16_reg_367">
<pin_list>
<pin id="368" dir="0" index="0" bw="16" slack="1"/>
<pin id="369" dir="1" index="1" bw="16" slack="1"/>
</pin_list>
<bind>
<opset="tmp_16 "/>
</bind>
</comp>

<comp id="372" class="1005" name="icmp_ln144_3_reg_372">
<pin_list>
<pin id="373" dir="0" index="0" bw="1" slack="1"/>
<pin id="374" dir="1" index="1" bw="1" slack="2147483647"/>
</pin_list>
<bind>
<opset="icmp_ln144_3 "/>
</bind>
</comp>

</comp_list>

<net_list>
<net id="79"><net_src comp="10" pin="0"/><net_sink comp="76" pin=0"/></net>

<net id="83"><net_src comp="10" pin="0"/><net_sink comp="80" pin=0"/></net>

<net id="91"><net_src comp="36" pin="0"/><net_sink comp="84" pin=0"/></net>

<net id="92"><net_src comp="0" pin="0"/><net_sink comp="84" pin=1"/></net>

<net id="93"><net_src comp="2" pin="0"/><net_sink comp="84" pin=2"/></net>

<net id="94"><net_src comp="4" pin="0"/><net_sink comp="84" pin=3"/></net>

<net id="95"><net_src comp="6" pin="0"/><net_sink comp="84" pin=4"/></net>

<net id="101"><net_src comp="42" pin="0"/><net_sink comp="96" pin=0"/></net>

<net id="102"><net_src comp="8" pin="0"/><net_sink comp="96" pin=1"/></net>

<net id="112"><net_src comp="106" pin="4"/><net_sink comp="103" pin=0"/></net>

<net id="122"><net_src comp="103" pin="1"/><net_sink comp="116" pin=2"/></net>

<net id="123"><net_src comp="116" pin="4"/><net_sink comp="113" pin=0"/></net>

<net id="133"><net_src comp="113" pin="1"/><net_sink comp="127" pin=2"/></net>

<net id="134"><net_src comp="127" pin="4"/><net_sink comp="124" pin=0"/></net>

<net id="144"><net_src comp="124" pin="1"/><net_sink comp="138" pin=2"/></net>

<net id="148"><net_src comp="84" pin="5"/><net_sink comp="145" pin=0"/></net>

<net id="153"><net_src comp="22" pin="0"/><net_sink comp="149" pin=0"/></net>

<net id="158"><net_src comp="32" pin="0"/><net_sink comp="154" pin=0"/></net>

<net id="169"><net_src comp="159" pin="1"/><net_sink comp="165" pin=0"/></net>

<net id="170"><net_src comp="34" pin="0"/><net_sink comp="165" pin=1"/></net>

<net id="175"><net_src comp="162" pin="1"/><net_sink comp="171" pin=0"/></net>

<net id="176"><net_src comp="38" pin="0"/><net_sink comp="171" pin=1"/></net>

<net id="180"><net_src comp="145" pin="1"/><net_sink comp="177" pin=0"/></net>

<net id="186"><net_src comp="40" pin="0"/><net_sink comp="181" pin=0"/></net>

<net id="187"><net_src comp="177" pin="1"/><net_sink comp="181" pin=1"/></net>

<net id="188"><net_src comp="181" pin="3"/><net_sink comp="96" pin=2"/></net>

<net id="193"><net_src comp="10" pin="0"/><net_sink comp="189" pin=1"/></net>

<net id="194"><net_src comp="189" pin="2"/><net_sink comp="106" pin=0"/></net>

<net id="201"><net_src comp="44" pin="0"/><net_sink comp="195" pin=0"/></net>

<net id="202"><net_src comp="145" pin="1"/><net_sink comp="195" pin=1"/></net>

<net id="203"><net_src comp="46" pin="0"/><net_sink comp="195" pin=2"/></net>

<net id="204"><net_src comp="48" pin="0"/><net_sink comp="195" pin=3"/></net>

<net id="209"><net_src comp="106" pin="4"/><net_sink comp="205" pin=0"/></net>

<net id="210"><net_src comp="38" pin="0"/><net_sink comp="205" pin=1"/></net>

<net id="214"><net_src comp="145" pin="1"/><net_sink comp="211" pin=0"/></net>

<net id="220"><net_src comp="50" pin="0"/><net_sink comp="215" pin=0"/></net>

<net id="221"><net_src comp="211" pin="1"/><net_sink comp="215" pin=1"/></net>

<net id="222"><net_src comp="215" pin="3"/><net_sink comp="96" pin=2"/></net>

<net id="227"><net_src comp="103" pin="1"/><net_sink comp="223" pin=0"/></net>

<net id="228"><net_src comp="10" pin="0"/><net_sink comp="223" pin=1"/></net>

<net id="229"><net_src comp="223" pin="2"/><net_sink comp="116" pin=0"/></net>

<net id="236"><net_src comp="52" pin="0"/><net_sink comp="230" pin=0"/></net>

<net id="237"><net_src comp="145" pin="1"/><net_sink comp="230" pin=1"/></net>

<net id="238"><net_src comp="54" pin="0"/><net_sink comp="230" pin=2"/></net>

<net id="239"><net_src comp="48" pin="0"/><net_sink comp="230" pin=3"/></net>

<net id="244"><net_src comp="116" pin="4"/><net_sink comp="240" pin=0"/></net>

<net id="245"><net_src comp="38" pin="0"/><net_sink comp="240" pin=1"/></net>

<net id="249"><net_src comp="145" pin="1"/><net_sink comp="246" pin=0"/></net>

<net id="255"><net_src comp="56" pin="0"/><net_sink comp="250" pin=0"/></net>

<net id="256"><net_src comp="246" pin="1"/><net_sink comp="250" pin=1"/></net>

<net id="257"><net_src comp="250" pin="3"/><net_sink comp="96" pin=2"/></net>

<net id="262"><net_src comp="113" pin="1"/><net_sink comp="258" pin=0"/></net>

<net id="263"><net_src comp="10" pin="0"/><net_sink comp="258" pin=1"/></net>

<net id="264"><net_src comp="258" pin="2"/><net_sink comp="127" pin=0"/></net>

<net id="271"><net_src comp="58" pin="0"/><net_sink comp="265" pin=0"/></net>

<net id="272"><net_src comp="145" pin="1"/><net_sink comp="265" pin=1"/></net>

<net id="273"><net_src comp="60" pin="0"/><net_sink comp="265" pin=2"/></net>

<net id="274"><net_src comp="48" pin="0"/><net_sink comp="265" pin=3"/></net>

<net id="279"><net_src comp="127" pin="4"/><net_sink comp="275" pin=0"/></net>

<net id="280"><net_src comp="38" pin="0"/><net_sink comp="275" pin=1"/></net>

<net id="286"><net_src comp="72" pin="0"/><net_sink comp="281" pin=0"/></net>

<net id="287"><net_src comp="145" pin="1"/><net_sink comp="281" pin=1"/></net>

<net id="288"><net_src comp="281" pin="3"/><net_sink comp="96" pin=2"/></net>

<net id="293"><net_src comp="124" pin="1"/><net_sink comp="289" pin=0"/></net>

<net id="294"><net_src comp="10" pin="0"/><net_sink comp="289" pin=1"/></net>

<net id="295"><net_src comp="289" pin="2"/><net_sink comp="138" pin=0"/></net>

<net id="300"><net_src comp="74" pin="0"/><net_sink comp="296" pin=1"/></net>

<net id="305"><net_src comp="138" pin="4"/><net_sink comp="301" pin=0"/></net>

<net id="310"><net_src comp="296" pin="2"/><net_sink comp="306" pin=0"/></net>

<net id="314"><net_src comp="76" pin="1"/><net_sink comp="311" pin=0"/></net>

<net id="315"><net_src comp="311" pin="1"/><net_sink comp="154" pin=1"/></net>

<net id="316"><net_src comp="311" pin="1"/><net_sink comp="159" pin=0"/></net>

<net id="317"><net_src comp="311" pin="1"/><net_sink comp="306" pin=1"/></net>

<net id="321"><net_src comp="80" pin="1"/><net_sink comp="318" pin=0"/></net>

<net id="322"><net_src comp="318" pin="1"/><net_sink comp="149" pin=1"/></net>

<net id="323"><net_src comp="318" pin="1"/><net_sink comp="162" pin=0"/></net>

<net id="324"><net_src comp="318" pin="1"/><net_sink comp="301" pin=1"/></net>

<net id="328"><net_src comp="159" pin="1"/><net_sink comp="325" pin=0"/></net>

<net id="329"><net_src comp="325" pin="1"/><net_sink comp="296" pin=0"/></net>

<net id="333"><net_src comp="162" pin="1"/><net_sink comp="330" pin=0"/></net>

<net id="334"><net_src comp="330" pin="1"/><net_sink comp="189" pin=0"/></net>

<net id="335"><net_src comp="330" pin="1"/><net_sink comp="106" pin=2"/></net>

<net id="339"><net_src comp="165" pin="2"/><net_sink comp="336" pin=0"/></net>

<net id="343"><net_src comp="145" pin="1"/><net_sink comp="340" pin=0"/></net>

<net id="344"><net_src comp="340" pin="1"/><net_sink comp="181" pin=2"/></net>

<net id="348"><net_src comp="171" pin="2"/><net_sink comp="345" pin=0"/></net>

<net id="352"><net_src comp="195" pin="4"/><net_sink comp="349" pin=0"/></net>

<net id="353"><net_src comp="349" pin="1"/><net_sink comp="215" pin=2"/></net>

<net id="357"><net_src comp="205" pin="2"/><net_sink comp="354" pin=0"/></net>

<net id="361"><net_src comp="230" pin="4"/><net_sink comp="358" pin=0"/></net>

<net id="362"><net_src comp="358" pin="1"/><net_sink comp="250" pin=2"/></net>

<net id="366"><net_src comp="240" pin="2"/><net_sink comp="363" pin=0"/></net>

<net id="370"><net_src comp="265" pin="4"/><net_sink comp="367" pin=0"/></net>

<net id="371"><net_src comp="367" pin="1"/><net_sink comp="281" pin=2"/></net>

<net id="375"><net_src comp="275" pin="2"/><net_sink comp="372" pin=0"/></net>

</net_list>

</model> 
---------------- Datapath Model END ------------------

* FSMD analyzer results:
  - Output states:
	Port: input_r | {2 3 4 5 }
 - Input state : 
	Port: data_unpacket : data_in_V_data_V | {1 2 3 4 5 }
	Port: data_unpacket : data_in_V_keep_V | {1 2 3 4 5 }
	Port: data_unpacket : data_in_V_strb_V | {1 2 3 4 5 }
	Port: data_unpacket : data_in_V_last_V | {1 2 3 4 5 }
  - Chain level:
	State 1
		store_ln133 : 1
		store_ln134 : 1
		i_2 : 1
		output_cnt_9 : 1
		icmp_ln134 : 2
		br_ln134 : 3
		icmp_ln144 : 2
		br_ln144 : 3
	State 2
		trunc_ln143 : 1
		tmp : 2
		write_ln146 : 3
		output_cnt_2 : 1
		tmp_12 : 1
		icmp_ln144_1 : 2
	State 3
		trunc_ln143_1 : 1
		tmp_s : 2
		write_ln146 : 3
		output_cnt_4 : 1
		tmp_14 : 1
		icmp_ln144_2 : 2
	State 4
		trunc_ln143_2 : 1
		tmp_56 : 2
		write_ln146 : 3
		output_cnt_6 : 1
		tmp_16 : 1
		icmp_ln144_3 : 2
	State 5
		tmp_57 : 1
		write_ln146 : 2
		output_cnt_8 : 1
		store_ln133 : 2
		store_ln134 : 1


============================================================
+ Verbose Summary: Datapath Resource usage 
============================================================

* Functional unit list:
|----------|----------------------|---------|---------|
| Operation|    Functional Unit   |    FF   |   LUT   |
|----------|----------------------|---------|---------|
|          |   icmp_ln134_fu_165  |    0    |    26   |
|          |   icmp_ln144_fu_171  |    0    |    39   |
|   icmp   |  icmp_ln144_1_fu_205 |    0    |    39   |
|          |  icmp_ln144_2_fu_240 |    0    |    39   |
|          |  icmp_ln144_3_fu_275 |    0    |    39   |
|----------|----------------------|---------|---------|
|          | output_cnt_10_fu_189 |    0    |    39   |
|          | output_cnt_11_fu_223 |    0    |    39   |
|    add   | output_cnt_12_fu_258 |    0    |    39   |
|          | output_cnt_13_fu_289 |    0    |    39   |
|          |      i_3_fu_296      |    0    |    26   |
|----------|----------------------|---------|---------|
|   read   |    grp_read_fu_84    |    0    |    0    |
|----------|----------------------|---------|---------|
|   write  |    grp_write_fu_96   |    0    |    0    |
|----------|----------------------|---------|---------|
|extractvalue|      grp_fu_145      |    0    |    0    |
|----------|----------------------|---------|---------|
|          |  trunc_ln143_fu_177  |    0    |    0    |
|   trunc  | trunc_ln143_1_fu_211 |    0    |    0    |
|          | trunc_ln143_2_fu_246 |    0    |    0    |
|----------|----------------------|---------|---------|
|          |      tmp_fu_181      |    0    |    0    |
|bitconcatenate|     tmp_s_fu_215     |    0    |    0    |
|          |     tmp_56_fu_250    |    0    |    0    |
|          |     tmp_57_fu_281    |    0    |    0    |
|----------|----------------------|---------|---------|
|          |     tmp_12_fu_195    |    0    |    0    |
|partselect|     tmp_14_fu_230    |    0    |    0    |
|          |     tmp_16_fu_265    |    0    |    0    |
|----------|----------------------|---------|---------|
|   Total  |                      |    0    |   364   |
|----------|----------------------|---------|---------|

Memories:
N/A

* Register list:
+--------------------+--------+
|                    |   FF   |
+--------------------+--------+
|     i_2_reg_325    |   19   |
|      i_reg_311     |   19   |
| icmp_ln134_reg_336 |    1   |
|icmp_ln144_1_reg_354|    1   |
|icmp_ln144_2_reg_363|    1   |
|icmp_ln144_3_reg_372|    1   |
| icmp_ln144_reg_345 |    1   |
|output_cnt_2_reg_103|   32   |
|output_cnt_4_reg_113|   32   |
|output_cnt_6_reg_124|   32   |
|output_cnt_8_reg_135|   32   |
|output_cnt_9_reg_330|   32   |
| output_cnt_reg_318 |   32   |
|     p_0_reg_340    |   64   |
|   tmp_12_reg_349   |   48   |
|   tmp_14_reg_358   |   32   |
|   tmp_16_reg_367   |   16   |
+--------------------+--------+
|        Total       |   395  |
+--------------------+--------+

* Multiplexer (MUX) list: 
|-----------------|------|------|------|--------||---------||---------|
|       Comp      |  Pin | Size |  BW  | S x BW ||  Delay  ||   LUT   |
|-----------------|------|------|------|--------||---------||---------|
| grp_write_fu_96 |  p2  |   4  |  80  |   320  ||    20   |
|-----------------|------|------|------|--------||---------||---------|
|      Total      |      |      |      |   320  ||  0.605  ||    20   |
|-----------------|------|------|------|--------||---------||---------|



* Summary:
+-----------+--------+--------+--------+
|           |  Delay |   FF   |   LUT  |
+-----------+--------+--------+--------+
|  Function |    -   |    0   |   364  |
|   Memory  |    -   |    -   |    -   |
|Multiplexer|    0   |    -   |   20   |
|  Register |    -   |   395  |    -   |
+-----------+--------+--------+--------+
|   Total   |    0   |   395  |   384  |
+-----------+--------+--------+--------+
