

================================================================
== Vitis HLS Report for 'image_filter'
================================================================
* Date:           Wed Nov  5 08:17:22 2025

* Version:        2023.2 (Build 4023990 on Oct 11 2023)
* Project:        hls_ip
* Solution:       hls (Vivado IP Flow Target)
* Product family: zynquplus
* Target device:  xczu1cg-sbva484-1-e


================================================================
== Performance Estimates
================================================================
+ Timing: 
    * Summary: 
    +--------+----------+----------+------------+
    |  Clock |  Target  | Estimated| Uncertainty|
    +--------+----------+----------+------------+
    |ap_clk  |  10.00 ns|  6.305 ns|     2.70 ns|
    +--------+----------+----------+------------+

+ Latency: 
    * Summary: 
    +---------+---------+----------+----------+-----+-----+---------+
    |  Latency (cycles) |  Latency (absolute) |  Interval | Pipeline|
    |   min   |   max   |    min   |    max   | min | max |   Type  |
    +---------+---------+----------+----------+-----+-----+---------+
    |        ?|        ?|         ?|         ?|    ?|    ?|       no|
    +---------+---------+----------+----------+-----+-----+---------+

    + Detail: 
        * Instance: 
        +---------------------------------------------------+----------------------------------------+---------+---------+-----------+-----------+-----+-----+---------+
        |                                                   |                                        |  Latency (cycles) |   Latency (absolute)  |  Interval | Pipeline|
        |                      Instance                     |                 Module                 |   min   |   max   |    min    |    max    | min | max |   Type  |
        +---------------------------------------------------+----------------------------------------+---------+---------+-----------+-----------+-----+-----+---------+
        |grp_image_filter_Pipeline_VITIS_LOOP_188_2_fu_159  |image_filter_Pipeline_VITIS_LOOP_188_2  |        ?|        ?|          ?|          ?|    ?|    ?|       no|
        |grp_shift_register_fu_278                          |shift_register                          |        2|        2|  20.000 ns|  20.000 ns|    2|    2|      yes|
        +---------------------------------------------------+----------------------------------------+---------+---------+-----------+-----------+-----+-----+---------+

        * Loop: 
        +--------------------+---------+---------+----------+-----------+-----------+------+----------+
        |                    |  Latency (cycles) | Iteration|  Initiation Interval  | Trip |          |
        |      Loop Name     |   min   |   max   |  Latency |  achieved |   target  | Count| Pipelined|
        +--------------------+---------+---------+----------+-----------+-----------+------+----------+
        |- VITIS_LOOP_186_1  |        ?|        ?|         ?|          -|          -|  1081|        no|
        +--------------------+---------+---------+----------+-----------+-----------+------+----------+

============================================================
+ Verbose Summary: Synthesis Manager
============================================================
InlineROM: 1
ExposeGlobal: 0
============================================================
+ Verbose Summary: CDFG Model
============================================================
IsTopModel: 0
ResetActiveHigh: 1
IsCombinational: 2
IsDatapathOnly: 0
HasWiredReturn: 1
HasMFsm: 0
HasVarLatency: 1
IsPipeline: 0
IsRtlPipelined: 0
IsInstanceOverlapped: 0
IsDontTouch: 0
HasImplIP: 0
IsGatedGlobalClock: 0


============================================================
+ Verbose Summary: Schedule
============================================================
* Number of FSM states : 6
* Pipeline : 0
* Dataflow Pipeline: 0

* FSM state transitions: 
1 --> 2 
2 --> 3 
3 --> 4 
4 --> 5 
5 --> 6 
6 --> 2 

* FSM state operations: 

State 1 <SV = 0> <Delay = 0.48>
ST_1 : Operation 7 [1/1] (0.00ns)   --->   "%row = alloca i32 1" [/home/leon/Desktop/Project/ZUBOARD_1CG/hls_ip/conv2d_hls.cpp:183]   --->   Operation 7 'alloca' 'row' <Predicate = true> <Delay = 0.00>
ST_1 : Operation 8 [1/1] (0.00ns)   --->   "%specinterface_ln0 = specinterface void @_ssdm_op_SpecInterface, i80 %output_r, void @empty_5, i32 0, i32 0, void @empty_6, i32 0, i32 0, void @empty_6, void @empty_6, void @empty_6, i32 0, i32 0, i32 0, i32 0, void @empty_6, void @empty_6, i32 4294967295, i32 0"   --->   Operation 8 'specinterface' 'specinterface_ln0' <Predicate = true> <Delay = 0.00>
ST_1 : Operation 9 [1/1] (0.00ns)   --->   "%specinterface_ln0 = specinterface void @_ssdm_op_SpecInterface, i80 %input_r, void @empty_5, i32 0, i32 0, void @empty_6, i32 0, i32 0, void @empty_6, void @empty_6, void @empty_6, i32 0, i32 0, i32 0, i32 0, void @empty_6, void @empty_6, i32 4294967295, i32 0"   --->   Operation 9 'specinterface' 'specinterface_ln0' <Predicate = true> <Delay = 0.00>
ST_1 : Operation 10 [1/1] (0.48ns)   --->   "%store_ln183 = store i11 0, i11 %row" [/home/leon/Desktop/Project/ZUBOARD_1CG/hls_ip/conv2d_hls.cpp:183]   --->   Operation 10 'store' 'store_ln183' <Predicate = true> <Delay = 0.48>
ST_1 : Operation 11 [1/1] (0.00ns)   --->   "%br_ln186 = br void %VITIS_LOOP_188_2" [/home/leon/Desktop/Project/ZUBOARD_1CG/hls_ip/conv2d_hls.cpp:186]   --->   Operation 11 'br' 'br_ln186' <Predicate = true> <Delay = 0.00>

State 2 <SV = 1> <Delay = 2.69>
ST_2 : Operation 12 [1/1] (0.00ns)   --->   "%row_2 = load i11 %row" [/home/leon/Desktop/Project/ZUBOARD_1CG/hls_ip/conv2d_hls.cpp:219]   --->   Operation 12 'load' 'row_2' <Predicate = true> <Delay = 0.00>
ST_2 : Operation 13 [1/1] (0.94ns)   --->   "%cmp4 = icmp_eq  i11 %row_2, i11 1080" [/home/leon/Desktop/Project/ZUBOARD_1CG/hls_ip/conv2d_hls.cpp:219]   --->   Operation 13 'icmp' 'cmp4' <Predicate = true> <Delay = 0.94> <CoreInst = "Cmp">   --->   Core 9 'Cmp' <Latency = 0> <II = 1> <Delay = 0.94> <FuncUnit> <Opcode : 'icmp'> <InPorts = 2> <OutPorts = 1>
ST_2 : Operation 14 [1/1] (0.94ns)   --->   "%cmp = icmp_ne  i11 %row_2, i11 0" [/home/leon/Desktop/Project/ZUBOARD_1CG/hls_ip/conv2d_hls.cpp:219]   --->   Operation 14 'icmp' 'cmp' <Predicate = true> <Delay = 0.94> <CoreInst = "Cmp">   --->   Core 9 'Cmp' <Latency = 0> <II = 1> <Delay = 0.94> <FuncUnit> <Opcode : 'icmp'> <InPorts = 2> <OutPorts = 1>
ST_2 : Operation 15 [1/1] (0.00ns)   --->   "%empty = wait i32 @_ssdm_op_Wait"   --->   Operation 15 'wait' 'empty' <Predicate = true> <Delay = 0.00>
ST_2 : Operation 16 [2/2] (1.75ns)   --->   "%call_ln219 = call void @image_filter_Pipeline_VITIS_LOOP_188_2, i80 %input_r, i1 %cmp, i11 %row_2, i1 %cmp4, i80 %output_r, i10 %window_adjust_0_0_0, i10 %window_adjust_0_2_0, i10 %window_adjust_1_0_0, i10 %window_adjust_1_2_0, i10 %window_adjust_2_0_0, i10 %window_adjust_2_2_0, i10 %window_adjust_0_0_1, i10 %window_adjust_0_2_1, i10 %window_adjust_1_0_1, i10 %window_adjust_1_2_1, i10 %window_adjust_2_0_1, i10 %window_adjust_2_2_1, i10 %window_adjust_0_0_2, i10 %window_adjust_0_2_2, i10 %window_adjust_1_0_2, i10 %window_adjust_1_2_2, i10 %window_adjust_2_0_2, i10 %window_adjust_2_2_2, i10 %window_adjust_0_0_3, i10 %window_adjust_0_2_3, i10 %window_adjust_1_0_3, i10 %window_adjust_1_2_3, i10 %window_adjust_2_0_3, i10 %window_adjust_2_2_3, i10 %window_adjust_0_0_4, i10 %window_adjust_0_2_4, i10 %window_adjust_1_0_4, i10 %window_adjust_1_2_4, i10 %window_adjust_2_0_4, i10 %window_adjust_2_2_4, i10 %window_adjust_0_0_5, i10 %window_adjust_0_2_5, i10 %window_adjust_1_0_5, i10 %window_adjust_1_2_5, i10 %window_adjust_2_0_5, i10 %window_adjust_2_2_5, i10 %window_adjust_0_0_6, i10 %window_adjust_0_2_6, i10 %window_adjust_1_0_6, i10 %window_adjust_1_2_6, i10 %window_adjust_2_0_6, i10 %window_adjust_2_2_6, i10 %window_adjust_0_0_7, i10 %window_adjust_0_2_7, i10 %window_adjust_1_0_7, i10 %window_adjust_1_2_7, i10 %window_adjust_2_0_7, i10 %window_adjust_2_2_7, i80 %linebuf_0_0, i80 %linebuf_1_0, i80 %linebuf_2_0, i80 %linebuf_1_1, i80 %linebuf_2_1, i80 %linebuf_0_1" [/home/leon/Desktop/Project/ZUBOARD_1CG/hls_ip/conv2d_hls.cpp:219]   --->   Operation 16 'call' 'call_ln219' <Predicate = true> <Delay = 1.75> <CoreType = "Generic">   --->   Core 0 '' <Latency = 0> <II = 1> <Delay = 1.00> <Generic> <Opcode : >

State 3 <SV = 2> <Delay = 0.00>
ST_3 : Operation 17 [1/2] (0.00ns)   --->   "%call_ln219 = call void @image_filter_Pipeline_VITIS_LOOP_188_2, i80 %input_r, i1 %cmp, i11 %row_2, i1 %cmp4, i80 %output_r, i10 %window_adjust_0_0_0, i10 %window_adjust_0_2_0, i10 %window_adjust_1_0_0, i10 %window_adjust_1_2_0, i10 %window_adjust_2_0_0, i10 %window_adjust_2_2_0, i10 %window_adjust_0_0_1, i10 %window_adjust_0_2_1, i10 %window_adjust_1_0_1, i10 %window_adjust_1_2_1, i10 %window_adjust_2_0_1, i10 %window_adjust_2_2_1, i10 %window_adjust_0_0_2, i10 %window_adjust_0_2_2, i10 %window_adjust_1_0_2, i10 %window_adjust_1_2_2, i10 %window_adjust_2_0_2, i10 %window_adjust_2_2_2, i10 %window_adjust_0_0_3, i10 %window_adjust_0_2_3, i10 %window_adjust_1_0_3, i10 %window_adjust_1_2_3, i10 %window_adjust_2_0_3, i10 %window_adjust_2_2_3, i10 %window_adjust_0_0_4, i10 %window_adjust_0_2_4, i10 %window_adjust_1_0_4, i10 %window_adjust_1_2_4, i10 %window_adjust_2_0_4, i10 %window_adjust_2_2_4, i10 %window_adjust_0_0_5, i10 %window_adjust_0_2_5, i10 %window_adjust_1_0_5, i10 %window_adjust_1_2_5, i10 %window_adjust_2_0_5, i10 %window_adjust_2_2_5, i10 %window_adjust_0_0_6, i10 %window_adjust_0_2_6, i10 %window_adjust_1_0_6, i10 %window_adjust_1_2_6, i10 %window_adjust_2_0_6, i10 %window_adjust_2_2_6, i10 %window_adjust_0_0_7, i10 %window_adjust_0_2_7, i10 %window_adjust_1_0_7, i10 %window_adjust_1_2_7, i10 %window_adjust_2_0_7, i10 %window_adjust_2_2_7, i80 %linebuf_0_0, i80 %linebuf_1_0, i80 %linebuf_2_0, i80 %linebuf_1_1, i80 %linebuf_2_1, i80 %linebuf_0_1" [/home/leon/Desktop/Project/ZUBOARD_1CG/hls_ip/conv2d_hls.cpp:219]   --->   Operation 17 'call' 'call_ln219' <Predicate = true> <Delay = 0.00> <CoreType = "Generic">   --->   Core 0 '' <Latency = 0> <II = 1> <Delay = 1.00> <Generic> <Opcode : >

State 4 <SV = 3> <Delay = 1.41>
ST_4 : Operation 18 [1/1] (0.00ns)   --->   "%empty_47 = wait i32 @_ssdm_op_Wait"   --->   Operation 18 'wait' 'empty_47' <Predicate = true> <Delay = 0.00>
ST_4 : Operation 19 [3/3] (1.41ns)   --->   "%tmp_56 = call i80 @shift_register, i11 %row_2, i80 %linebuf_0_0, i80 %linebuf_0_1, i80 %linebuf_1_0, i80 %linebuf_1_1, i80 %linebuf_2_0, i80 %linebuf_2_1, i10 %window_adjust_0_0_0, i10 %window_adjust_1_0_0, i10 %window_adjust_2_0_0, i10 %window_adjust_0_0_1, i10 %window_adjust_1_0_1, i10 %window_adjust_2_0_1, i10 %window_adjust_0_0_2, i10 %window_adjust_1_0_2, i10 %window_adjust_2_0_2, i10 %window_adjust_0_0_3, i10 %window_adjust_1_0_3, i10 %window_adjust_2_0_3, i10 %window_adjust_0_0_4, i10 %window_adjust_1_0_4, i10 %window_adjust_2_0_4, i10 %window_adjust_0_0_5, i10 %window_adjust_1_0_5, i10 %window_adjust_2_0_5, i10 %window_adjust_0_0_6, i10 %window_adjust_1_0_6, i10 %window_adjust_2_0_6, i10 %window_adjust_0_0_7, i10 %window_adjust_1_0_7, i10 %window_adjust_2_0_7, i10 %window_adjust_0_2_0, i10 %window_adjust_1_2_0, i10 %window_adjust_2_2_0, i10 %window_adjust_0_2_1, i10 %window_adjust_1_2_1, i10 %window_adjust_2_2_1, i10 %window_adjust_0_2_2, i10 %window_adjust_1_2_2, i10 %window_adjust_2_2_2, i10 %window_adjust_0_2_3, i10 %window_adjust_1_2_3, i10 %window_adjust_2_2_3, i10 %window_adjust_0_2_4, i10 %window_adjust_1_2_4, i10 %window_adjust_2_2_4, i10 %window_adjust_0_2_5, i10 %window_adjust_1_2_5, i10 %window_adjust_2_2_5, i10 %window_adjust_0_2_6, i10 %window_adjust_1_2_6, i10 %window_adjust_2_2_6, i10 %window_adjust_0_2_7, i10 %window_adjust_1_2_7, i10 %window_adjust_2_2_7" [/home/leon/Desktop/Project/ZUBOARD_1CG/hls_ip/conv2d_hls.cpp:213]   --->   Operation 19 'call' 'tmp_56' <Predicate = true> <Delay = 1.41> <CoreType = "Generic">   --->   Core 0 '' <Latency = 0> <II = 1> <Delay = 1.00> <Generic> <Opcode : >

State 5 <SV = 4> <Delay = 4.13>
ST_5 : Operation 20 [2/3] (4.13ns)   --->   "%tmp_56 = call i80 @shift_register, i11 %row_2, i80 %linebuf_0_0, i80 %linebuf_0_1, i80 %linebuf_1_0, i80 %linebuf_1_1, i80 %linebuf_2_0, i80 %linebuf_2_1, i10 %window_adjust_0_0_0, i10 %window_adjust_1_0_0, i10 %window_adjust_2_0_0, i10 %window_adjust_0_0_1, i10 %window_adjust_1_0_1, i10 %window_adjust_2_0_1, i10 %window_adjust_0_0_2, i10 %window_adjust_1_0_2, i10 %window_adjust_2_0_2, i10 %window_adjust_0_0_3, i10 %window_adjust_1_0_3, i10 %window_adjust_2_0_3, i10 %window_adjust_0_0_4, i10 %window_adjust_1_0_4, i10 %window_adjust_2_0_4, i10 %window_adjust_0_0_5, i10 %window_adjust_1_0_5, i10 %window_adjust_2_0_5, i10 %window_adjust_0_0_6, i10 %window_adjust_1_0_6, i10 %window_adjust_2_0_6, i10 %window_adjust_0_0_7, i10 %window_adjust_1_0_7, i10 %window_adjust_2_0_7, i10 %window_adjust_0_2_0, i10 %window_adjust_1_2_0, i10 %window_adjust_2_2_0, i10 %window_adjust_0_2_1, i10 %window_adjust_1_2_1, i10 %window_adjust_2_2_1, i10 %window_adjust_0_2_2, i10 %window_adjust_1_2_2, i10 %window_adjust_2_2_2, i10 %window_adjust_0_2_3, i10 %window_adjust_1_2_3, i10 %window_adjust_2_2_3, i10 %window_adjust_0_2_4, i10 %window_adjust_1_2_4, i10 %window_adjust_2_2_4, i10 %window_adjust_0_2_5, i10 %window_adjust_1_2_5, i10 %window_adjust_2_2_5, i10 %window_adjust_0_2_6, i10 %window_adjust_1_2_6, i10 %window_adjust_2_2_6, i10 %window_adjust_0_2_7, i10 %window_adjust_1_2_7, i10 %window_adjust_2_2_7" [/home/leon/Desktop/Project/ZUBOARD_1CG/hls_ip/conv2d_hls.cpp:213]   --->   Operation 20 'call' 'tmp_56' <Predicate = true> <Delay = 4.13> <CoreType = "Generic">   --->   Core 0 '' <Latency = 0> <II = 1> <Delay = 1.00> <Generic> <Opcode : >

State 6 <SV = 5> <Delay = 6.30>
ST_6 : Operation 21 [1/1] (0.00ns)   --->   "%specpipeline_ln187 = specpipeline void @_ssdm_op_SpecPipeline, i32 4294967295, i32 0, i32 0, i32 0, void @empty_6" [/home/leon/Desktop/Project/ZUBOARD_1CG/hls_ip/conv2d_hls.cpp:187]   --->   Operation 21 'specpipeline' 'specpipeline_ln187' <Predicate = true> <Delay = 0.00>
ST_6 : Operation 22 [1/1] (0.00ns)   --->   "%speclooptripcount_ln183 = speclooptripcount void @_ssdm_op_SpecLoopTripCount, i64 1081, i64 1081, i64 1081" [/home/leon/Desktop/Project/ZUBOARD_1CG/hls_ip/conv2d_hls.cpp:183]   --->   Operation 22 'speclooptripcount' 'speclooptripcount_ln183' <Predicate = true> <Delay = 0.00>
ST_6 : Operation 23 [1/1] (0.00ns)   --->   "%specloopname_ln186 = specloopname void @_ssdm_op_SpecLoopName, void @empty" [/home/leon/Desktop/Project/ZUBOARD_1CG/hls_ip/conv2d_hls.cpp:186]   --->   Operation 23 'specloopname' 'specloopname_ln186' <Predicate = true> <Delay = 0.00>
ST_6 : Operation 24 [1/1] (0.94ns)   --->   "%row_3 = add i11 %row_2, i11 1" [/home/leon/Desktop/Project/ZUBOARD_1CG/hls_ip/conv2d_hls.cpp:219]   --->   Operation 24 'add' 'row_3' <Predicate = true> <Delay = 0.94> <CoreInst = "Adder">   --->   Core 1 'Adder' <Latency = 0> <II = 1> <Delay = 0.94> <FuncUnit> <Opcode : 'add' 'sub'> <InPorts = 2> <OutPorts = 1>
ST_6 : Operation 25 [1/3] (4.13ns)   --->   "%tmp_56 = call i80 @shift_register, i11 %row_2, i80 %linebuf_0_0, i80 %linebuf_0_1, i80 %linebuf_1_0, i80 %linebuf_1_1, i80 %linebuf_2_0, i80 %linebuf_2_1, i10 %window_adjust_0_0_0, i10 %window_adjust_1_0_0, i10 %window_adjust_2_0_0, i10 %window_adjust_0_0_1, i10 %window_adjust_1_0_1, i10 %window_adjust_2_0_1, i10 %window_adjust_0_0_2, i10 %window_adjust_1_0_2, i10 %window_adjust_2_0_2, i10 %window_adjust_0_0_3, i10 %window_adjust_1_0_3, i10 %window_adjust_2_0_3, i10 %window_adjust_0_0_4, i10 %window_adjust_1_0_4, i10 %window_adjust_2_0_4, i10 %window_adjust_0_0_5, i10 %window_adjust_1_0_5, i10 %window_adjust_2_0_5, i10 %window_adjust_0_0_6, i10 %window_adjust_1_0_6, i10 %window_adjust_2_0_6, i10 %window_adjust_0_0_7, i10 %window_adjust_1_0_7, i10 %window_adjust_2_0_7, i10 %window_adjust_0_2_0, i10 %window_adjust_1_2_0, i10 %window_adjust_2_2_0, i10 %window_adjust_0_2_1, i10 %window_adjust_1_2_1, i10 %window_adjust_2_2_1, i10 %window_adjust_0_2_2, i10 %window_adjust_1_2_2, i10 %window_adjust_2_2_2, i10 %window_adjust_0_2_3, i10 %window_adjust_1_2_3, i10 %window_adjust_2_2_3, i10 %window_adjust_0_2_4, i10 %window_adjust_1_2_4, i10 %window_adjust_2_2_4, i10 %window_adjust_0_2_5, i10 %window_adjust_1_2_5, i10 %window_adjust_2_2_5, i10 %window_adjust_0_2_6, i10 %window_adjust_1_2_6, i10 %window_adjust_2_2_6, i10 %window_adjust_0_2_7, i10 %window_adjust_1_2_7, i10 %window_adjust_2_2_7" [/home/leon/Desktop/Project/ZUBOARD_1CG/hls_ip/conv2d_hls.cpp:213]   --->   Operation 25 'call' 'tmp_56' <Predicate = true> <Delay = 4.13> <CoreType = "Generic">   --->   Core 0 '' <Latency = 0> <II = 1> <Delay = 1.00> <Generic> <Opcode : >
ST_6 : Operation 26 [1/1] (0.00ns)   --->   "%br_ln214 = br i1 %cmp, void %do.cond21, void %if.then18" [/home/leon/Desktop/Project/ZUBOARD_1CG/hls_ip/conv2d_hls.cpp:214]   --->   Operation 26 'br' 'br_ln214' <Predicate = true> <Delay = 0.00>
ST_6 : Operation 27 [1/1] (2.16ns)   --->   "%write_ln216 = write void @_ssdm_op_Write.ap_fifo.volatile.i80P0A, i80 %output_r, i80 %tmp_56" [/home/leon/Desktop/Project/ZUBOARD_1CG/hls_ip/conv2d_hls.cpp:216]   --->   Operation 27 'write' 'write_ln216' <Predicate = (cmp)> <Delay = 2.16> <CoreInst = "FIFO_SRL">   --->   Core 81 'FIFO_SRL' <Latency = 0> <II = 1> <Delay = 2.16> <Storage> <Opcode : 'read' 'write' 'nbread' 'nbwrite'> <Ports = 0> <Width = 80> <Depth = 2> <FIFO>
ST_6 : Operation 28 [1/1] (0.00ns)   --->   "%br_ln217 = br void %do.cond21" [/home/leon/Desktop/Project/ZUBOARD_1CG/hls_ip/conv2d_hls.cpp:217]   --->   Operation 28 'br' 'br_ln217' <Predicate = (cmp)> <Delay = 0.00>
ST_6 : Operation 29 [1/1] (0.48ns)   --->   "%store_ln183 = store i11 %row_3, i11 %row" [/home/leon/Desktop/Project/ZUBOARD_1CG/hls_ip/conv2d_hls.cpp:183]   --->   Operation 29 'store' 'store_ln183' <Predicate = true> <Delay = 0.48>
ST_6 : Operation 30 [1/1] (0.00ns)   --->   "%br_ln220 = br i1 %cmp4, void %VITIS_LOOP_188_2, void %do.end23" [/home/leon/Desktop/Project/ZUBOARD_1CG/hls_ip/conv2d_hls.cpp:220]   --->   Operation 30 'br' 'br_ln220' <Predicate = true> <Delay = 0.00>
ST_6 : Operation 31 [1/1] (0.00ns)   --->   "%ret_ln222 = ret" [/home/leon/Desktop/Project/ZUBOARD_1CG/hls_ip/conv2d_hls.cpp:222]   --->   Operation 31 'ret' 'ret_ln222' <Predicate = (cmp & cmp4)> <Delay = 0.00>


============================================================
+ Verbose Summary: Binding
============================================================
STG Binding: 
---------------- STG Properties BEGIN ----------------
- Is combinational: 0
- Is one-state seq: 0
- Is datapath-only: 0
- Is pipelined: 0
- Is top level: 0
Port [ Return ] is wired: 1; IO mode=ap_ctrl_hs:ce=0
Port [ input_r]:  wired=1; compound=1; hidden=0; nouse=0; global=0; static=0; extern=0; dir=0; type=3; pingpong=0; private_global=0; IO mode=ap_fifo:ce=0
Port [ output_r]:  wired=1; compound=1; hidden=0; nouse=0; global=0; static=0; extern=0; dir=1; type=3; pingpong=0; private_global=0; IO mode=ap_fifo:ce=0
Port [ window_adjust_0_0_0]:  wired=0; compound=0; hidden=1; nouse=0; global=1; static=1; extern=0; dir=2; type=0; pingpong=0; private_global=1; IO mode=ap_ovld:ce=0
Port [ window_adjust_0_2_0]:  wired=0; compound=0; hidden=1; nouse=0; global=1; static=1; extern=0; dir=2; type=0; pingpong=0; private_global=1; IO mode=ap_ovld:ce=0
Port [ window_adjust_1_0_0]:  wired=0; compound=0; hidden=1; nouse=0; global=1; static=1; extern=0; dir=2; type=0; pingpong=0; private_global=1; IO mode=ap_ovld:ce=0
Port [ window_adjust_1_2_0]:  wired=0; compound=0; hidden=1; nouse=0; global=1; static=1; extern=0; dir=2; type=0; pingpong=0; private_global=1; IO mode=ap_ovld:ce=0
Port [ window_adjust_2_0_0]:  wired=0; compound=0; hidden=1; nouse=0; global=1; static=1; extern=0; dir=2; type=0; pingpong=0; private_global=1; IO mode=ap_ovld:ce=0
Port [ window_adjust_2_2_0]:  wired=0; compound=0; hidden=1; nouse=0; global=1; static=1; extern=0; dir=2; type=0; pingpong=0; private_global=1; IO mode=ap_ovld:ce=0
Port [ window_adjust_0_0_1]:  wired=0; compound=0; hidden=1; nouse=0; global=1; static=1; extern=0; dir=2; type=0; pingpong=0; private_global=1; IO mode=ap_ovld:ce=0
Port [ window_adjust_0_2_1]:  wired=0; compound=0; hidden=1; nouse=0; global=1; static=1; extern=0; dir=2; type=0; pingpong=0; private_global=1; IO mode=ap_ovld:ce=0
Port [ window_adjust_1_0_1]:  wired=0; compound=0; hidden=1; nouse=0; global=1; static=1; extern=0; dir=2; type=0; pingpong=0; private_global=1; IO mode=ap_ovld:ce=0
Port [ window_adjust_1_2_1]:  wired=0; compound=0; hidden=1; nouse=0; global=1; static=1; extern=0; dir=2; type=0; pingpong=0; private_global=1; IO mode=ap_ovld:ce=0
Port [ window_adjust_2_0_1]:  wired=0; compound=0; hidden=1; nouse=0; global=1; static=1; extern=0; dir=2; type=0; pingpong=0; private_global=1; IO mode=ap_ovld:ce=0
Port [ window_adjust_2_2_1]:  wired=0; compound=0; hidden=1; nouse=0; global=1; static=1; extern=0; dir=2; type=0; pingpong=0; private_global=1; IO mode=ap_ovld:ce=0
Port [ window_adjust_0_0_2]:  wired=0; compound=0; hidden=1; nouse=0; global=1; static=1; extern=0; dir=2; type=0; pingpong=0; private_global=1; IO mode=ap_ovld:ce=0
Port [ window_adjust_0_2_2]:  wired=0; compound=0; hidden=1; nouse=0; global=1; static=1; extern=0; dir=2; type=0; pingpong=0; private_global=1; IO mode=ap_ovld:ce=0
Port [ window_adjust_1_0_2]:  wired=0; compound=0; hidden=1; nouse=0; global=1; static=1; extern=0; dir=2; type=0; pingpong=0; private_global=1; IO mode=ap_ovld:ce=0
Port [ window_adjust_1_2_2]:  wired=0; compound=0; hidden=1; nouse=0; global=1; static=1; extern=0; dir=2; type=0; pingpong=0; private_global=1; IO mode=ap_ovld:ce=0
Port [ window_adjust_2_0_2]:  wired=0; compound=0; hidden=1; nouse=0; global=1; static=1; extern=0; dir=2; type=0; pingpong=0; private_global=1; IO mode=ap_ovld:ce=0
Port [ window_adjust_2_2_2]:  wired=0; compound=0; hidden=1; nouse=0; global=1; static=1; extern=0; dir=2; type=0; pingpong=0; private_global=1; IO mode=ap_ovld:ce=0
Port [ window_adjust_0_0_3]:  wired=0; compound=0; hidden=1; nouse=0; global=1; static=1; extern=0; dir=2; type=0; pingpong=0; private_global=1; IO mode=ap_ovld:ce=0
Port [ window_adjust_0_2_3]:  wired=0; compound=0; hidden=1; nouse=0; global=1; static=1; extern=0; dir=2; type=0; pingpong=0; private_global=1; IO mode=ap_ovld:ce=0
Port [ window_adjust_1_0_3]:  wired=0; compound=0; hidden=1; nouse=0; global=1; static=1; extern=0; dir=2; type=0; pingpong=0; private_global=1; IO mode=ap_ovld:ce=0
Port [ window_adjust_1_2_3]:  wired=0; compound=0; hidden=1; nouse=0; global=1; static=1; extern=0; dir=2; type=0; pingpong=0; private_global=1; IO mode=ap_ovld:ce=0
Port [ window_adjust_2_0_3]:  wired=0; compound=0; hidden=1; nouse=0; global=1; static=1; extern=0; dir=2; type=0; pingpong=0; private_global=1; IO mode=ap_ovld:ce=0
Port [ window_adjust_2_2_3]:  wired=0; compound=0; hidden=1; nouse=0; global=1; static=1; extern=0; dir=2; type=0; pingpong=0; private_global=1; IO mode=ap_ovld:ce=0
Port [ window_adjust_0_0_4]:  wired=0; compound=0; hidden=1; nouse=0; global=1; static=1; extern=0; dir=2; type=0; pingpong=0; private_global=1; IO mode=ap_ovld:ce=0
Port [ window_adjust_0_2_4]:  wired=0; compound=0; hidden=1; nouse=0; global=1; static=1; extern=0; dir=2; type=0; pingpong=0; private_global=1; IO mode=ap_ovld:ce=0
Port [ window_adjust_1_0_4]:  wired=0; compound=0; hidden=1; nouse=0; global=1; static=1; extern=0; dir=2; type=0; pingpong=0; private_global=1; IO mode=ap_ovld:ce=0
Port [ window_adjust_1_2_4]:  wired=0; compound=0; hidden=1; nouse=0; global=1; static=1; extern=0; dir=2; type=0; pingpong=0; private_global=1; IO mode=ap_ovld:ce=0
Port [ window_adjust_2_0_4]:  wired=0; compound=0; hidden=1; nouse=0; global=1; static=1; extern=0; dir=2; type=0; pingpong=0; private_global=1; IO mode=ap_ovld:ce=0
Port [ window_adjust_2_2_4]:  wired=0; compound=0; hidden=1; nouse=0; global=1; static=1; extern=0; dir=2; type=0; pingpong=0; private_global=1; IO mode=ap_ovld:ce=0
Port [ window_adjust_0_0_5]:  wired=0; compound=0; hidden=1; nouse=0; global=1; static=1; extern=0; dir=2; type=0; pingpong=0; private_global=1; IO mode=ap_ovld:ce=0
Port [ window_adjust_0_2_5]:  wired=0; compound=0; hidden=1; nouse=0; global=1; static=1; extern=0; dir=2; type=0; pingpong=0; private_global=1; IO mode=ap_ovld:ce=0
Port [ window_adjust_1_0_5]:  wired=0; compound=0; hidden=1; nouse=0; global=1; static=1; extern=0; dir=2; type=0; pingpong=0; private_global=1; IO mode=ap_ovld:ce=0
Port [ window_adjust_1_2_5]:  wired=0; compound=0; hidden=1; nouse=0; global=1; static=1; extern=0; dir=2; type=0; pingpong=0; private_global=1; IO mode=ap_ovld:ce=0
Port [ window_adjust_2_0_5]:  wired=0; compound=0; hidden=1; nouse=0; global=1; static=1; extern=0; dir=2; type=0; pingpong=0; private_global=1; IO mode=ap_ovld:ce=0
Port [ window_adjust_2_2_5]:  wired=0; compound=0; hidden=1; nouse=0; global=1; static=1; extern=0; dir=2; type=0; pingpong=0; private_global=1; IO mode=ap_ovld:ce=0
Port [ window_adjust_0_0_6]:  wired=0; compound=0; hidden=1; nouse=0; global=1; static=1; extern=0; dir=2; type=0; pingpong=0; private_global=1; IO mode=ap_ovld:ce=0
Port [ window_adjust_0_2_6]:  wired=0; compound=0; hidden=1; nouse=0; global=1; static=1; extern=0; dir=2; type=0; pingpong=0; private_global=1; IO mode=ap_ovld:ce=0
Port [ window_adjust_1_0_6]:  wired=0; compound=0; hidden=1; nouse=0; global=1; static=1; extern=0; dir=2; type=0; pingpong=0; private_global=1; IO mode=ap_ovld:ce=0
Port [ window_adjust_1_2_6]:  wired=0; compound=0; hidden=1; nouse=0; global=1; static=1; extern=0; dir=2; type=0; pingpong=0; private_global=1; IO mode=ap_ovld:ce=0
Port [ window_adjust_2_0_6]:  wired=0; compound=0; hidden=1; nouse=0; global=1; static=1; extern=0; dir=2; type=0; pingpong=0; private_global=1; IO mode=ap_ovld:ce=0
Port [ window_adjust_2_2_6]:  wired=0; compound=0; hidden=1; nouse=0; global=1; static=1; extern=0; dir=2; type=0; pingpong=0; private_global=1; IO mode=ap_ovld:ce=0
Port [ window_adjust_0_0_7]:  wired=0; compound=0; hidden=1; nouse=0; global=1; static=1; extern=0; dir=2; type=0; pingpong=0; private_global=1; IO mode=ap_ovld:ce=0
Port [ window_adjust_0_2_7]:  wired=0; compound=0; hidden=1; nouse=0; global=1; static=1; extern=0; dir=2; type=0; pingpong=0; private_global=1; IO mode=ap_ovld:ce=0
Port [ window_adjust_1_0_7]:  wired=0; compound=0; hidden=1; nouse=0; global=1; static=1; extern=0; dir=2; type=0; pingpong=0; private_global=1; IO mode=ap_ovld:ce=0
Port [ window_adjust_1_2_7]:  wired=0; compound=0; hidden=1; nouse=0; global=1; static=1; extern=0; dir=2; type=0; pingpong=0; private_global=1; IO mode=ap_ovld:ce=0
Port [ window_adjust_2_0_7]:  wired=0; compound=0; hidden=1; nouse=0; global=1; static=1; extern=0; dir=2; type=0; pingpong=0; private_global=1; IO mode=ap_ovld:ce=0
Port [ window_adjust_2_2_7]:  wired=0; compound=0; hidden=1; nouse=0; global=1; static=1; extern=0; dir=2; type=0; pingpong=0; private_global=1; IO mode=ap_ovld:ce=0
Port [ linebuf_0_0]:  wired=0; compound=1; hidden=1; nouse=0; global=1; static=1; extern=0; dir=2; type=1; pingpong=0; private_global=1; MemPort=[21]; IO mode=ap_memory:ce=0
Port [ linebuf_1_0]:  wired=0; compound=1; hidden=1; nouse=0; global=1; static=1; extern=0; dir=2; type=1; pingpong=0; private_global=1; MemPort=[21]; IO mode=ap_memory:ce=0
Port [ linebuf_2_0]:  wired=0; compound=1; hidden=1; nouse=0; global=1; static=1; extern=0; dir=2; type=1; pingpong=0; private_global=1; MemPort=[21]; IO mode=ap_memory:ce=0
Port [ linebuf_1_1]:  wired=0; compound=1; hidden=1; nouse=0; global=1; static=1; extern=0; dir=2; type=1; pingpong=0; private_global=1; MemPort=[21]; IO mode=ap_memory:ce=0
Port [ linebuf_2_1]:  wired=0; compound=1; hidden=1; nouse=0; global=1; static=1; extern=0; dir=2; type=1; pingpong=0; private_global=1; MemPort=[21]; IO mode=ap_memory:ce=0
Port [ linebuf_0_1]:  wired=0; compound=1; hidden=1; nouse=0; global=1; static=1; extern=0; dir=2; type=1; pingpong=0; private_global=1; MemPort=[21]; IO mode=ap_memory:ce=0
---------------- STG Properties END ------------------

---------------- Datapath Model BEGIN ----------------

<LifeTime>
<method=bitvector/>
row                     (alloca           ) [ 0111111]
specinterface_ln0       (specinterface    ) [ 0000000]
specinterface_ln0       (specinterface    ) [ 0000000]
store_ln183             (store            ) [ 0000000]
br_ln186                (br               ) [ 0000000]
row_2                   (load             ) [ 0001111]
cmp4                    (icmp             ) [ 0001111]
cmp                     (icmp             ) [ 0001111]
empty                   (wait             ) [ 0000000]
call_ln219              (call             ) [ 0000000]
empty_47                (wait             ) [ 0000000]
specpipeline_ln187      (specpipeline     ) [ 0000000]
speclooptripcount_ln183 (speclooptripcount) [ 0000000]
specloopname_ln186      (specloopname     ) [ 0000000]
row_3                   (add              ) [ 0000000]
tmp_56                  (call             ) [ 0000000]
br_ln214                (br               ) [ 0000000]
write_ln216             (write            ) [ 0000000]
br_ln217                (br               ) [ 0000000]
store_ln183             (store            ) [ 0000000]
br_ln220                (br               ) [ 0000000]
ret_ln222               (ret              ) [ 0000000]
</LifeTime>

<model>

<comp_list>
<comp id="0" class="1000" name="input_r">
<pin_list>
<pin id="1" dir="1" index="0" bw="1" slack="0"/>
</pin_list>
<bind>
<StgValue><ssdm name="input_r"/></StgValue>
</bind>
</comp>

<comp id="2" class="1000" name="output_r">
<pin_list>
<pin id="3" dir="1" index="0" bw="1" slack="0"/>
</pin_list>
<bind>
<StgValue><ssdm name="output_r"/></StgValue>
</bind>
</comp>

<comp id="4" class="1000" name="window_adjust_0_0_0">
<pin_list>
<pin id="5" dir="1" index="0" bw="1" slack="0"/>
</pin_list>
<bind>
<StgValue><ssdm name="window_adjust_0_0_0"/></StgValue>
</bind>
</comp>

<comp id="6" class="1000" name="window_adjust_0_2_0">
<pin_list>
<pin id="7" dir="1" index="0" bw="1" slack="0"/>
</pin_list>
<bind>
<StgValue><ssdm name="window_adjust_0_2_0"/></StgValue>
</bind>
</comp>

<comp id="8" class="1000" name="window_adjust_1_0_0">
<pin_list>
<pin id="9" dir="1" index="0" bw="1" slack="0"/>
</pin_list>
<bind>
<StgValue><ssdm name="window_adjust_1_0_0"/></StgValue>
</bind>
</comp>

<comp id="10" class="1000" name="window_adjust_1_2_0">
<pin_list>
<pin id="11" dir="1" index="0" bw="1" slack="0"/>
</pin_list>
<bind>
<StgValue><ssdm name="window_adjust_1_2_0"/></StgValue>
</bind>
</comp>

<comp id="12" class="1000" name="window_adjust_2_0_0">
<pin_list>
<pin id="13" dir="1" index="0" bw="1" slack="0"/>
</pin_list>
<bind>
<StgValue><ssdm name="window_adjust_2_0_0"/></StgValue>
</bind>
</comp>

<comp id="14" class="1000" name="window_adjust_2_2_0">
<pin_list>
<pin id="15" dir="1" index="0" bw="1" slack="0"/>
</pin_list>
<bind>
<StgValue><ssdm name="window_adjust_2_2_0"/></StgValue>
</bind>
</comp>

<comp id="16" class="1000" name="window_adjust_0_0_1">
<pin_list>
<pin id="17" dir="1" index="0" bw="1" slack="0"/>
</pin_list>
<bind>
<StgValue><ssdm name="window_adjust_0_0_1"/></StgValue>
</bind>
</comp>

<comp id="18" class="1000" name="window_adjust_0_2_1">
<pin_list>
<pin id="19" dir="1" index="0" bw="1" slack="0"/>
</pin_list>
<bind>
<StgValue><ssdm name="window_adjust_0_2_1"/></StgValue>
</bind>
</comp>

<comp id="20" class="1000" name="window_adjust_1_0_1">
<pin_list>
<pin id="21" dir="1" index="0" bw="1" slack="0"/>
</pin_list>
<bind>
<StgValue><ssdm name="window_adjust_1_0_1"/></StgValue>
</bind>
</comp>

<comp id="22" class="1000" name="window_adjust_1_2_1">
<pin_list>
<pin id="23" dir="1" index="0" bw="1" slack="0"/>
</pin_list>
<bind>
<StgValue><ssdm name="window_adjust_1_2_1"/></StgValue>
</bind>
</comp>

<comp id="24" class="1000" name="window_adjust_2_0_1">
<pin_list>
<pin id="25" dir="1" index="0" bw="1" slack="0"/>
</pin_list>
<bind>
<StgValue><ssdm name="window_adjust_2_0_1"/></StgValue>
</bind>
</comp>

<comp id="26" class="1000" name="window_adjust_2_2_1">
<pin_list>
<pin id="27" dir="1" index="0" bw="1" slack="0"/>
</pin_list>
<bind>
<StgValue><ssdm name="window_adjust_2_2_1"/></StgValue>
</bind>
</comp>

<comp id="28" class="1000" name="window_adjust_0_0_2">
<pin_list>
<pin id="29" dir="1" index="0" bw="1" slack="0"/>
</pin_list>
<bind>
<StgValue><ssdm name="window_adjust_0_0_2"/></StgValue>
</bind>
</comp>

<comp id="30" class="1000" name="window_adjust_0_2_2">
<pin_list>
<pin id="31" dir="1" index="0" bw="1" slack="0"/>
</pin_list>
<bind>
<StgValue><ssdm name="window_adjust_0_2_2"/></StgValue>
</bind>
</comp>

<comp id="32" class="1000" name="window_adjust_1_0_2">
<pin_list>
<pin id="33" dir="1" index="0" bw="1" slack="0"/>
</pin_list>
<bind>
<StgValue><ssdm name="window_adjust_1_0_2"/></StgValue>
</bind>
</comp>

<comp id="34" class="1000" name="window_adjust_1_2_2">
<pin_list>
<pin id="35" dir="1" index="0" bw="1" slack="0"/>
</pin_list>
<bind>
<StgValue><ssdm name="window_adjust_1_2_2"/></StgValue>
</bind>
</comp>

<comp id="36" class="1000" name="window_adjust_2_0_2">
<pin_list>
<pin id="37" dir="1" index="0" bw="1" slack="0"/>
</pin_list>
<bind>
<StgValue><ssdm name="window_adjust_2_0_2"/></StgValue>
</bind>
</comp>

<comp id="38" class="1000" name="window_adjust_2_2_2">
<pin_list>
<pin id="39" dir="1" index="0" bw="1" slack="0"/>
</pin_list>
<bind>
<StgValue><ssdm name="window_adjust_2_2_2"/></StgValue>
</bind>
</comp>

<comp id="40" class="1000" name="window_adjust_0_0_3">
<pin_list>
<pin id="41" dir="1" index="0" bw="1" slack="0"/>
</pin_list>
<bind>
<StgValue><ssdm name="window_adjust_0_0_3"/></StgValue>
</bind>
</comp>

<comp id="42" class="1000" name="window_adjust_0_2_3">
<pin_list>
<pin id="43" dir="1" index="0" bw="1" slack="0"/>
</pin_list>
<bind>
<StgValue><ssdm name="window_adjust_0_2_3"/></StgValue>
</bind>
</comp>

<comp id="44" class="1000" name="window_adjust_1_0_3">
<pin_list>
<pin id="45" dir="1" index="0" bw="1" slack="0"/>
</pin_list>
<bind>
<StgValue><ssdm name="window_adjust_1_0_3"/></StgValue>
</bind>
</comp>

<comp id="46" class="1000" name="window_adjust_1_2_3">
<pin_list>
<pin id="47" dir="1" index="0" bw="1" slack="0"/>
</pin_list>
<bind>
<StgValue><ssdm name="window_adjust_1_2_3"/></StgValue>
</bind>
</comp>

<comp id="48" class="1000" name="window_adjust_2_0_3">
<pin_list>
<pin id="49" dir="1" index="0" bw="1" slack="0"/>
</pin_list>
<bind>
<StgValue><ssdm name="window_adjust_2_0_3"/></StgValue>
</bind>
</comp>

<comp id="50" class="1000" name="window_adjust_2_2_3">
<pin_list>
<pin id="51" dir="1" index="0" bw="1" slack="0"/>
</pin_list>
<bind>
<StgValue><ssdm name="window_adjust_2_2_3"/></StgValue>
</bind>
</comp>

<comp id="52" class="1000" name="window_adjust_0_0_4">
<pin_list>
<pin id="53" dir="1" index="0" bw="1" slack="0"/>
</pin_list>
<bind>
<StgValue><ssdm name="window_adjust_0_0_4"/></StgValue>
</bind>
</comp>

<comp id="54" class="1000" name="window_adjust_0_2_4">
<pin_list>
<pin id="55" dir="1" index="0" bw="1" slack="0"/>
</pin_list>
<bind>
<StgValue><ssdm name="window_adjust_0_2_4"/></StgValue>
</bind>
</comp>

<comp id="56" class="1000" name="window_adjust_1_0_4">
<pin_list>
<pin id="57" dir="1" index="0" bw="1" slack="0"/>
</pin_list>
<bind>
<StgValue><ssdm name="window_adjust_1_0_4"/></StgValue>
</bind>
</comp>

<comp id="58" class="1000" name="window_adjust_1_2_4">
<pin_list>
<pin id="59" dir="1" index="0" bw="1" slack="0"/>
</pin_list>
<bind>
<StgValue><ssdm name="window_adjust_1_2_4"/></StgValue>
</bind>
</comp>

<comp id="60" class="1000" name="window_adjust_2_0_4">
<pin_list>
<pin id="61" dir="1" index="0" bw="1" slack="0"/>
</pin_list>
<bind>
<StgValue><ssdm name="window_adjust_2_0_4"/></StgValue>
</bind>
</comp>

<comp id="62" class="1000" name="window_adjust_2_2_4">
<pin_list>
<pin id="63" dir="1" index="0" bw="1" slack="0"/>
</pin_list>
<bind>
<StgValue><ssdm name="window_adjust_2_2_4"/></StgValue>
</bind>
</comp>

<comp id="64" class="1000" name="window_adjust_0_0_5">
<pin_list>
<pin id="65" dir="1" index="0" bw="1" slack="0"/>
</pin_list>
<bind>
<StgValue><ssdm name="window_adjust_0_0_5"/></StgValue>
</bind>
</comp>

<comp id="66" class="1000" name="window_adjust_0_2_5">
<pin_list>
<pin id="67" dir="1" index="0" bw="1" slack="0"/>
</pin_list>
<bind>
<StgValue><ssdm name="window_adjust_0_2_5"/></StgValue>
</bind>
</comp>

<comp id="68" class="1000" name="window_adjust_1_0_5">
<pin_list>
<pin id="69" dir="1" index="0" bw="1" slack="0"/>
</pin_list>
<bind>
<StgValue><ssdm name="window_adjust_1_0_5"/></StgValue>
</bind>
</comp>

<comp id="70" class="1000" name="window_adjust_1_2_5">
<pin_list>
<pin id="71" dir="1" index="0" bw="1" slack="0"/>
</pin_list>
<bind>
<StgValue><ssdm name="window_adjust_1_2_5"/></StgValue>
</bind>
</comp>

<comp id="72" class="1000" name="window_adjust_2_0_5">
<pin_list>
<pin id="73" dir="1" index="0" bw="1" slack="0"/>
</pin_list>
<bind>
<StgValue><ssdm name="window_adjust_2_0_5"/></StgValue>
</bind>
</comp>

<comp id="74" class="1000" name="window_adjust_2_2_5">
<pin_list>
<pin id="75" dir="1" index="0" bw="1" slack="0"/>
</pin_list>
<bind>
<StgValue><ssdm name="window_adjust_2_2_5"/></StgValue>
</bind>
</comp>

<comp id="76" class="1000" name="window_adjust_0_0_6">
<pin_list>
<pin id="77" dir="1" index="0" bw="1" slack="0"/>
</pin_list>
<bind>
<StgValue><ssdm name="window_adjust_0_0_6"/></StgValue>
</bind>
</comp>

<comp id="78" class="1000" name="window_adjust_0_2_6">
<pin_list>
<pin id="79" dir="1" index="0" bw="1" slack="0"/>
</pin_list>
<bind>
<StgValue><ssdm name="window_adjust_0_2_6"/></StgValue>
</bind>
</comp>

<comp id="80" class="1000" name="window_adjust_1_0_6">
<pin_list>
<pin id="81" dir="1" index="0" bw="1" slack="0"/>
</pin_list>
<bind>
<StgValue><ssdm name="window_adjust_1_0_6"/></StgValue>
</bind>
</comp>

<comp id="82" class="1000" name="window_adjust_1_2_6">
<pin_list>
<pin id="83" dir="1" index="0" bw="1" slack="0"/>
</pin_list>
<bind>
<StgValue><ssdm name="window_adjust_1_2_6"/></StgValue>
</bind>
</comp>

<comp id="84" class="1000" name="window_adjust_2_0_6">
<pin_list>
<pin id="85" dir="1" index="0" bw="1" slack="0"/>
</pin_list>
<bind>
<StgValue><ssdm name="window_adjust_2_0_6"/></StgValue>
</bind>
</comp>

<comp id="86" class="1000" name="window_adjust_2_2_6">
<pin_list>
<pin id="87" dir="1" index="0" bw="1" slack="0"/>
</pin_list>
<bind>
<StgValue><ssdm name="window_adjust_2_2_6"/></StgValue>
</bind>
</comp>

<comp id="88" class="1000" name="window_adjust_0_0_7">
<pin_list>
<pin id="89" dir="1" index="0" bw="1" slack="0"/>
</pin_list>
<bind>
<StgValue><ssdm name="window_adjust_0_0_7"/></StgValue>
</bind>
</comp>

<comp id="90" class="1000" name="window_adjust_0_2_7">
<pin_list>
<pin id="91" dir="1" index="0" bw="1" slack="0"/>
</pin_list>
<bind>
<StgValue><ssdm name="window_adjust_0_2_7"/></StgValue>
</bind>
</comp>

<comp id="92" class="1000" name="window_adjust_1_0_7">
<pin_list>
<pin id="93" dir="1" index="0" bw="1" slack="0"/>
</pin_list>
<bind>
<StgValue><ssdm name="window_adjust_1_0_7"/></StgValue>
</bind>
</comp>

<comp id="94" class="1000" name="window_adjust_1_2_7">
<pin_list>
<pin id="95" dir="1" index="0" bw="1" slack="0"/>
</pin_list>
<bind>
<StgValue><ssdm name="window_adjust_1_2_7"/></StgValue>
</bind>
</comp>

<comp id="96" class="1000" name="window_adjust_2_0_7">
<pin_list>
<pin id="97" dir="1" index="0" bw="1" slack="0"/>
</pin_list>
<bind>
<StgValue><ssdm name="window_adjust_2_0_7"/></StgValue>
</bind>
</comp>

<comp id="98" class="1000" name="window_adjust_2_2_7">
<pin_list>
<pin id="99" dir="1" index="0" bw="1" slack="0"/>
</pin_list>
<bind>
<StgValue><ssdm name="window_adjust_2_2_7"/></StgValue>
</bind>
</comp>

<comp id="100" class="1000" name="linebuf_0_0">
<pin_list>
<pin id="101" dir="1" index="0" bw="1" slack="0"/>
</pin_list>
<bind>
<StgValue><ssdm name="linebuf_0_0"/><MemPortTyVec>2 1 </MemPortTyVec>
</StgValue>
</bind>
</comp>

<comp id="102" class="1000" name="linebuf_1_0">
<pin_list>
<pin id="103" dir="1" index="0" bw="1" slack="0"/>
</pin_list>
<bind>
<StgValue><ssdm name="linebuf_1_0"/><MemPortTyVec>2 1 </MemPortTyVec>
</StgValue>
</bind>
</comp>

<comp id="104" class="1000" name="linebuf_2_0">
<pin_list>
<pin id="105" dir="1" index="0" bw="1" slack="0"/>
</pin_list>
<bind>
<StgValue><ssdm name="linebuf_2_0"/><MemPortTyVec>2 1 </MemPortTyVec>
</StgValue>
</bind>
</comp>

<comp id="106" class="1000" name="linebuf_1_1">
<pin_list>
<pin id="107" dir="1" index="0" bw="1" slack="0"/>
</pin_list>
<bind>
<StgValue><ssdm name="linebuf_1_1"/><MemPortTyVec>2 1 </MemPortTyVec>
</StgValue>
</bind>
</comp>

<comp id="108" class="1000" name="linebuf_2_1">
<pin_list>
<pin id="109" dir="1" index="0" bw="1" slack="0"/>
</pin_list>
<bind>
<StgValue><ssdm name="linebuf_2_1"/><MemPortTyVec>2 1 </MemPortTyVec>
</StgValue>
</bind>
</comp>

<comp id="110" class="1000" name="linebuf_0_1">
<pin_list>
<pin id="111" dir="1" index="0" bw="1" slack="0"/>
</pin_list>
<bind>
<StgValue><ssdm name="linebuf_0_1"/><MemPortTyVec>2 1 </MemPortTyVec>
</StgValue>
</bind>
</comp>

<comp id="112" class="1001" name="const_112">
<pin_list>
<pin id="113" dir="1" index="0" bw="1" slack="0"/>
</pin_list>
<bind>
<StgValue><ssdm name=""/></StgValue>
</bind>
</comp>

<comp id="114" class="1001" name="const_114">
<pin_list>
<pin id="115" dir="1" index="0" bw="1" slack="2147483647"/>
</pin_list>
<bind>
<StgValue><ssdm name="_ssdm_op_SpecInterface"/></StgValue>
</bind>
</comp>

<comp id="116" class="1001" name="const_116">
<pin_list>
<pin id="117" dir="1" index="0" bw="1" slack="2147483647"/>
</pin_list>
<bind>
<StgValue><ssdm name="empty_5"/></StgValue>
</bind>
</comp>

<comp id="118" class="1001" name="const_118">
<pin_list>
<pin id="119" dir="1" index="0" bw="1" slack="2147483647"/>
</pin_list>
<bind>
<StgValue><ssdm name=""/></StgValue>
</bind>
</comp>

<comp id="120" class="1001" name="const_120">
<pin_list>
<pin id="121" dir="1" index="0" bw="1" slack="2147483647"/>
</pin_list>
<bind>
<StgValue><ssdm name="empty_6"/></StgValue>
</bind>
</comp>

<comp id="122" class="1001" name="const_122">
<pin_list>
<pin id="123" dir="1" index="0" bw="1" slack="2147483647"/>
</pin_list>
<bind>
<StgValue><ssdm name=""/></StgValue>
</bind>
</comp>

<comp id="124" class="1001" name="const_124">
<pin_list>
<pin id="125" dir="1" index="0" bw="1" slack="0"/>
</pin_list>
<bind>
<StgValue><ssdm name=""/></StgValue>
</bind>
</comp>

<comp id="126" class="1001" name="const_126">
<pin_list>
<pin id="127" dir="1" index="0" bw="1" slack="0"/>
</pin_list>
<bind>
<StgValue><ssdm name=""/></StgValue>
</bind>
</comp>

<comp id="128" class="1001" name="const_128">
<pin_list>
<pin id="129" dir="1" index="0" bw="1" slack="2147483647"/>
</pin_list>
<bind>
<StgValue><ssdm name="_ssdm_op_Wait"/></StgValue>
</bind>
</comp>

<comp id="130" class="1001" name="const_130">
<pin_list>
<pin id="131" dir="1" index="0" bw="1" slack="0"/>
</pin_list>
<bind>
<StgValue><ssdm name="image_filter_Pipeline_VITIS_LOOP_188_2"/></StgValue>
</bind>
</comp>

<comp id="132" class="1001" name="const_132">
<pin_list>
<pin id="133" dir="1" index="0" bw="1" slack="0"/>
</pin_list>
<bind>
<StgValue><ssdm name="shift_register"/></StgValue>
</bind>
</comp>

<comp id="134" class="1001" name="const_134">
<pin_list>
<pin id="135" dir="1" index="0" bw="1" slack="2147483647"/>
</pin_list>
<bind>
<StgValue><ssdm name="_ssdm_op_SpecPipeline"/></StgValue>
</bind>
</comp>

<comp id="136" class="1001" name="const_136">
<pin_list>
<pin id="137" dir="1" index="0" bw="1" slack="2147483647"/>
</pin_list>
<bind>
<StgValue><ssdm name="_ssdm_op_SpecLoopTripCount"/></StgValue>
</bind>
</comp>

<comp id="138" class="1001" name="const_138">
<pin_list>
<pin id="139" dir="1" index="0" bw="1" slack="2147483647"/>
</pin_list>
<bind>
<StgValue><ssdm name=""/></StgValue>
</bind>
</comp>

<comp id="140" class="1001" name="const_140">
<pin_list>
<pin id="141" dir="1" index="0" bw="1" slack="2147483647"/>
</pin_list>
<bind>
<StgValue><ssdm name="_ssdm_op_SpecLoopName"/></StgValue>
</bind>
</comp>

<comp id="142" class="1001" name="const_142">
<pin_list>
<pin id="143" dir="1" index="0" bw="1" slack="2147483647"/>
</pin_list>
<bind>
<StgValue><ssdm name="empty"/></StgValue>
</bind>
</comp>

<comp id="144" class="1001" name="const_144">
<pin_list>
<pin id="145" dir="1" index="0" bw="1" slack="0"/>
</pin_list>
<bind>
<StgValue><ssdm name=""/></StgValue>
</bind>
</comp>

<comp id="146" class="1001" name="const_146">
<pin_list>
<pin id="147" dir="1" index="0" bw="1" slack="0"/>
</pin_list>
<bind>
<StgValue><ssdm name="_ssdm_op_Write.ap_fifo.volatile.i80P0A"/></StgValue>
</bind>
</comp>

<comp id="148" class="1004" name="row_fu_148">
<pin_list>
<pin id="149" dir="0" index="0" bw="1" slack="0"/>
<pin id="150" dir="1" index="1" bw="11" slack="0"/>
</pin_list>
<bind>
<opcode="alloca(26) " fcode="alloca"/>
<opset="row/1 "/>
</bind>
</comp>

<comp id="152" class="1004" name="write_ln216_write_fu_152">
<pin_list>
<pin id="153" dir="0" index="0" bw="0" slack="0"/>
<pin id="154" dir="0" index="1" bw="80" slack="0"/>
<pin id="155" dir="0" index="2" bw="80" slack="0"/>
<pin id="156" dir="1" index="3" bw="0" slack="2147483647"/>
</pin_list>
<bind>
<opcode="write(1151) " fcode="write"/>
<opset="write_ln216/6 "/>
</bind>
</comp>

<comp id="159" class="1004" name="grp_image_filter_Pipeline_VITIS_LOOP_188_2_fu_159">
<pin_list>
<pin id="160" dir="0" index="0" bw="0" slack="0"/>
<pin id="161" dir="0" index="1" bw="80" slack="0"/>
<pin id="162" dir="0" index="2" bw="1" slack="0"/>
<pin id="163" dir="0" index="3" bw="11" slack="0"/>
<pin id="164" dir="0" index="4" bw="1" slack="0"/>
<pin id="165" dir="0" index="5" bw="80" slack="0"/>
<pin id="166" dir="0" index="6" bw="10" slack="0"/>
<pin id="167" dir="0" index="7" bw="10" slack="0"/>
<pin id="168" dir="0" index="8" bw="10" slack="0"/>
<pin id="169" dir="0" index="9" bw="10" slack="0"/>
<pin id="170" dir="0" index="10" bw="10" slack="0"/>
<pin id="171" dir="0" index="11" bw="10" slack="0"/>
<pin id="172" dir="0" index="12" bw="10" slack="0"/>
<pin id="173" dir="0" index="13" bw="10" slack="0"/>
<pin id="174" dir="0" index="14" bw="10" slack="0"/>
<pin id="175" dir="0" index="15" bw="10" slack="0"/>
<pin id="176" dir="0" index="16" bw="10" slack="0"/>
<pin id="177" dir="0" index="17" bw="10" slack="0"/>
<pin id="178" dir="0" index="18" bw="10" slack="0"/>
<pin id="179" dir="0" index="19" bw="10" slack="0"/>
<pin id="180" dir="0" index="20" bw="10" slack="0"/>
<pin id="181" dir="0" index="21" bw="10" slack="0"/>
<pin id="182" dir="0" index="22" bw="10" slack="0"/>
<pin id="183" dir="0" index="23" bw="10" slack="0"/>
<pin id="184" dir="0" index="24" bw="10" slack="0"/>
<pin id="185" dir="0" index="25" bw="10" slack="0"/>
<pin id="186" dir="0" index="26" bw="10" slack="0"/>
<pin id="187" dir="0" index="27" bw="10" slack="0"/>
<pin id="188" dir="0" index="28" bw="10" slack="0"/>
<pin id="189" dir="0" index="29" bw="10" slack="0"/>
<pin id="190" dir="0" index="30" bw="10" slack="0"/>
<pin id="191" dir="0" index="31" bw="10" slack="0"/>
<pin id="192" dir="0" index="32" bw="10" slack="0"/>
<pin id="193" dir="0" index="33" bw="10" slack="0"/>
<pin id="194" dir="0" index="34" bw="10" slack="0"/>
<pin id="195" dir="0" index="35" bw="10" slack="0"/>
<pin id="196" dir="0" index="36" bw="10" slack="0"/>
<pin id="197" dir="0" index="37" bw="10" slack="0"/>
<pin id="198" dir="0" index="38" bw="10" slack="0"/>
<pin id="199" dir="0" index="39" bw="10" slack="0"/>
<pin id="200" dir="0" index="40" bw="10" slack="0"/>
<pin id="201" dir="0" index="41" bw="10" slack="0"/>
<pin id="202" dir="0" index="42" bw="10" slack="0"/>
<pin id="203" dir="0" index="43" bw="10" slack="0"/>
<pin id="204" dir="0" index="44" bw="10" slack="0"/>
<pin id="205" dir="0" index="45" bw="10" slack="0"/>
<pin id="206" dir="0" index="46" bw="10" slack="0"/>
<pin id="207" dir="0" index="47" bw="10" slack="0"/>
<pin id="208" dir="0" index="48" bw="10" slack="0"/>
<pin id="209" dir="0" index="49" bw="10" slack="0"/>
<pin id="210" dir="0" index="50" bw="10" slack="0"/>
<pin id="211" dir="0" index="51" bw="10" slack="0"/>
<pin id="212" dir="0" index="52" bw="10" slack="0"/>
<pin id="213" dir="0" index="53" bw="10" slack="0"/>
<pin id="214" dir="0" index="54" bw="80" slack="0"/>
<pin id="215" dir="0" index="55" bw="80" slack="0"/>
<pin id="216" dir="0" index="56" bw="80" slack="0"/>
<pin id="217" dir="0" index="57" bw="80" slack="0"/>
<pin id="218" dir="0" index="58" bw="80" slack="0"/>
<pin id="219" dir="0" index="59" bw="80" slack="0"/>
<pin id="220" dir="1" index="60" bw="0" slack="2147483647"/>
</pin_list>
<bind>
<opcode="call(48) " fcode="call"/>
<opset="call_ln219/2 "/>
</bind>
</comp>

<comp id="278" class="1004" name="grp_shift_register_fu_278">
<pin_list>
<pin id="279" dir="0" index="0" bw="80" slack="0"/>
<pin id="280" dir="0" index="1" bw="11" slack="2147483647"/>
<pin id="281" dir="0" index="2" bw="80" slack="0"/>
<pin id="282" dir="0" index="3" bw="80" slack="0"/>
<pin id="283" dir="0" index="4" bw="80" slack="0"/>
<pin id="284" dir="0" index="5" bw="80" slack="0"/>
<pin id="285" dir="0" index="6" bw="80" slack="0"/>
<pin id="286" dir="0" index="7" bw="80" slack="0"/>
<pin id="287" dir="0" index="8" bw="10" slack="0"/>
<pin id="288" dir="0" index="9" bw="10" slack="0"/>
<pin id="289" dir="0" index="10" bw="10" slack="0"/>
<pin id="290" dir="0" index="11" bw="10" slack="0"/>
<pin id="291" dir="0" index="12" bw="10" slack="0"/>
<pin id="292" dir="0" index="13" bw="10" slack="0"/>
<pin id="293" dir="0" index="14" bw="10" slack="0"/>
<pin id="294" dir="0" index="15" bw="10" slack="0"/>
<pin id="295" dir="0" index="16" bw="10" slack="0"/>
<pin id="296" dir="0" index="17" bw="10" slack="0"/>
<pin id="297" dir="0" index="18" bw="10" slack="0"/>
<pin id="298" dir="0" index="19" bw="10" slack="0"/>
<pin id="299" dir="0" index="20" bw="10" slack="0"/>
<pin id="300" dir="0" index="21" bw="10" slack="0"/>
<pin id="301" dir="0" index="22" bw="10" slack="0"/>
<pin id="302" dir="0" index="23" bw="10" slack="0"/>
<pin id="303" dir="0" index="24" bw="10" slack="0"/>
<pin id="304" dir="0" index="25" bw="10" slack="0"/>
<pin id="305" dir="0" index="26" bw="10" slack="0"/>
<pin id="306" dir="0" index="27" bw="10" slack="0"/>
<pin id="307" dir="0" index="28" bw="10" slack="0"/>
<pin id="308" dir="0" index="29" bw="10" slack="0"/>
<pin id="309" dir="0" index="30" bw="10" slack="0"/>
<pin id="310" dir="0" index="31" bw="10" slack="0"/>
<pin id="311" dir="0" index="32" bw="10" slack="0"/>
<pin id="312" dir="0" index="33" bw="10" slack="0"/>
<pin id="313" dir="0" index="34" bw="10" slack="0"/>
<pin id="314" dir="0" index="35" bw="10" slack="0"/>
<pin id="315" dir="0" index="36" bw="10" slack="0"/>
<pin id="316" dir="0" index="37" bw="10" slack="0"/>
<pin id="317" dir="0" index="38" bw="10" slack="0"/>
<pin id="318" dir="0" index="39" bw="10" slack="0"/>
<pin id="319" dir="0" index="40" bw="10" slack="0"/>
<pin id="320" dir="0" index="41" bw="10" slack="0"/>
<pin id="321" dir="0" index="42" bw="10" slack="0"/>
<pin id="322" dir="0" index="43" bw="10" slack="0"/>
<pin id="323" dir="0" index="44" bw="10" slack="0"/>
<pin id="324" dir="0" index="45" bw="10" slack="0"/>
<pin id="325" dir="0" index="46" bw="10" slack="0"/>
<pin id="326" dir="0" index="47" bw="10" slack="0"/>
<pin id="327" dir="0" index="48" bw="10" slack="0"/>
<pin id="328" dir="0" index="49" bw="10" slack="0"/>
<pin id="329" dir="0" index="50" bw="10" slack="0"/>
<pin id="330" dir="0" index="51" bw="10" slack="0"/>
<pin id="331" dir="0" index="52" bw="10" slack="0"/>
<pin id="332" dir="0" index="53" bw="10" slack="0"/>
<pin id="333" dir="0" index="54" bw="10" slack="0"/>
<pin id="334" dir="0" index="55" bw="10" slack="0"/>
<pin id="335" dir="1" index="56" bw="80" slack="0"/>
</pin_list>
<bind>
<opcode="call(48) " fcode="call"/>
<opset="tmp_56/4 "/>
</bind>
</comp>

<comp id="392" class="1004" name="store_ln183_store_fu_392">
<pin_list>
<pin id="393" dir="0" index="0" bw="1" slack="0"/>
<pin id="394" dir="0" index="1" bw="11" slack="0"/>
<pin id="395" dir="1" index="2" bw="0" slack="2147483647"/>
</pin_list>
<bind>
<opcode="store(28) " fcode="store"/>
<opset="store_ln183/1 "/>
</bind>
</comp>

<comp id="397" class="1004" name="row_2_load_fu_397">
<pin_list>
<pin id="398" dir="0" index="0" bw="11" slack="1"/>
<pin id="399" dir="1" index="1" bw="11" slack="0"/>
</pin_list>
<bind>
<opcode="load(27) " fcode="load"/>
<opset="row_2/2 "/>
</bind>
</comp>

<comp id="401" class="1004" name="cmp4_fu_401">
<pin_list>
<pin id="402" dir="0" index="0" bw="11" slack="0"/>
<pin id="403" dir="0" index="1" bw="11" slack="0"/>
<pin id="404" dir="1" index="2" bw="1" slack="0"/>
</pin_list>
<bind>
<opcode="icmp(45) " fcode="icmp"/>
<opset="cmp4/2 "/>
</bind>
</comp>

<comp id="408" class="1004" name="cmp_fu_408">
<pin_list>
<pin id="409" dir="0" index="0" bw="11" slack="0"/>
<pin id="410" dir="0" index="1" bw="1" slack="0"/>
<pin id="411" dir="1" index="2" bw="1" slack="0"/>
</pin_list>
<bind>
<opcode="icmp(45) " fcode="icmp"/>
<opset="cmp/2 "/>
</bind>
</comp>

<comp id="415" class="1004" name="row_3_fu_415">
<pin_list>
<pin id="416" dir="0" index="0" bw="11" slack="2147483647"/>
<pin id="417" dir="0" index="1" bw="1" slack="0"/>
<pin id="418" dir="1" index="2" bw="11" slack="0"/>
</pin_list>
<bind>
<opcode="add(8) " fcode="add"/>
<opset="row_3/6 "/>
</bind>
</comp>

<comp id="420" class="1004" name="store_ln183_store_fu_420">
<pin_list>
<pin id="421" dir="0" index="0" bw="11" slack="0"/>
<pin id="422" dir="0" index="1" bw="11" slack="5"/>
<pin id="423" dir="1" index="2" bw="0" slack="2147483647"/>
</pin_list>
<bind>
<opcode="store(28) " fcode="store"/>
<opset="store_ln183/6 "/>
</bind>
</comp>

<comp id="425" class="1005" name="row_reg_425">
<pin_list>
<pin id="426" dir="0" index="0" bw="11" slack="0"/>
<pin id="427" dir="1" index="1" bw="11" slack="0"/>
</pin_list>
<bind>
<opset="row "/>
</bind>
</comp>

<comp id="435" class="1005" name="cmp4_reg_435">
<pin_list>
<pin id="436" dir="0" index="0" bw="1" slack="1"/>
<pin id="437" dir="1" index="1" bw="1" slack="1"/>
</pin_list>
<bind>
<opset="cmp4 "/>
</bind>
</comp>

<comp id="440" class="1005" name="cmp_reg_440">
<pin_list>
<pin id="441" dir="0" index="0" bw="1" slack="1"/>
<pin id="442" dir="1" index="1" bw="1" slack="1"/>
</pin_list>
<bind>
<opset="cmp "/>
</bind>
</comp>

</comp_list>

<net_list>
<net id="151"><net_src comp="112" pin="0"/><net_sink comp="148" pin=0"/></net>

<net id="157"><net_src comp="146" pin="0"/><net_sink comp="152" pin=0"/></net>

<net id="158"><net_src comp="2" pin="0"/><net_sink comp="152" pin=1"/></net>

<net id="221"><net_src comp="130" pin="0"/><net_sink comp="159" pin=0"/></net>

<net id="222"><net_src comp="0" pin="0"/><net_sink comp="159" pin=1"/></net>

<net id="223"><net_src comp="2" pin="0"/><net_sink comp="159" pin=5"/></net>

<net id="224"><net_src comp="4" pin="0"/><net_sink comp="159" pin=6"/></net>

<net id="225"><net_src comp="6" pin="0"/><net_sink comp="159" pin=7"/></net>

<net id="226"><net_src comp="8" pin="0"/><net_sink comp="159" pin=8"/></net>

<net id="227"><net_src comp="10" pin="0"/><net_sink comp="159" pin=9"/></net>

<net id="228"><net_src comp="12" pin="0"/><net_sink comp="159" pin=10"/></net>

<net id="229"><net_src comp="14" pin="0"/><net_sink comp="159" pin=11"/></net>

<net id="230"><net_src comp="16" pin="0"/><net_sink comp="159" pin=12"/></net>

<net id="231"><net_src comp="18" pin="0"/><net_sink comp="159" pin=13"/></net>

<net id="232"><net_src comp="20" pin="0"/><net_sink comp="159" pin=14"/></net>

<net id="233"><net_src comp="22" pin="0"/><net_sink comp="159" pin=15"/></net>

<net id="234"><net_src comp="24" pin="0"/><net_sink comp="159" pin=16"/></net>

<net id="235"><net_src comp="26" pin="0"/><net_sink comp="159" pin=17"/></net>

<net id="236"><net_src comp="28" pin="0"/><net_sink comp="159" pin=18"/></net>

<net id="237"><net_src comp="30" pin="0"/><net_sink comp="159" pin=19"/></net>

<net id="238"><net_src comp="32" pin="0"/><net_sink comp="159" pin=20"/></net>

<net id="239"><net_src comp="34" pin="0"/><net_sink comp="159" pin=21"/></net>

<net id="240"><net_src comp="36" pin="0"/><net_sink comp="159" pin=22"/></net>

<net id="241"><net_src comp="38" pin="0"/><net_sink comp="159" pin=23"/></net>

<net id="242"><net_src comp="40" pin="0"/><net_sink comp="159" pin=24"/></net>

<net id="243"><net_src comp="42" pin="0"/><net_sink comp="159" pin=25"/></net>

<net id="244"><net_src comp="44" pin="0"/><net_sink comp="159" pin=26"/></net>

<net id="245"><net_src comp="46" pin="0"/><net_sink comp="159" pin=27"/></net>

<net id="246"><net_src comp="48" pin="0"/><net_sink comp="159" pin=28"/></net>

<net id="247"><net_src comp="50" pin="0"/><net_sink comp="159" pin=29"/></net>

<net id="248"><net_src comp="52" pin="0"/><net_sink comp="159" pin=30"/></net>

<net id="249"><net_src comp="54" pin="0"/><net_sink comp="159" pin=31"/></net>

<net id="250"><net_src comp="56" pin="0"/><net_sink comp="159" pin=32"/></net>

<net id="251"><net_src comp="58" pin="0"/><net_sink comp="159" pin=33"/></net>

<net id="252"><net_src comp="60" pin="0"/><net_sink comp="159" pin=34"/></net>

<net id="253"><net_src comp="62" pin="0"/><net_sink comp="159" pin=35"/></net>

<net id="254"><net_src comp="64" pin="0"/><net_sink comp="159" pin=36"/></net>

<net id="255"><net_src comp="66" pin="0"/><net_sink comp="159" pin=37"/></net>

<net id="256"><net_src comp="68" pin="0"/><net_sink comp="159" pin=38"/></net>

<net id="257"><net_src comp="70" pin="0"/><net_sink comp="159" pin=39"/></net>

<net id="258"><net_src comp="72" pin="0"/><net_sink comp="159" pin=40"/></net>

<net id="259"><net_src comp="74" pin="0"/><net_sink comp="159" pin=41"/></net>

<net id="260"><net_src comp="76" pin="0"/><net_sink comp="159" pin=42"/></net>

<net id="261"><net_src comp="78" pin="0"/><net_sink comp="159" pin=43"/></net>

<net id="262"><net_src comp="80" pin="0"/><net_sink comp="159" pin=44"/></net>

<net id="263"><net_src comp="82" pin="0"/><net_sink comp="159" pin=45"/></net>

<net id="264"><net_src comp="84" pin="0"/><net_sink comp="159" pin=46"/></net>

<net id="265"><net_src comp="86" pin="0"/><net_sink comp="159" pin=47"/></net>

<net id="266"><net_src comp="88" pin="0"/><net_sink comp="159" pin=48"/></net>

<net id="267"><net_src comp="90" pin="0"/><net_sink comp="159" pin=49"/></net>

<net id="268"><net_src comp="92" pin="0"/><net_sink comp="159" pin=50"/></net>

<net id="269"><net_src comp="94" pin="0"/><net_sink comp="159" pin=51"/></net>

<net id="270"><net_src comp="96" pin="0"/><net_sink comp="159" pin=52"/></net>

<net id="271"><net_src comp="98" pin="0"/><net_sink comp="159" pin=53"/></net>

<net id="272"><net_src comp="100" pin="0"/><net_sink comp="159" pin=54"/></net>

<net id="273"><net_src comp="102" pin="0"/><net_sink comp="159" pin=55"/></net>

<net id="274"><net_src comp="104" pin="0"/><net_sink comp="159" pin=56"/></net>

<net id="275"><net_src comp="106" pin="0"/><net_sink comp="159" pin=57"/></net>

<net id="276"><net_src comp="108" pin="0"/><net_sink comp="159" pin=58"/></net>

<net id="277"><net_src comp="110" pin="0"/><net_sink comp="159" pin=59"/></net>

<net id="336"><net_src comp="278" pin="56"/><net_sink comp="152" pin=2"/></net>

<net id="337"><net_src comp="132" pin="0"/><net_sink comp="278" pin=0"/></net>

<net id="338"><net_src comp="100" pin="0"/><net_sink comp="278" pin=2"/></net>

<net id="339"><net_src comp="110" pin="0"/><net_sink comp="278" pin=3"/></net>

<net id="340"><net_src comp="102" pin="0"/><net_sink comp="278" pin=4"/></net>

<net id="341"><net_src comp="106" pin="0"/><net_sink comp="278" pin=5"/></net>

<net id="342"><net_src comp="104" pin="0"/><net_sink comp="278" pin=6"/></net>

<net id="343"><net_src comp="108" pin="0"/><net_sink comp="278" pin=7"/></net>

<net id="344"><net_src comp="4" pin="0"/><net_sink comp="278" pin=8"/></net>

<net id="345"><net_src comp="8" pin="0"/><net_sink comp="278" pin=9"/></net>

<net id="346"><net_src comp="12" pin="0"/><net_sink comp="278" pin=10"/></net>

<net id="347"><net_src comp="16" pin="0"/><net_sink comp="278" pin=11"/></net>

<net id="348"><net_src comp="20" pin="0"/><net_sink comp="278" pin=12"/></net>

<net id="349"><net_src comp="24" pin="0"/><net_sink comp="278" pin=13"/></net>

<net id="350"><net_src comp="28" pin="0"/><net_sink comp="278" pin=14"/></net>

<net id="351"><net_src comp="32" pin="0"/><net_sink comp="278" pin=15"/></net>

<net id="352"><net_src comp="36" pin="0"/><net_sink comp="278" pin=16"/></net>

<net id="353"><net_src comp="40" pin="0"/><net_sink comp="278" pin=17"/></net>

<net id="354"><net_src comp="44" pin="0"/><net_sink comp="278" pin=18"/></net>

<net id="355"><net_src comp="48" pin="0"/><net_sink comp="278" pin=19"/></net>

<net id="356"><net_src comp="52" pin="0"/><net_sink comp="278" pin=20"/></net>

<net id="357"><net_src comp="56" pin="0"/><net_sink comp="278" pin=21"/></net>

<net id="358"><net_src comp="60" pin="0"/><net_sink comp="278" pin=22"/></net>

<net id="359"><net_src comp="64" pin="0"/><net_sink comp="278" pin=23"/></net>

<net id="360"><net_src comp="68" pin="0"/><net_sink comp="278" pin=24"/></net>

<net id="361"><net_src comp="72" pin="0"/><net_sink comp="278" pin=25"/></net>

<net id="362"><net_src comp="76" pin="0"/><net_sink comp="278" pin=26"/></net>

<net id="363"><net_src comp="80" pin="0"/><net_sink comp="278" pin=27"/></net>

<net id="364"><net_src comp="84" pin="0"/><net_sink comp="278" pin=28"/></net>

<net id="365"><net_src comp="88" pin="0"/><net_sink comp="278" pin=29"/></net>

<net id="366"><net_src comp="92" pin="0"/><net_sink comp="278" pin=30"/></net>

<net id="367"><net_src comp="96" pin="0"/><net_sink comp="278" pin=31"/></net>

<net id="368"><net_src comp="6" pin="0"/><net_sink comp="278" pin=32"/></net>

<net id="369"><net_src comp="10" pin="0"/><net_sink comp="278" pin=33"/></net>

<net id="370"><net_src comp="14" pin="0"/><net_sink comp="278" pin=34"/></net>

<net id="371"><net_src comp="18" pin="0"/><net_sink comp="278" pin=35"/></net>

<net id="372"><net_src comp="22" pin="0"/><net_sink comp="278" pin=36"/></net>

<net id="373"><net_src comp="26" pin="0"/><net_sink comp="278" pin=37"/></net>

<net id="374"><net_src comp="30" pin="0"/><net_sink comp="278" pin=38"/></net>

<net id="375"><net_src comp="34" pin="0"/><net_sink comp="278" pin=39"/></net>

<net id="376"><net_src comp="38" pin="0"/><net_sink comp="278" pin=40"/></net>

<net id="377"><net_src comp="42" pin="0"/><net_sink comp="278" pin=41"/></net>

<net id="378"><net_src comp="46" pin="0"/><net_sink comp="278" pin=42"/></net>

<net id="379"><net_src comp="50" pin="0"/><net_sink comp="278" pin=43"/></net>

<net id="380"><net_src comp="54" pin="0"/><net_sink comp="278" pin=44"/></net>

<net id="381"><net_src comp="58" pin="0"/><net_sink comp="278" pin=45"/></net>

<net id="382"><net_src comp="62" pin="0"/><net_sink comp="278" pin=46"/></net>

<net id="383"><net_src comp="66" pin="0"/><net_sink comp="278" pin=47"/></net>

<net id="384"><net_src comp="70" pin="0"/><net_sink comp="278" pin=48"/></net>

<net id="385"><net_src comp="74" pin="0"/><net_sink comp="278" pin=49"/></net>

<net id="386"><net_src comp="78" pin="0"/><net_sink comp="278" pin=50"/></net>

<net id="387"><net_src comp="82" pin="0"/><net_sink comp="278" pin=51"/></net>

<net id="388"><net_src comp="86" pin="0"/><net_sink comp="278" pin=52"/></net>

<net id="389"><net_src comp="90" pin="0"/><net_sink comp="278" pin=53"/></net>

<net id="390"><net_src comp="94" pin="0"/><net_sink comp="278" pin=54"/></net>

<net id="391"><net_src comp="98" pin="0"/><net_sink comp="278" pin=55"/></net>

<net id="396"><net_src comp="124" pin="0"/><net_sink comp="392" pin=0"/></net>

<net id="400"><net_src comp="397" pin="1"/><net_sink comp="159" pin=3"/></net>

<net id="405"><net_src comp="397" pin="1"/><net_sink comp="401" pin=0"/></net>

<net id="406"><net_src comp="126" pin="0"/><net_sink comp="401" pin=1"/></net>

<net id="407"><net_src comp="401" pin="2"/><net_sink comp="159" pin=4"/></net>

<net id="412"><net_src comp="397" pin="1"/><net_sink comp="408" pin=0"/></net>

<net id="413"><net_src comp="124" pin="0"/><net_sink comp="408" pin=1"/></net>

<net id="414"><net_src comp="408" pin="2"/><net_sink comp="159" pin=2"/></net>

<net id="419"><net_src comp="144" pin="0"/><net_sink comp="415" pin=1"/></net>

<net id="424"><net_src comp="415" pin="2"/><net_sink comp="420" pin=0"/></net>

<net id="428"><net_src comp="148" pin="1"/><net_sink comp="425" pin=0"/></net>

<net id="429"><net_src comp="425" pin="1"/><net_sink comp="392" pin=1"/></net>

<net id="430"><net_src comp="425" pin="1"/><net_sink comp="397" pin=0"/></net>

<net id="431"><net_src comp="425" pin="1"/><net_sink comp="420" pin=1"/></net>

<net id="438"><net_src comp="401" pin="2"/><net_sink comp="435" pin=0"/></net>

<net id="439"><net_src comp="435" pin="1"/><net_sink comp="159" pin=4"/></net>

<net id="443"><net_src comp="408" pin="2"/><net_sink comp="440" pin=0"/></net>

<net id="444"><net_src comp="440" pin="1"/><net_sink comp="159" pin=2"/></net>

</net_list>

</model> 
---------------- Datapath Model END ------------------

* FSMD analyzer results:
  - Output states:
	Port: output_r | {2 3 6 }
	Port: window_adjust_0_0_0 | {2 3 5 }
	Port: window_adjust_0_2_0 | {2 3 5 }
	Port: window_adjust_1_0_0 | {2 3 5 }
	Port: window_adjust_1_2_0 | {2 3 5 }
	Port: window_adjust_2_0_0 | {2 3 5 }
	Port: window_adjust_2_2_0 | {2 3 5 }
	Port: window_adjust_0_0_1 | {2 3 5 }
	Port: window_adjust_0_2_1 | {2 3 5 }
	Port: window_adjust_1_0_1 | {2 3 5 }
	Port: window_adjust_1_2_1 | {2 3 5 }
	Port: window_adjust_2_0_1 | {2 3 5 }
	Port: window_adjust_2_2_1 | {2 3 5 }
	Port: window_adjust_0_0_2 | {2 3 5 }
	Port: window_adjust_0_2_2 | {2 3 5 }
	Port: window_adjust_1_0_2 | {2 3 5 }
	Port: window_adjust_1_2_2 | {2 3 5 }
	Port: window_adjust_2_0_2 | {2 3 5 }
	Port: window_adjust_2_2_2 | {2 3 5 }
	Port: window_adjust_0_0_3 | {2 3 5 }
	Port: window_adjust_0_2_3 | {2 3 5 }
	Port: window_adjust_1_0_3 | {2 3 5 }
	Port: window_adjust_1_2_3 | {2 3 5 }
	Port: window_adjust_2_0_3 | {2 3 5 }
	Port: window_adjust_2_2_3 | {2 3 5 }
	Port: window_adjust_0_0_4 | {2 3 5 }
	Port: window_adjust_0_2_4 | {2 3 5 }
	Port: window_adjust_1_0_4 | {2 3 5 }
	Port: window_adjust_1_2_4 | {2 3 5 }
	Port: window_adjust_2_0_4 | {2 3 5 }
	Port: window_adjust_2_2_4 | {2 3 5 }
	Port: window_adjust_0_0_5 | {2 3 5 }
	Port: window_adjust_0_2_5 | {2 3 5 }
	Port: window_adjust_1_0_5 | {2 3 5 }
	Port: window_adjust_1_2_5 | {2 3 5 }
	Port: window_adjust_2_0_5 | {2 3 5 }
	Port: window_adjust_2_2_5 | {2 3 5 }
	Port: window_adjust_0_0_6 | {2 3 5 }
	Port: window_adjust_0_2_6 | {2 3 5 }
	Port: window_adjust_1_0_6 | {2 3 5 }
	Port: window_adjust_1_2_6 | {2 3 5 }
	Port: window_adjust_2_0_6 | {2 3 5 }
	Port: window_adjust_2_2_6 | {2 3 5 }
	Port: window_adjust_0_0_7 | {2 3 5 }
	Port: window_adjust_0_2_7 | {2 3 5 }
	Port: window_adjust_1_0_7 | {2 3 5 }
	Port: window_adjust_1_2_7 | {2 3 5 }
	Port: window_adjust_2_0_7 | {2 3 5 }
	Port: window_adjust_2_2_7 | {2 3 5 }
	Port: linebuf_0_0 | {2 3 }
	Port: linebuf_1_0 | {2 3 }
	Port: linebuf_2_0 | {2 3 }
	Port: linebuf_1_1 | {2 3 }
	Port: linebuf_2_1 | {2 3 }
	Port: linebuf_0_1 | {2 3 }
 - Input state : 
	Port: image_filter : input_r | {2 3 }
	Port: image_filter : window_adjust_0_0_0 | {2 3 6 }
	Port: image_filter : window_adjust_0_2_0 | {2 3 6 }
	Port: image_filter : window_adjust_1_0_0 | {2 3 6 }
	Port: image_filter : window_adjust_1_2_0 | {2 3 6 }
	Port: image_filter : window_adjust_2_0_0 | {2 3 6 }
	Port: image_filter : window_adjust_2_2_0 | {2 3 6 }
	Port: image_filter : window_adjust_0_0_1 | {2 3 6 }
	Port: image_filter : window_adjust_0_2_1 | {2 3 6 }
	Port: image_filter : window_adjust_1_0_1 | {2 3 6 }
	Port: image_filter : window_adjust_1_2_1 | {2 3 6 }
	Port: image_filter : window_adjust_2_0_1 | {2 3 6 }
	Port: image_filter : window_adjust_2_2_1 | {2 3 6 }
	Port: image_filter : window_adjust_0_0_2 | {2 3 6 }
	Port: image_filter : window_adjust_0_2_2 | {2 3 6 }
	Port: image_filter : window_adjust_1_0_2 | {2 3 6 }
	Port: image_filter : window_adjust_1_2_2 | {2 3 6 }
	Port: image_filter : window_adjust_2_0_2 | {2 3 6 }
	Port: image_filter : window_adjust_2_2_2 | {2 3 6 }
	Port: image_filter : window_adjust_0_0_3 | {2 3 6 }
	Port: image_filter : window_adjust_0_2_3 | {2 3 6 }
	Port: image_filter : window_adjust_1_0_3 | {2 3 6 }
	Port: image_filter : window_adjust_1_2_3 | {2 3 6 }
	Port: image_filter : window_adjust_2_0_3 | {2 3 6 }
	Port: image_filter : window_adjust_2_2_3 | {2 3 6 }
	Port: image_filter : window_adjust_0_0_4 | {2 3 6 }
	Port: image_filter : window_adjust_0_2_4 | {2 3 6 }
	Port: image_filter : window_adjust_1_0_4 | {2 3 6 }
	Port: image_filter : window_adjust_1_2_4 | {2 3 6 }
	Port: image_filter : window_adjust_2_0_4 | {2 3 6 }
	Port: image_filter : window_adjust_2_2_4 | {2 3 6 }
	Port: image_filter : window_adjust_0_0_5 | {2 3 6 }
	Port: image_filter : window_adjust_0_2_5 | {2 3 6 }
	Port: image_filter : window_adjust_1_0_5 | {2 3 6 }
	Port: image_filter : window_adjust_1_2_5 | {2 3 6 }
	Port: image_filter : window_adjust_2_0_5 | {2 3 6 }
	Port: image_filter : window_adjust_2_2_5 | {2 3 6 }
	Port: image_filter : window_adjust_0_0_6 | {2 3 6 }
	Port: image_filter : window_adjust_0_2_6 | {2 3 6 }
	Port: image_filter : window_adjust_1_0_6 | {2 3 6 }
	Port: image_filter : window_adjust_1_2_6 | {2 3 6 }
	Port: image_filter : window_adjust_2_0_6 | {2 3 6 }
	Port: image_filter : window_adjust_2_2_6 | {2 3 6 }
	Port: image_filter : window_adjust_0_0_7 | {2 3 6 }
	Port: image_filter : window_adjust_0_2_7 | {2 3 6 }
	Port: image_filter : window_adjust_1_0_7 | {2 3 6 }
	Port: image_filter : window_adjust_1_2_7 | {2 3 6 }
	Port: image_filter : window_adjust_2_0_7 | {2 3 6 }
	Port: image_filter : window_adjust_2_2_7 | {2 3 6 }
	Port: image_filter : linebuf_0_0 | {2 3 4 5 }
	Port: image_filter : linebuf_1_0 | {2 3 4 5 }
	Port: image_filter : linebuf_2_0 | {2 3 4 5 }
	Port: image_filter : linebuf_1_1 | {2 3 4 5 }
	Port: image_filter : linebuf_2_1 | {2 3 4 5 }
	Port: image_filter : linebuf_0_1 | {2 3 4 5 }
  - Chain level:
	State 1
		store_ln183 : 1
	State 2
		cmp4 : 1
		cmp : 1
		call_ln219 : 2
	State 3
	State 4
	State 5
	State 6
		write_ln216 : 1
		store_ln183 : 1


============================================================
+ Verbose Summary: Datapath Resource usage 
============================================================

* Functional unit list:
|----------|---------------------------------------------------|---------|---------|---------|
| Operation|                  Functional Unit                  |  Delay  |    FF   |   LUT   |
|----------|---------------------------------------------------|---------|---------|---------|
|   call   | grp_image_filter_Pipeline_VITIS_LOOP_188_2_fu_159 |  9.191  |   1423  |   3247  |
|          |             grp_shift_register_fu_278             |  2.934  |    42   |   1284  |
|----------|---------------------------------------------------|---------|---------|---------|
|   icmp   |                    cmp4_fu_401                    |    0    |    0    |    18   |
|          |                     cmp_fu_408                    |    0    |    0    |    18   |
|----------|---------------------------------------------------|---------|---------|---------|
|    add   |                    row_3_fu_415                   |    0    |    0    |    18   |
|----------|---------------------------------------------------|---------|---------|---------|
|   write  |              write_ln216_write_fu_152             |    0    |    0    |    0    |
|----------|---------------------------------------------------|---------|---------|---------|
|   Total  |                                                   |  12.125 |   1465  |   4585  |
|----------|---------------------------------------------------|---------|---------|---------|

Memories:
N/A

* Register list:
+------------+--------+
|            |   FF   |
+------------+--------+
|cmp4_reg_435|    1   |
| cmp_reg_440|    1   |
| row_reg_425|   11   |
+------------+--------+
|    Total   |   13   |
+------------+--------+

* Multiplexer (MUX) list: 
|---------------------------------------------------|------|------|------|--------||---------||---------|
|                        Comp                       |  Pin | Size |  BW  | S x BW ||  Delay  ||   LUT   |
|---------------------------------------------------|------|------|------|--------||---------||---------|
| grp_image_filter_Pipeline_VITIS_LOOP_188_2_fu_159 |  p2  |   2  |   1  |    2   ||    9    |
| grp_image_filter_Pipeline_VITIS_LOOP_188_2_fu_159 |  p4  |   2  |   1  |    2   ||    9    |
|---------------------------------------------------|------|------|------|--------||---------||---------|
|                       Total                       |      |      |      |    4   ||  0.978  ||    18   |
|---------------------------------------------------|------|------|------|--------||---------||---------|



* Summary:
+-----------+--------+--------+--------+
|           |  Delay |   FF   |   LUT  |
+-----------+--------+--------+--------+
|  Function |   12   |  1465  |  4585  |
|   Memory  |    -   |    -   |    -   |
|Multiplexer|    0   |    -   |   18   |
|  Register |    -   |   13   |    -   |
+-----------+--------+--------+--------+
|   Total   |   13   |  1478  |  4603  |
+-----------+--------+--------+--------+
