

================================================================
== Vitis HLS Report for 'shift_register'
================================================================
* Date:           Wed Nov  5 08:17:22 2025

* Version:        2023.2 (Build 4023990 on Oct 11 2023)
* Project:        hls_ip
* Solution:       hls (Vivado IP Flow Target)
* Product family: zynquplus
* Target device:  xczu1cg-sbva484-1-e


================================================================
== Performance Estimates
================================================================
+ Timing: 
    * Summary: 
    +--------+----------+----------+------------+
    |  Clock |  Target  | Estimated| Uncertainty|
    +--------+----------+----------+------------+
    |ap_clk  |  10.00 ns|  4.138 ns|     2.70 ns|
    +--------+----------+----------+------------+

+ Latency: 
    * Summary: 
    +---------+---------+-----------+-----------+-----+-----+---------+
    |  Latency (cycles) |   Latency (absolute)  |  Interval | Pipeline|
    |   min   |   max   |    min    |    max    | min | max |   Type  |
    +---------+---------+-----------+-----------+-----+-----+---------+
    |        2|        2|  20.000 ns|  20.000 ns|    2|    2|      yes|
    +---------+---------+-----------+-----------+-----+-----+---------+

    + Detail: 
        * Instance: 
        N/A

        * Loop: 
        N/A

============================================================
+ Verbose Summary: Synthesis Manager
============================================================
InlineROM: 1
ExposeGlobal: 0
============================================================
+ Verbose Summary: CDFG Model
============================================================
IsTopModel: 0
ResetActiveHigh: 1
IsCombinational: 0
IsDatapathOnly: 0
HasWiredReturn: 1
HasMFsm: 2
HasVarLatency: 0
IsPipeline: 1
IsRtlPipelined: 1
IsInstanceOverlapped: 0
IsDontTouch: 0
HasImplIP: 0
IsGatedGlobalClock: 0

+ Individual pipeline summary: 
  * Pipeline-0: initiation interval (II) = 2, depth = 3


============================================================
+ Verbose Summary: Schedule
============================================================
* Number of FSM states : 3
* Pipeline : 1
  Pipeline-0 : II = 2, D = 3, States = { 1 2 3 }
* Dataflow Pipeline: 0

* FSM state transitions: 
1 --> 2 
2 --> 3 
3 --> 

* FSM state operations: 

State 1 <SV = 0> <Delay = 1.35>
ST_1 : Operation 4 [1/1] (0.00ns)   --->   "%linebuf_2_1_addr = getelementptr i80 %linebuf_2_1, i64 0, i64 119"   --->   Operation 4 'getelementptr' 'linebuf_2_1_addr' <Predicate = true> <Delay = 0.00>
ST_1 : Operation 5 [1/1] (0.00ns)   --->   "%linebuf_2_0_addr = getelementptr i80 %linebuf_2_0, i64 0, i64 119"   --->   Operation 5 'getelementptr' 'linebuf_2_0_addr' <Predicate = true> <Delay = 0.00>
ST_1 : Operation 6 [1/1] (0.00ns)   --->   "%linebuf_1_1_addr = getelementptr i80 %linebuf_1_1, i64 0, i64 119"   --->   Operation 6 'getelementptr' 'linebuf_1_1_addr' <Predicate = true> <Delay = 0.00>
ST_1 : Operation 7 [1/1] (0.00ns)   --->   "%linebuf_1_0_addr = getelementptr i80 %linebuf_1_0, i64 0, i64 119"   --->   Operation 7 'getelementptr' 'linebuf_1_0_addr' <Predicate = true> <Delay = 0.00>
ST_1 : Operation 8 [1/1] (0.00ns)   --->   "%linebuf_0_1_addr = getelementptr i80 %linebuf_0_1, i64 0, i64 119"   --->   Operation 8 'getelementptr' 'linebuf_0_1_addr' <Predicate = true> <Delay = 0.00>
ST_1 : Operation 9 [1/1] (0.00ns)   --->   "%linebuf_0_0_addr = getelementptr i80 %linebuf_0_0, i64 0, i64 119"   --->   Operation 9 'getelementptr' 'linebuf_0_0_addr' <Predicate = true> <Delay = 0.00>
ST_1 : Operation 10 [2/2] (1.35ns)   --->   "%linebuf_0_0_load = load i7 %linebuf_0_0_addr" [/home/leon/Desktop/Project/ZUBOARD_1CG/hls_ip/conv2d_hls.cpp:91]   --->   Operation 10 'load' 'linebuf_0_0_load' <Predicate = true> <Delay = 1.35> <CoreInst = "RAM">   --->   Core 83 'RAM' <Latency = 1> <II = 1> <Delay = 1.35> <Storage> <Opcode : 'load' 'store'> <Ports = 2> <Width = 80> <Depth = 120> <RAM>
ST_1 : Operation 11 [2/2] (1.35ns)   --->   "%linebuf_0_1_load = load i7 %linebuf_0_1_addr" [/home/leon/Desktop/Project/ZUBOARD_1CG/hls_ip/conv2d_hls.cpp:92]   --->   Operation 11 'load' 'linebuf_0_1_load' <Predicate = true> <Delay = 1.35> <CoreInst = "RAM">   --->   Core 83 'RAM' <Latency = 1> <II = 1> <Delay = 1.35> <Storage> <Opcode : 'load' 'store'> <Ports = 2> <Width = 80> <Depth = 120> <RAM>
ST_1 : Operation 12 [2/2] (1.35ns)   --->   "%linebuf_1_0_load = load i7 %linebuf_1_0_addr" [/home/leon/Desktop/Project/ZUBOARD_1CG/hls_ip/conv2d_hls.cpp:91]   --->   Operation 12 'load' 'linebuf_1_0_load' <Predicate = true> <Delay = 1.35> <CoreInst = "RAM">   --->   Core 83 'RAM' <Latency = 1> <II = 1> <Delay = 1.35> <Storage> <Opcode : 'load' 'store'> <Ports = 2> <Width = 80> <Depth = 120> <RAM>
ST_1 : Operation 13 [2/2] (1.35ns)   --->   "%linebuf_1_1_load = load i7 %linebuf_1_1_addr" [/home/leon/Desktop/Project/ZUBOARD_1CG/hls_ip/conv2d_hls.cpp:92]   --->   Operation 13 'load' 'linebuf_1_1_load' <Predicate = true> <Delay = 1.35> <CoreInst = "RAM">   --->   Core 83 'RAM' <Latency = 1> <II = 1> <Delay = 1.35> <Storage> <Opcode : 'load' 'store'> <Ports = 2> <Width = 80> <Depth = 120> <RAM>
ST_1 : Operation 14 [2/2] (1.35ns)   --->   "%linebuf_2_0_load = load i7 %linebuf_2_0_addr" [/home/leon/Desktop/Project/ZUBOARD_1CG/hls_ip/conv2d_hls.cpp:91]   --->   Operation 14 'load' 'linebuf_2_0_load' <Predicate = true> <Delay = 1.35> <CoreInst = "RAM">   --->   Core 83 'RAM' <Latency = 1> <II = 1> <Delay = 1.35> <Storage> <Opcode : 'load' 'store'> <Ports = 2> <Width = 80> <Depth = 120> <RAM>
ST_1 : Operation 15 [2/2] (1.35ns)   --->   "%linebuf_2_1_load = load i7 %linebuf_2_1_addr" [/home/leon/Desktop/Project/ZUBOARD_1CG/hls_ip/conv2d_hls.cpp:92]   --->   Operation 15 'load' 'linebuf_2_1_load' <Predicate = true> <Delay = 1.35> <CoreInst = "RAM">   --->   Core 83 'RAM' <Latency = 1> <II = 1> <Delay = 1.35> <Storage> <Opcode : 'load' 'store'> <Ports = 2> <Width = 80> <Depth = 120> <RAM>

State 2 <SV = 1> <Delay = 1.82>
ST_2 : Operation 16 [1/1] (0.00ns)   --->   "%row_read = read i11 @_ssdm_op_Read.ap_auto.i11, i11 %row"   --->   Operation 16 'read' 'row_read' <Predicate = true> <Delay = 0.00>
ST_2 : Operation 17 [1/2] (1.35ns)   --->   "%linebuf_0_0_load = load i7 %linebuf_0_0_addr" [/home/leon/Desktop/Project/ZUBOARD_1CG/hls_ip/conv2d_hls.cpp:91]   --->   Operation 17 'load' 'linebuf_0_0_load' <Predicate = true> <Delay = 1.35> <CoreInst = "RAM">   --->   Core 83 'RAM' <Latency = 1> <II = 1> <Delay = 1.35> <Storage> <Opcode : 'load' 'store'> <Ports = 2> <Width = 80> <Depth = 120> <RAM>
ST_2 : Operation 18 [1/2] (1.35ns)   --->   "%linebuf_0_1_load = load i7 %linebuf_0_1_addr" [/home/leon/Desktop/Project/ZUBOARD_1CG/hls_ip/conv2d_hls.cpp:92]   --->   Operation 18 'load' 'linebuf_0_1_load' <Predicate = true> <Delay = 1.35> <CoreInst = "RAM">   --->   Core 83 'RAM' <Latency = 1> <II = 1> <Delay = 1.35> <Storage> <Opcode : 'load' 'store'> <Ports = 2> <Width = 80> <Depth = 120> <RAM>
ST_2 : Operation 19 [1/1] (0.00ns)   --->   "%trunc_ln101 = trunc i80 %linebuf_0_0_load" [/home/leon/Desktop/Project/ZUBOARD_1CG/hls_ip/conv2d_hls.cpp:101]   --->   Operation 19 'trunc' 'trunc_ln101' <Predicate = true> <Delay = 0.00>
ST_2 : Operation 20 [1/1] (0.00ns)   --->   "%tmp_1_i = partselect i10 @_ssdm_op_PartSelect.i10.i80.i32.i32, i80 %linebuf_0_1_load, i32 70, i32 79" [/home/leon/Desktop/Project/ZUBOARD_1CG/hls_ip/conv2d_hls.cpp:105]   --->   Operation 20 'partselect' 'tmp_1_i' <Predicate = true> <Delay = 0.00>
ST_2 : Operation 21 [1/1] (0.00ns)   --->   "%tmp_2_i = partselect i10 @_ssdm_op_PartSelect.i10.i80.i32.i32, i80 %linebuf_0_1_load, i32 60, i32 69" [/home/leon/Desktop/Project/ZUBOARD_1CG/hls_ip/conv2d_hls.cpp:105]   --->   Operation 21 'partselect' 'tmp_2_i' <Predicate = true> <Delay = 0.00>
ST_2 : Operation 22 [1/1] (0.00ns)   --->   "%tmp_3_i = partselect i10 @_ssdm_op_PartSelect.i10.i80.i32.i32, i80 %linebuf_0_1_load, i32 50, i32 59" [/home/leon/Desktop/Project/ZUBOARD_1CG/hls_ip/conv2d_hls.cpp:105]   --->   Operation 22 'partselect' 'tmp_3_i' <Predicate = true> <Delay = 0.00>
ST_2 : Operation 23 [1/1] (0.00ns)   --->   "%tmp_4_i = partselect i10 @_ssdm_op_PartSelect.i10.i80.i32.i32, i80 %linebuf_0_1_load, i32 40, i32 49" [/home/leon/Desktop/Project/ZUBOARD_1CG/hls_ip/conv2d_hls.cpp:105]   --->   Operation 23 'partselect' 'tmp_4_i' <Predicate = true> <Delay = 0.00>
ST_2 : Operation 24 [1/1] (0.00ns)   --->   "%tmp_5_i = partselect i10 @_ssdm_op_PartSelect.i10.i80.i32.i32, i80 %linebuf_0_1_load, i32 30, i32 39" [/home/leon/Desktop/Project/ZUBOARD_1CG/hls_ip/conv2d_hls.cpp:105]   --->   Operation 24 'partselect' 'tmp_5_i' <Predicate = true> <Delay = 0.00>
ST_2 : Operation 25 [1/1] (0.00ns)   --->   "%tmp_6_i = partselect i10 @_ssdm_op_PartSelect.i10.i80.i32.i32, i80 %linebuf_0_1_load, i32 20, i32 29" [/home/leon/Desktop/Project/ZUBOARD_1CG/hls_ip/conv2d_hls.cpp:105]   --->   Operation 25 'partselect' 'tmp_6_i' <Predicate = true> <Delay = 0.00>
ST_2 : Operation 26 [1/1] (0.00ns)   --->   "%tmp_7_i = partselect i10 @_ssdm_op_PartSelect.i10.i80.i32.i32, i80 %linebuf_0_1_load, i32 10, i32 19" [/home/leon/Desktop/Project/ZUBOARD_1CG/hls_ip/conv2d_hls.cpp:105]   --->   Operation 26 'partselect' 'tmp_7_i' <Predicate = true> <Delay = 0.00>
ST_2 : Operation 27 [1/1] (0.00ns)   --->   "%trunc_ln105 = trunc i80 %linebuf_0_1_load" [/home/leon/Desktop/Project/ZUBOARD_1CG/hls_ip/conv2d_hls.cpp:105]   --->   Operation 27 'trunc' 'trunc_ln105' <Predicate = true> <Delay = 0.00>
ST_2 : Operation 28 [1/2] (1.35ns)   --->   "%linebuf_1_0_load = load i7 %linebuf_1_0_addr" [/home/leon/Desktop/Project/ZUBOARD_1CG/hls_ip/conv2d_hls.cpp:91]   --->   Operation 28 'load' 'linebuf_1_0_load' <Predicate = true> <Delay = 1.35> <CoreInst = "RAM">   --->   Core 83 'RAM' <Latency = 1> <II = 1> <Delay = 1.35> <Storage> <Opcode : 'load' 'store'> <Ports = 2> <Width = 80> <Depth = 120> <RAM>
ST_2 : Operation 29 [1/2] (1.35ns)   --->   "%linebuf_1_1_load = load i7 %linebuf_1_1_addr" [/home/leon/Desktop/Project/ZUBOARD_1CG/hls_ip/conv2d_hls.cpp:92]   --->   Operation 29 'load' 'linebuf_1_1_load' <Predicate = true> <Delay = 1.35> <CoreInst = "RAM">   --->   Core 83 'RAM' <Latency = 1> <II = 1> <Delay = 1.35> <Storage> <Opcode : 'load' 'store'> <Ports = 2> <Width = 80> <Depth = 120> <RAM>
ST_2 : Operation 30 [1/1] (0.00ns)   --->   "%trunc_ln101_1 = trunc i80 %linebuf_1_0_load" [/home/leon/Desktop/Project/ZUBOARD_1CG/hls_ip/conv2d_hls.cpp:101]   --->   Operation 30 'trunc' 'trunc_ln101_1' <Predicate = true> <Delay = 0.00>
ST_2 : Operation 31 [1/1] (0.00ns)   --->   "%tmp_i = partselect i10 @_ssdm_op_PartSelect.i10.i80.i32.i32, i80 %linebuf_1_1_load, i32 70, i32 79" [/home/leon/Desktop/Project/ZUBOARD_1CG/hls_ip/conv2d_hls.cpp:105]   --->   Operation 31 'partselect' 'tmp_i' <Predicate = true> <Delay = 0.00>
ST_2 : Operation 32 [1/1] (0.00ns)   --->   "%tmp_10_i = partselect i10 @_ssdm_op_PartSelect.i10.i80.i32.i32, i80 %linebuf_1_1_load, i32 60, i32 69" [/home/leon/Desktop/Project/ZUBOARD_1CG/hls_ip/conv2d_hls.cpp:105]   --->   Operation 32 'partselect' 'tmp_10_i' <Predicate = true> <Delay = 0.00>
ST_2 : Operation 33 [1/1] (0.00ns)   --->   "%tmp_11_i = partselect i10 @_ssdm_op_PartSelect.i10.i80.i32.i32, i80 %linebuf_1_1_load, i32 50, i32 59" [/home/leon/Desktop/Project/ZUBOARD_1CG/hls_ip/conv2d_hls.cpp:105]   --->   Operation 33 'partselect' 'tmp_11_i' <Predicate = true> <Delay = 0.00>
ST_2 : Operation 34 [1/1] (0.00ns)   --->   "%tmp_12_i = partselect i10 @_ssdm_op_PartSelect.i10.i80.i32.i32, i80 %linebuf_1_1_load, i32 40, i32 49" [/home/leon/Desktop/Project/ZUBOARD_1CG/hls_ip/conv2d_hls.cpp:105]   --->   Operation 34 'partselect' 'tmp_12_i' <Predicate = true> <Delay = 0.00>
ST_2 : Operation 35 [1/1] (0.00ns)   --->   "%tmp_13_i = partselect i10 @_ssdm_op_PartSelect.i10.i80.i32.i32, i80 %linebuf_1_1_load, i32 30, i32 39" [/home/leon/Desktop/Project/ZUBOARD_1CG/hls_ip/conv2d_hls.cpp:105]   --->   Operation 35 'partselect' 'tmp_13_i' <Predicate = true> <Delay = 0.00>
ST_2 : Operation 36 [1/1] (0.00ns)   --->   "%tmp_14_i = partselect i10 @_ssdm_op_PartSelect.i10.i80.i32.i32, i80 %linebuf_1_1_load, i32 20, i32 29" [/home/leon/Desktop/Project/ZUBOARD_1CG/hls_ip/conv2d_hls.cpp:105]   --->   Operation 36 'partselect' 'tmp_14_i' <Predicate = true> <Delay = 0.00>
ST_2 : Operation 37 [1/1] (0.00ns)   --->   "%tmp_15_i = partselect i10 @_ssdm_op_PartSelect.i10.i80.i32.i32, i80 %linebuf_1_1_load, i32 10, i32 19" [/home/leon/Desktop/Project/ZUBOARD_1CG/hls_ip/conv2d_hls.cpp:105]   --->   Operation 37 'partselect' 'tmp_15_i' <Predicate = true> <Delay = 0.00>
ST_2 : Operation 38 [1/1] (0.00ns)   --->   "%trunc_ln105_1 = trunc i80 %linebuf_1_1_load" [/home/leon/Desktop/Project/ZUBOARD_1CG/hls_ip/conv2d_hls.cpp:105]   --->   Operation 38 'trunc' 'trunc_ln105_1' <Predicate = true> <Delay = 0.00>
ST_2 : Operation 39 [1/2] (1.35ns)   --->   "%linebuf_2_0_load = load i7 %linebuf_2_0_addr" [/home/leon/Desktop/Project/ZUBOARD_1CG/hls_ip/conv2d_hls.cpp:91]   --->   Operation 39 'load' 'linebuf_2_0_load' <Predicate = true> <Delay = 1.35> <CoreInst = "RAM">   --->   Core 83 'RAM' <Latency = 1> <II = 1> <Delay = 1.35> <Storage> <Opcode : 'load' 'store'> <Ports = 2> <Width = 80> <Depth = 120> <RAM>
ST_2 : Operation 40 [1/2] (1.35ns)   --->   "%linebuf_2_1_load = load i7 %linebuf_2_1_addr" [/home/leon/Desktop/Project/ZUBOARD_1CG/hls_ip/conv2d_hls.cpp:92]   --->   Operation 40 'load' 'linebuf_2_1_load' <Predicate = true> <Delay = 1.35> <CoreInst = "RAM">   --->   Core 83 'RAM' <Latency = 1> <II = 1> <Delay = 1.35> <Storage> <Opcode : 'load' 'store'> <Ports = 2> <Width = 80> <Depth = 120> <RAM>
ST_2 : Operation 41 [1/1] (0.00ns)   --->   "%trunc_ln101_2 = trunc i80 %linebuf_2_0_load" [/home/leon/Desktop/Project/ZUBOARD_1CG/hls_ip/conv2d_hls.cpp:101]   --->   Operation 41 'trunc' 'trunc_ln101_2' <Predicate = true> <Delay = 0.00>
ST_2 : Operation 42 [1/1] (0.00ns)   --->   "%tmp_18_i = partselect i10 @_ssdm_op_PartSelect.i10.i80.i32.i32, i80 %linebuf_2_1_load, i32 70, i32 79" [/home/leon/Desktop/Project/ZUBOARD_1CG/hls_ip/conv2d_hls.cpp:105]   --->   Operation 42 'partselect' 'tmp_18_i' <Predicate = true> <Delay = 0.00>
ST_2 : Operation 43 [1/1] (0.00ns)   --->   "%tmp_19_i = partselect i10 @_ssdm_op_PartSelect.i10.i80.i32.i32, i80 %linebuf_2_1_load, i32 60, i32 69" [/home/leon/Desktop/Project/ZUBOARD_1CG/hls_ip/conv2d_hls.cpp:105]   --->   Operation 43 'partselect' 'tmp_19_i' <Predicate = true> <Delay = 0.00>
ST_2 : Operation 44 [1/1] (0.00ns)   --->   "%tmp_20_i = partselect i10 @_ssdm_op_PartSelect.i10.i80.i32.i32, i80 %linebuf_2_1_load, i32 50, i32 59" [/home/leon/Desktop/Project/ZUBOARD_1CG/hls_ip/conv2d_hls.cpp:105]   --->   Operation 44 'partselect' 'tmp_20_i' <Predicate = true> <Delay = 0.00>
ST_2 : Operation 45 [1/1] (0.00ns)   --->   "%tmp_21_i = partselect i10 @_ssdm_op_PartSelect.i10.i80.i32.i32, i80 %linebuf_2_1_load, i32 40, i32 49" [/home/leon/Desktop/Project/ZUBOARD_1CG/hls_ip/conv2d_hls.cpp:105]   --->   Operation 45 'partselect' 'tmp_21_i' <Predicate = true> <Delay = 0.00>
ST_2 : Operation 46 [1/1] (0.00ns)   --->   "%tmp_22_i = partselect i10 @_ssdm_op_PartSelect.i10.i80.i32.i32, i80 %linebuf_2_1_load, i32 30, i32 39" [/home/leon/Desktop/Project/ZUBOARD_1CG/hls_ip/conv2d_hls.cpp:105]   --->   Operation 46 'partselect' 'tmp_22_i' <Predicate = true> <Delay = 0.00>
ST_2 : Operation 47 [1/1] (0.00ns)   --->   "%tmp_23_i = partselect i10 @_ssdm_op_PartSelect.i10.i80.i32.i32, i80 %linebuf_2_1_load, i32 20, i32 29" [/home/leon/Desktop/Project/ZUBOARD_1CG/hls_ip/conv2d_hls.cpp:105]   --->   Operation 47 'partselect' 'tmp_23_i' <Predicate = true> <Delay = 0.00>
ST_2 : Operation 48 [1/1] (0.00ns)   --->   "%tmp_24_i = partselect i10 @_ssdm_op_PartSelect.i10.i80.i32.i32, i80 %linebuf_2_1_load, i32 10, i32 19" [/home/leon/Desktop/Project/ZUBOARD_1CG/hls_ip/conv2d_hls.cpp:105]   --->   Operation 48 'partselect' 'tmp_24_i' <Predicate = true> <Delay = 0.00>
ST_2 : Operation 49 [1/1] (0.00ns)   --->   "%trunc_ln105_2 = trunc i80 %linebuf_2_1_load" [/home/leon/Desktop/Project/ZUBOARD_1CG/hls_ip/conv2d_hls.cpp:105]   --->   Operation 49 'trunc' 'trunc_ln105_2' <Predicate = true> <Delay = 0.00>
ST_2 : Operation 50 [1/1] (0.94ns)   --->   "%cmp97_i = icmp_eq  i11 %row_read, i11 1"   --->   Operation 50 'icmp' 'cmp97_i' <Predicate = true> <Delay = 0.94> <CoreInst = "Cmp">   --->   Core 9 'Cmp' <Latency = 0> <II = 1> <Delay = 0.94> <FuncUnit> <Opcode : 'icmp'> <InPorts = 2> <OutPorts = 1>
ST_2 : Operation 51 [1/1] (0.94ns)   --->   "%cmp122_i = icmp_eq  i11 %row_read, i11 1080"   --->   Operation 51 'icmp' 'cmp122_i' <Predicate = true> <Delay = 0.94> <CoreInst = "Cmp">   --->   Core 9 'Cmp' <Latency = 0> <II = 1> <Delay = 0.94> <FuncUnit> <Opcode : 'icmp'> <InPorts = 2> <OutPorts = 1>
ST_2 : Operation 52 [1/1] (0.47ns)   --->   "%select_ln117 = select i1 %cmp97_i, i10 %trunc_ln101_1, i10 %trunc_ln101" [/home/leon/Desktop/Project/ZUBOARD_1CG/hls_ip/conv2d_hls.cpp:117]   --->   Operation 52 'select' 'select_ln117' <Predicate = true> <Delay = 0.47> <CoreInst = "Sel">   --->   Core 73 'Sel' <Latency = 0> <II = 1> <Delay = 0.47> <FuncUnit> <Opcode : 'select'> <InPorts = 3> <OutPorts = 1>
ST_2 : Operation 53 [1/1] (0.47ns)   --->   "%select_ln117_1 = select i1 %cmp97_i, i10 %tmp_i, i10 %tmp_1_i" [/home/leon/Desktop/Project/ZUBOARD_1CG/hls_ip/conv2d_hls.cpp:117]   --->   Operation 53 'select' 'select_ln117_1' <Predicate = true> <Delay = 0.47> <CoreInst = "Sel">   --->   Core 73 'Sel' <Latency = 0> <II = 1> <Delay = 0.47> <FuncUnit> <Opcode : 'select'> <InPorts = 3> <OutPorts = 1>
ST_2 : Operation 54 [1/1] (0.47ns)   --->   "%select_ln117_2 = select i1 %cmp97_i, i10 %tmp_10_i, i10 %tmp_2_i" [/home/leon/Desktop/Project/ZUBOARD_1CG/hls_ip/conv2d_hls.cpp:117]   --->   Operation 54 'select' 'select_ln117_2' <Predicate = true> <Delay = 0.47> <CoreInst = "Sel">   --->   Core 73 'Sel' <Latency = 0> <II = 1> <Delay = 0.47> <FuncUnit> <Opcode : 'select'> <InPorts = 3> <OutPorts = 1>
ST_2 : Operation 55 [1/1] (0.47ns)   --->   "%select_ln117_3 = select i1 %cmp97_i, i10 %tmp_11_i, i10 %tmp_3_i" [/home/leon/Desktop/Project/ZUBOARD_1CG/hls_ip/conv2d_hls.cpp:117]   --->   Operation 55 'select' 'select_ln117_3' <Predicate = true> <Delay = 0.47> <CoreInst = "Sel">   --->   Core 73 'Sel' <Latency = 0> <II = 1> <Delay = 0.47> <FuncUnit> <Opcode : 'select'> <InPorts = 3> <OutPorts = 1>
ST_2 : Operation 56 [1/1] (0.47ns)   --->   "%select_ln117_4 = select i1 %cmp97_i, i10 %tmp_12_i, i10 %tmp_4_i" [/home/leon/Desktop/Project/ZUBOARD_1CG/hls_ip/conv2d_hls.cpp:117]   --->   Operation 56 'select' 'select_ln117_4' <Predicate = true> <Delay = 0.47> <CoreInst = "Sel">   --->   Core 73 'Sel' <Latency = 0> <II = 1> <Delay = 0.47> <FuncUnit> <Opcode : 'select'> <InPorts = 3> <OutPorts = 1>
ST_2 : Operation 57 [1/1] (0.47ns)   --->   "%select_ln117_5 = select i1 %cmp97_i, i10 %tmp_13_i, i10 %tmp_5_i" [/home/leon/Desktop/Project/ZUBOARD_1CG/hls_ip/conv2d_hls.cpp:117]   --->   Operation 57 'select' 'select_ln117_5' <Predicate = true> <Delay = 0.47> <CoreInst = "Sel">   --->   Core 73 'Sel' <Latency = 0> <II = 1> <Delay = 0.47> <FuncUnit> <Opcode : 'select'> <InPorts = 3> <OutPorts = 1>
ST_2 : Operation 58 [1/1] (0.47ns)   --->   "%select_ln117_6 = select i1 %cmp97_i, i10 %tmp_14_i, i10 %tmp_6_i" [/home/leon/Desktop/Project/ZUBOARD_1CG/hls_ip/conv2d_hls.cpp:117]   --->   Operation 58 'select' 'select_ln117_6' <Predicate = true> <Delay = 0.47> <CoreInst = "Sel">   --->   Core 73 'Sel' <Latency = 0> <II = 1> <Delay = 0.47> <FuncUnit> <Opcode : 'select'> <InPorts = 3> <OutPorts = 1>
ST_2 : Operation 59 [1/1] (0.47ns)   --->   "%select_ln117_7 = select i1 %cmp97_i, i10 %tmp_15_i, i10 %tmp_7_i" [/home/leon/Desktop/Project/ZUBOARD_1CG/hls_ip/conv2d_hls.cpp:117]   --->   Operation 59 'select' 'select_ln117_7' <Predicate = true> <Delay = 0.47> <CoreInst = "Sel">   --->   Core 73 'Sel' <Latency = 0> <II = 1> <Delay = 0.47> <FuncUnit> <Opcode : 'select'> <InPorts = 3> <OutPorts = 1>
ST_2 : Operation 60 [1/1] (0.47ns)   --->   "%select_ln117_8 = select i1 %cmp97_i, i10 %trunc_ln105_1, i10 %trunc_ln105" [/home/leon/Desktop/Project/ZUBOARD_1CG/hls_ip/conv2d_hls.cpp:117]   --->   Operation 60 'select' 'select_ln117_8' <Predicate = true> <Delay = 0.47> <CoreInst = "Sel">   --->   Core 73 'Sel' <Latency = 0> <II = 1> <Delay = 0.47> <FuncUnit> <Opcode : 'select'> <InPorts = 3> <OutPorts = 1>
ST_2 : Operation 61 [1/1] (0.47ns)   --->   "%select_ln119 = select i1 %cmp122_i, i10 %trunc_ln101_1, i10 %trunc_ln101_2" [/home/leon/Desktop/Project/ZUBOARD_1CG/hls_ip/conv2d_hls.cpp:119]   --->   Operation 61 'select' 'select_ln119' <Predicate = true> <Delay = 0.47> <CoreInst = "Sel">   --->   Core 73 'Sel' <Latency = 0> <II = 1> <Delay = 0.47> <FuncUnit> <Opcode : 'select'> <InPorts = 3> <OutPorts = 1>
ST_2 : Operation 62 [1/1] (0.47ns)   --->   "%select_ln119_1 = select i1 %cmp122_i, i10 %tmp_i, i10 %tmp_18_i" [/home/leon/Desktop/Project/ZUBOARD_1CG/hls_ip/conv2d_hls.cpp:119]   --->   Operation 62 'select' 'select_ln119_1' <Predicate = true> <Delay = 0.47> <CoreInst = "Sel">   --->   Core 73 'Sel' <Latency = 0> <II = 1> <Delay = 0.47> <FuncUnit> <Opcode : 'select'> <InPorts = 3> <OutPorts = 1>
ST_2 : Operation 63 [1/1] (0.47ns)   --->   "%select_ln119_2 = select i1 %cmp122_i, i10 %tmp_10_i, i10 %tmp_19_i" [/home/leon/Desktop/Project/ZUBOARD_1CG/hls_ip/conv2d_hls.cpp:119]   --->   Operation 63 'select' 'select_ln119_2' <Predicate = true> <Delay = 0.47> <CoreInst = "Sel">   --->   Core 73 'Sel' <Latency = 0> <II = 1> <Delay = 0.47> <FuncUnit> <Opcode : 'select'> <InPorts = 3> <OutPorts = 1>
ST_2 : Operation 64 [1/1] (0.47ns)   --->   "%select_ln119_3 = select i1 %cmp122_i, i10 %tmp_11_i, i10 %tmp_20_i" [/home/leon/Desktop/Project/ZUBOARD_1CG/hls_ip/conv2d_hls.cpp:119]   --->   Operation 64 'select' 'select_ln119_3' <Predicate = true> <Delay = 0.47> <CoreInst = "Sel">   --->   Core 73 'Sel' <Latency = 0> <II = 1> <Delay = 0.47> <FuncUnit> <Opcode : 'select'> <InPorts = 3> <OutPorts = 1>
ST_2 : Operation 65 [1/1] (0.47ns)   --->   "%select_ln119_4 = select i1 %cmp122_i, i10 %tmp_12_i, i10 %tmp_21_i" [/home/leon/Desktop/Project/ZUBOARD_1CG/hls_ip/conv2d_hls.cpp:119]   --->   Operation 65 'select' 'select_ln119_4' <Predicate = true> <Delay = 0.47> <CoreInst = "Sel">   --->   Core 73 'Sel' <Latency = 0> <II = 1> <Delay = 0.47> <FuncUnit> <Opcode : 'select'> <InPorts = 3> <OutPorts = 1>
ST_2 : Operation 66 [1/1] (0.47ns)   --->   "%select_ln119_5 = select i1 %cmp122_i, i10 %tmp_13_i, i10 %tmp_22_i" [/home/leon/Desktop/Project/ZUBOARD_1CG/hls_ip/conv2d_hls.cpp:119]   --->   Operation 66 'select' 'select_ln119_5' <Predicate = true> <Delay = 0.47> <CoreInst = "Sel">   --->   Core 73 'Sel' <Latency = 0> <II = 1> <Delay = 0.47> <FuncUnit> <Opcode : 'select'> <InPorts = 3> <OutPorts = 1>
ST_2 : Operation 67 [1/1] (0.47ns)   --->   "%select_ln119_6 = select i1 %cmp122_i, i10 %tmp_14_i, i10 %tmp_23_i" [/home/leon/Desktop/Project/ZUBOARD_1CG/hls_ip/conv2d_hls.cpp:119]   --->   Operation 67 'select' 'select_ln119_6' <Predicate = true> <Delay = 0.47> <CoreInst = "Sel">   --->   Core 73 'Sel' <Latency = 0> <II = 1> <Delay = 0.47> <FuncUnit> <Opcode : 'select'> <InPorts = 3> <OutPorts = 1>
ST_2 : Operation 68 [1/1] (0.47ns)   --->   "%select_ln119_7 = select i1 %cmp122_i, i10 %tmp_15_i, i10 %tmp_24_i" [/home/leon/Desktop/Project/ZUBOARD_1CG/hls_ip/conv2d_hls.cpp:119]   --->   Operation 68 'select' 'select_ln119_7' <Predicate = true> <Delay = 0.47> <CoreInst = "Sel">   --->   Core 73 'Sel' <Latency = 0> <II = 1> <Delay = 0.47> <FuncUnit> <Opcode : 'select'> <InPorts = 3> <OutPorts = 1>
ST_2 : Operation 69 [1/1] (0.47ns)   --->   "%select_ln119_8 = select i1 %cmp122_i, i10 %trunc_ln105_1, i10 %trunc_ln105_2" [/home/leon/Desktop/Project/ZUBOARD_1CG/hls_ip/conv2d_hls.cpp:119]   --->   Operation 69 'select' 'select_ln119_8' <Predicate = true> <Delay = 0.47> <CoreInst = "Sel">   --->   Core 73 'Sel' <Latency = 0> <II = 1> <Delay = 0.47> <FuncUnit> <Opcode : 'select'> <InPorts = 3> <OutPorts = 1>
ST_2 : Operation 70 [1/1] (0.00ns)   --->   "%store_ln117 = store i10 %select_ln117, i10 %window_adjust_0_0_0" [/home/leon/Desktop/Project/ZUBOARD_1CG/hls_ip/conv2d_hls.cpp:117]   --->   Operation 70 'store' 'store_ln117' <Predicate = true> <Delay = 0.00>
ST_2 : Operation 71 [1/1] (0.00ns)   --->   "%store_ln118 = store i10 %trunc_ln101_1, i10 %window_adjust_1_0_0" [/home/leon/Desktop/Project/ZUBOARD_1CG/hls_ip/conv2d_hls.cpp:118]   --->   Operation 71 'store' 'store_ln118' <Predicate = true> <Delay = 0.00>
ST_2 : Operation 72 [1/1] (0.00ns)   --->   "%store_ln119 = store i10 %select_ln119, i10 %window_adjust_2_0_0" [/home/leon/Desktop/Project/ZUBOARD_1CG/hls_ip/conv2d_hls.cpp:119]   --->   Operation 72 'store' 'store_ln119' <Predicate = true> <Delay = 0.00>
ST_2 : Operation 73 [1/1] (0.00ns)   --->   "%store_ln117 = store i10 %select_ln117_1, i10 %window_adjust_0_0_1" [/home/leon/Desktop/Project/ZUBOARD_1CG/hls_ip/conv2d_hls.cpp:117]   --->   Operation 73 'store' 'store_ln117' <Predicate = true> <Delay = 0.00>
ST_2 : Operation 74 [1/1] (0.00ns)   --->   "%store_ln118 = store i10 %tmp_i, i10 %window_adjust_1_0_1" [/home/leon/Desktop/Project/ZUBOARD_1CG/hls_ip/conv2d_hls.cpp:118]   --->   Operation 74 'store' 'store_ln118' <Predicate = true> <Delay = 0.00>
ST_2 : Operation 75 [1/1] (0.00ns)   --->   "%store_ln119 = store i10 %select_ln119_1, i10 %window_adjust_2_0_1" [/home/leon/Desktop/Project/ZUBOARD_1CG/hls_ip/conv2d_hls.cpp:119]   --->   Operation 75 'store' 'store_ln119' <Predicate = true> <Delay = 0.00>
ST_2 : Operation 76 [1/1] (0.00ns)   --->   "%store_ln117 = store i10 %select_ln117_2, i10 %window_adjust_0_0_2" [/home/leon/Desktop/Project/ZUBOARD_1CG/hls_ip/conv2d_hls.cpp:117]   --->   Operation 76 'store' 'store_ln117' <Predicate = true> <Delay = 0.00>
ST_2 : Operation 77 [1/1] (0.00ns)   --->   "%store_ln118 = store i10 %tmp_10_i, i10 %window_adjust_1_0_2" [/home/leon/Desktop/Project/ZUBOARD_1CG/hls_ip/conv2d_hls.cpp:118]   --->   Operation 77 'store' 'store_ln118' <Predicate = true> <Delay = 0.00>
ST_2 : Operation 78 [1/1] (0.00ns)   --->   "%store_ln119 = store i10 %select_ln119_2, i10 %window_adjust_2_0_2" [/home/leon/Desktop/Project/ZUBOARD_1CG/hls_ip/conv2d_hls.cpp:119]   --->   Operation 78 'store' 'store_ln119' <Predicate = true> <Delay = 0.00>
ST_2 : Operation 79 [1/1] (0.00ns)   --->   "%store_ln117 = store i10 %select_ln117_3, i10 %window_adjust_0_0_3" [/home/leon/Desktop/Project/ZUBOARD_1CG/hls_ip/conv2d_hls.cpp:117]   --->   Operation 79 'store' 'store_ln117' <Predicate = true> <Delay = 0.00>
ST_2 : Operation 80 [1/1] (0.00ns)   --->   "%store_ln118 = store i10 %tmp_11_i, i10 %window_adjust_1_0_3" [/home/leon/Desktop/Project/ZUBOARD_1CG/hls_ip/conv2d_hls.cpp:118]   --->   Operation 80 'store' 'store_ln118' <Predicate = true> <Delay = 0.00>
ST_2 : Operation 81 [1/1] (0.00ns)   --->   "%store_ln119 = store i10 %select_ln119_3, i10 %window_adjust_2_0_3" [/home/leon/Desktop/Project/ZUBOARD_1CG/hls_ip/conv2d_hls.cpp:119]   --->   Operation 81 'store' 'store_ln119' <Predicate = true> <Delay = 0.00>
ST_2 : Operation 82 [1/1] (0.00ns)   --->   "%store_ln117 = store i10 %select_ln117_4, i10 %window_adjust_0_0_4" [/home/leon/Desktop/Project/ZUBOARD_1CG/hls_ip/conv2d_hls.cpp:117]   --->   Operation 82 'store' 'store_ln117' <Predicate = true> <Delay = 0.00>
ST_2 : Operation 83 [1/1] (0.00ns)   --->   "%store_ln118 = store i10 %tmp_12_i, i10 %window_adjust_1_0_4" [/home/leon/Desktop/Project/ZUBOARD_1CG/hls_ip/conv2d_hls.cpp:118]   --->   Operation 83 'store' 'store_ln118' <Predicate = true> <Delay = 0.00>
ST_2 : Operation 84 [1/1] (0.00ns)   --->   "%store_ln119 = store i10 %select_ln119_4, i10 %window_adjust_2_0_4" [/home/leon/Desktop/Project/ZUBOARD_1CG/hls_ip/conv2d_hls.cpp:119]   --->   Operation 84 'store' 'store_ln119' <Predicate = true> <Delay = 0.00>
ST_2 : Operation 85 [1/1] (0.00ns)   --->   "%store_ln117 = store i10 %select_ln117_5, i10 %window_adjust_0_0_5" [/home/leon/Desktop/Project/ZUBOARD_1CG/hls_ip/conv2d_hls.cpp:117]   --->   Operation 85 'store' 'store_ln117' <Predicate = true> <Delay = 0.00>
ST_2 : Operation 86 [1/1] (0.00ns)   --->   "%store_ln118 = store i10 %tmp_13_i, i10 %window_adjust_1_0_5" [/home/leon/Desktop/Project/ZUBOARD_1CG/hls_ip/conv2d_hls.cpp:118]   --->   Operation 86 'store' 'store_ln118' <Predicate = true> <Delay = 0.00>
ST_2 : Operation 87 [1/1] (0.00ns)   --->   "%store_ln119 = store i10 %select_ln119_5, i10 %window_adjust_2_0_5" [/home/leon/Desktop/Project/ZUBOARD_1CG/hls_ip/conv2d_hls.cpp:119]   --->   Operation 87 'store' 'store_ln119' <Predicate = true> <Delay = 0.00>
ST_2 : Operation 88 [1/1] (0.00ns)   --->   "%store_ln117 = store i10 %select_ln117_6, i10 %window_adjust_0_0_6" [/home/leon/Desktop/Project/ZUBOARD_1CG/hls_ip/conv2d_hls.cpp:117]   --->   Operation 88 'store' 'store_ln117' <Predicate = true> <Delay = 0.00>
ST_2 : Operation 89 [1/1] (0.00ns)   --->   "%store_ln118 = store i10 %tmp_14_i, i10 %window_adjust_1_0_6" [/home/leon/Desktop/Project/ZUBOARD_1CG/hls_ip/conv2d_hls.cpp:118]   --->   Operation 89 'store' 'store_ln118' <Predicate = true> <Delay = 0.00>
ST_2 : Operation 90 [1/1] (0.00ns)   --->   "%store_ln119 = store i10 %select_ln119_6, i10 %window_adjust_2_0_6" [/home/leon/Desktop/Project/ZUBOARD_1CG/hls_ip/conv2d_hls.cpp:119]   --->   Operation 90 'store' 'store_ln119' <Predicate = true> <Delay = 0.00>
ST_2 : Operation 91 [1/1] (0.00ns)   --->   "%store_ln117 = store i10 %select_ln117_7, i10 %window_adjust_0_0_7" [/home/leon/Desktop/Project/ZUBOARD_1CG/hls_ip/conv2d_hls.cpp:117]   --->   Operation 91 'store' 'store_ln117' <Predicate = true> <Delay = 0.00>
ST_2 : Operation 92 [1/1] (0.00ns)   --->   "%store_ln118 = store i10 %tmp_15_i, i10 %window_adjust_1_0_7" [/home/leon/Desktop/Project/ZUBOARD_1CG/hls_ip/conv2d_hls.cpp:118]   --->   Operation 92 'store' 'store_ln118' <Predicate = true> <Delay = 0.00>
ST_2 : Operation 93 [1/1] (0.00ns)   --->   "%store_ln119 = store i10 %select_ln119_7, i10 %window_adjust_2_0_7" [/home/leon/Desktop/Project/ZUBOARD_1CG/hls_ip/conv2d_hls.cpp:119]   --->   Operation 93 'store' 'store_ln119' <Predicate = true> <Delay = 0.00>
ST_2 : Operation 94 [1/1] (0.00ns)   --->   "%store_ln117 = store i10 %select_ln117_2, i10 %window_adjust_0_2_0" [/home/leon/Desktop/Project/ZUBOARD_1CG/hls_ip/conv2d_hls.cpp:117]   --->   Operation 94 'store' 'store_ln117' <Predicate = true> <Delay = 0.00>
ST_2 : Operation 95 [1/1] (0.00ns)   --->   "%store_ln118 = store i10 %tmp_10_i, i10 %window_adjust_1_2_0" [/home/leon/Desktop/Project/ZUBOARD_1CG/hls_ip/conv2d_hls.cpp:118]   --->   Operation 95 'store' 'store_ln118' <Predicate = true> <Delay = 0.00>
ST_2 : Operation 96 [1/1] (0.00ns)   --->   "%store_ln119 = store i10 %select_ln119_2, i10 %window_adjust_2_2_0" [/home/leon/Desktop/Project/ZUBOARD_1CG/hls_ip/conv2d_hls.cpp:119]   --->   Operation 96 'store' 'store_ln119' <Predicate = true> <Delay = 0.00>
ST_2 : Operation 97 [1/1] (0.00ns)   --->   "%store_ln117 = store i10 %select_ln117_3, i10 %window_adjust_0_2_1" [/home/leon/Desktop/Project/ZUBOARD_1CG/hls_ip/conv2d_hls.cpp:117]   --->   Operation 97 'store' 'store_ln117' <Predicate = true> <Delay = 0.00>
ST_2 : Operation 98 [1/1] (0.00ns)   --->   "%store_ln118 = store i10 %tmp_11_i, i10 %window_adjust_1_2_1" [/home/leon/Desktop/Project/ZUBOARD_1CG/hls_ip/conv2d_hls.cpp:118]   --->   Operation 98 'store' 'store_ln118' <Predicate = true> <Delay = 0.00>
ST_2 : Operation 99 [1/1] (0.00ns)   --->   "%store_ln119 = store i10 %select_ln119_3, i10 %window_adjust_2_2_1" [/home/leon/Desktop/Project/ZUBOARD_1CG/hls_ip/conv2d_hls.cpp:119]   --->   Operation 99 'store' 'store_ln119' <Predicate = true> <Delay = 0.00>
ST_2 : Operation 100 [1/1] (0.00ns)   --->   "%store_ln117 = store i10 %select_ln117_4, i10 %window_adjust_0_2_2" [/home/leon/Desktop/Project/ZUBOARD_1CG/hls_ip/conv2d_hls.cpp:117]   --->   Operation 100 'store' 'store_ln117' <Predicate = true> <Delay = 0.00>
ST_2 : Operation 101 [1/1] (0.00ns)   --->   "%store_ln118 = store i10 %tmp_12_i, i10 %window_adjust_1_2_2" [/home/leon/Desktop/Project/ZUBOARD_1CG/hls_ip/conv2d_hls.cpp:118]   --->   Operation 101 'store' 'store_ln118' <Predicate = true> <Delay = 0.00>
ST_2 : Operation 102 [1/1] (0.00ns)   --->   "%store_ln119 = store i10 %select_ln119_4, i10 %window_adjust_2_2_2" [/home/leon/Desktop/Project/ZUBOARD_1CG/hls_ip/conv2d_hls.cpp:119]   --->   Operation 102 'store' 'store_ln119' <Predicate = true> <Delay = 0.00>
ST_2 : Operation 103 [1/1] (0.00ns)   --->   "%store_ln117 = store i10 %select_ln117_5, i10 %window_adjust_0_2_3" [/home/leon/Desktop/Project/ZUBOARD_1CG/hls_ip/conv2d_hls.cpp:117]   --->   Operation 103 'store' 'store_ln117' <Predicate = true> <Delay = 0.00>
ST_2 : Operation 104 [1/1] (0.00ns)   --->   "%store_ln118 = store i10 %tmp_13_i, i10 %window_adjust_1_2_3" [/home/leon/Desktop/Project/ZUBOARD_1CG/hls_ip/conv2d_hls.cpp:118]   --->   Operation 104 'store' 'store_ln118' <Predicate = true> <Delay = 0.00>
ST_2 : Operation 105 [1/1] (0.00ns)   --->   "%store_ln119 = store i10 %select_ln119_5, i10 %window_adjust_2_2_3" [/home/leon/Desktop/Project/ZUBOARD_1CG/hls_ip/conv2d_hls.cpp:119]   --->   Operation 105 'store' 'store_ln119' <Predicate = true> <Delay = 0.00>
ST_2 : Operation 106 [1/1] (0.00ns)   --->   "%store_ln117 = store i10 %select_ln117_6, i10 %window_adjust_0_2_4" [/home/leon/Desktop/Project/ZUBOARD_1CG/hls_ip/conv2d_hls.cpp:117]   --->   Operation 106 'store' 'store_ln117' <Predicate = true> <Delay = 0.00>
ST_2 : Operation 107 [1/1] (0.00ns)   --->   "%store_ln118 = store i10 %tmp_14_i, i10 %window_adjust_1_2_4" [/home/leon/Desktop/Project/ZUBOARD_1CG/hls_ip/conv2d_hls.cpp:118]   --->   Operation 107 'store' 'store_ln118' <Predicate = true> <Delay = 0.00>
ST_2 : Operation 108 [1/1] (0.00ns)   --->   "%store_ln119 = store i10 %select_ln119_6, i10 %window_adjust_2_2_4" [/home/leon/Desktop/Project/ZUBOARD_1CG/hls_ip/conv2d_hls.cpp:119]   --->   Operation 108 'store' 'store_ln119' <Predicate = true> <Delay = 0.00>
ST_2 : Operation 109 [1/1] (0.00ns)   --->   "%store_ln117 = store i10 %select_ln117_7, i10 %window_adjust_0_2_5" [/home/leon/Desktop/Project/ZUBOARD_1CG/hls_ip/conv2d_hls.cpp:117]   --->   Operation 109 'store' 'store_ln117' <Predicate = true> <Delay = 0.00>
ST_2 : Operation 110 [1/1] (0.00ns)   --->   "%store_ln118 = store i10 %tmp_15_i, i10 %window_adjust_1_2_5" [/home/leon/Desktop/Project/ZUBOARD_1CG/hls_ip/conv2d_hls.cpp:118]   --->   Operation 110 'store' 'store_ln118' <Predicate = true> <Delay = 0.00>
ST_2 : Operation 111 [1/1] (0.00ns)   --->   "%store_ln119 = store i10 %select_ln119_7, i10 %window_adjust_2_2_5" [/home/leon/Desktop/Project/ZUBOARD_1CG/hls_ip/conv2d_hls.cpp:119]   --->   Operation 111 'store' 'store_ln119' <Predicate = true> <Delay = 0.00>
ST_2 : Operation 112 [1/1] (0.00ns)   --->   "%store_ln117 = store i10 %select_ln117_8, i10 %window_adjust_0_2_6" [/home/leon/Desktop/Project/ZUBOARD_1CG/hls_ip/conv2d_hls.cpp:117]   --->   Operation 112 'store' 'store_ln117' <Predicate = true> <Delay = 0.00>
ST_2 : Operation 113 [1/1] (0.00ns)   --->   "%store_ln118 = store i10 %trunc_ln105_1, i10 %window_adjust_1_2_6" [/home/leon/Desktop/Project/ZUBOARD_1CG/hls_ip/conv2d_hls.cpp:118]   --->   Operation 113 'store' 'store_ln118' <Predicate = true> <Delay = 0.00>
ST_2 : Operation 114 [1/1] (0.00ns)   --->   "%store_ln119 = store i10 %select_ln119_8, i10 %window_adjust_2_2_6" [/home/leon/Desktop/Project/ZUBOARD_1CG/hls_ip/conv2d_hls.cpp:119]   --->   Operation 114 'store' 'store_ln119' <Predicate = true> <Delay = 0.00>
ST_2 : Operation 115 [1/1] (0.00ns)   --->   "%store_ln117 = store i10 %select_ln117_1, i10 %window_adjust_0_2_7" [/home/leon/Desktop/Project/ZUBOARD_1CG/hls_ip/conv2d_hls.cpp:117]   --->   Operation 115 'store' 'store_ln117' <Predicate = true> <Delay = 0.00>
ST_2 : Operation 116 [1/1] (0.00ns)   --->   "%store_ln118 = store i10 %tmp_i, i10 %window_adjust_1_2_7" [/home/leon/Desktop/Project/ZUBOARD_1CG/hls_ip/conv2d_hls.cpp:118]   --->   Operation 116 'store' 'store_ln118' <Predicate = true> <Delay = 0.00>
ST_2 : Operation 117 [1/1] (0.00ns)   --->   "%store_ln119 = store i10 %select_ln119_1, i10 %window_adjust_2_2_7" [/home/leon/Desktop/Project/ZUBOARD_1CG/hls_ip/conv2d_hls.cpp:119]   --->   Operation 117 'store' 'store_ln119' <Predicate = true> <Delay = 0.00>

State 3 <SV = 2> <Delay = 0.00>
ST_3 : Operation 118 [1/1] (0.00ns)   --->   "%tmp = call i80 @sobelConvolve, i10 %window_adjust_0_0_0, i10 %window_adjust_0_2_0, i10 %window_adjust_1_0_0, i10 %window_adjust_1_2_0, i10 %window_adjust_2_0_0, i10 %window_adjust_2_2_0, i10 %window_adjust_0_0_1, i10 %window_adjust_0_2_1, i10 %window_adjust_1_0_1, i10 %window_adjust_1_2_1, i10 %window_adjust_2_0_1, i10 %window_adjust_2_2_1, i10 %window_adjust_0_0_2, i10 %window_adjust_0_2_2, i10 %window_adjust_1_0_2, i10 %window_adjust_1_2_2, i10 %window_adjust_2_0_2, i10 %window_adjust_2_2_2, i10 %window_adjust_0_0_3, i10 %window_adjust_0_2_3, i10 %window_adjust_1_0_3, i10 %window_adjust_1_2_3, i10 %window_adjust_2_0_3, i10 %window_adjust_2_2_3, i10 %window_adjust_0_0_4, i10 %window_adjust_0_2_4, i10 %window_adjust_1_0_4, i10 %window_adjust_1_2_4, i10 %window_adjust_2_0_4, i10 %window_adjust_2_2_4, i10 %window_adjust_0_0_5, i10 %window_adjust_0_2_5, i10 %window_adjust_1_0_5, i10 %window_adjust_1_2_5, i10 %window_adjust_2_0_5, i10 %window_adjust_2_2_5, i10 %window_adjust_0_0_6, i10 %window_adjust_0_2_6, i10 %window_adjust_1_0_6, i10 %window_adjust_1_2_6, i10 %window_adjust_2_0_6, i10 %window_adjust_2_2_6, i10 %window_adjust_0_0_7, i10 %window_adjust_0_2_7, i10 %window_adjust_1_0_7, i10 %window_adjust_1_2_7, i10 %window_adjust_2_0_7, i10 %window_adjust_2_2_7" [/home/leon/Desktop/Project/ZUBOARD_1CG/hls_ip/conv2d_hls.cpp:125]   --->   Operation 118 'call' 'tmp' <Predicate = true> <Delay = 0.00> <CoreType = "Generic">   --->   Core 0 '' <Latency = 0> <II = 1> <Delay = 1.00> <Generic> <Opcode : >
ST_3 : Operation 119 [1/1] (0.00ns)   --->   "%ret_ln91 = ret i80 %tmp" [/home/leon/Desktop/Project/ZUBOARD_1CG/hls_ip/conv2d_hls.cpp:91]   --->   Operation 119 'ret' 'ret_ln91' <Predicate = true> <Delay = 0.00>


============================================================
+ Verbose Summary: Timing violations
============================================================
Target clock period: 10.000ns, clock uncertainty: 2.700ns.

 <State 1>: 1.352ns
The critical path consists of the following:
	'getelementptr' operation 7 bit ('linebuf_0_0_addr') [62]  (0.000 ns)
	'load' operation 80 bit ('linebuf_0_0_load', /home/leon/Desktop/Project/ZUBOARD_1CG/hls_ip/conv2d_hls.cpp:91) on array 'linebuf_0_0' [63]  (1.352 ns)

 <State 2>: 1.822ns
The critical path consists of the following:
	'load' operation 80 bit ('linebuf_0_0_load', /home/leon/Desktop/Project/ZUBOARD_1CG/hls_ip/conv2d_hls.cpp:91) on array 'linebuf_0_0' [63]  (1.352 ns)
	'select' operation 10 bit ('select_ln117', /home/leon/Desktop/Project/ZUBOARD_1CG/hls_ip/conv2d_hls.cpp:117) [98]  (0.470 ns)

 <State 3>: 0.000ns
The critical path consists of the following:


============================================================
+ Verbose Summary: Binding
============================================================
N/A
* FSMD analyzer results:
  - Output states:
 - Input state : 
  - Chain level:
	State 1
	State 2
	State 3


============================================================
+ Verbose Summary: Datapath Resource usage 
============================================================
N/A
