

================================================================
== Vitis HLS Report for 'shift_register'
================================================================
* Date:           Wed Nov  5 08:17:22 2025

* Version:        2023.2 (Build 4023990 on Oct 11 2023)
* Project:        hls_ip
* Solution:       hls (Vivado IP Flow Target)
* Product family: zynquplus
* Target device:  xczu1cg-sbva484-1-e


================================================================
== Performance Estimates
================================================================
+ Timing: 
    * Summary: 
    +--------+----------+----------+------------+
    |  Clock |  Target  | Estimated| Uncertainty|
    +--------+----------+----------+------------+
    |ap_clk  |  10.00 ns|  4.138 ns|     2.70 ns|
    +--------+----------+----------+------------+

+ Latency: 
    * Summary: 
    +---------+---------+-----------+-----------+-----+-----+---------+
    |  Latency (cycles) |   Latency (absolute)  |  Interval | Pipeline|
    |   min   |   max   |    min    |    max    | min | max |   Type  |
    +---------+---------+-----------+-----------+-----+-----+---------+
    |        2|        2|  20.000 ns|  20.000 ns|    2|    2|      yes|
    +---------+---------+-----------+-----------+-----+-----+---------+

    + Detail: 
        * Instance: 
        +--------------------------+---------------+---------+---------+----------+----------+-----+-----+---------+
        |                          |               |  Latency (cycles) |  Latency (absolute) |  Interval | Pipeline|
        |         Instance         |     Module    |   min   |   max   |    min   |    max   | min | max |   Type  |
        +--------------------------+---------------+---------+---------+----------+----------+-----+-----+---------+
        |tmp_sobelConvolve_fu_242  |sobelConvolve  |        0|        0|      0 ns|      0 ns|    1|    1|      yes|
        +--------------------------+---------------+---------+---------+----------+----------+-----+-----+---------+

        * Loop: 
        N/A



================================================================
== Utilization Estimates
================================================================
* Summary: 
+-----------------+---------+-----+-------+-------+-----+
|       Name      | BRAM_18K| DSP |   FF  |  LUT  | URAM|
+-----------------+---------+-----+-------+-------+-----+
|DSP              |        -|    -|      -|      -|    -|
|Expression       |        -|    -|      0|    200|    -|
|FIFO             |        -|    -|      -|      -|    -|
|Instance         |        -|    -|      0|   1056|    -|
|Memory           |        -|    -|      -|      -|    -|
|Multiplexer      |        -|    -|      -|    464|    -|
|Register         |        -|    -|     15|      -|    -|
+-----------------+---------+-----+-------+-------+-----+
|Total            |        0|    0|     15|   1720|    0|
+-----------------+---------+-----+-------+-------+-----+
|Available        |      216|  216|  74880|  37440|    0|
+-----------------+---------+-----+-------+-------+-----+
|Utilization (%)  |        0|    0|     ~0|      4|    0|
+-----------------+---------+-----+-------+-------+-----+

+ Detail: 
    * Instance: 
    +--------------------------+---------------+---------+----+---+------+-----+
    |         Instance         |     Module    | BRAM_18K| DSP| FF|  LUT | URAM|
    +--------------------------+---------------+---------+----+---+------+-----+
    |tmp_sobelConvolve_fu_242  |sobelConvolve  |        0|   0|  0|  1056|    0|
    +--------------------------+---------------+---------+----+---+------+-----+
    |Total                     |               |        0|   0|  0|  1056|    0|
    +--------------------------+---------------+---------+----+---+------+-----+

    * DSP: 
    N/A

    * Memory: 
    N/A

    * FIFO: 
    N/A

    * Expression: 
    +--------------------------+----------+----+---+----+------------+------------+
    |       Variable Name      | Operation| DSP| FF| LUT| Bitwidth P0| Bitwidth P1|
    +--------------------------+----------+----+---+----+------------+------------+
    |cmp122_i_fu_582_p2        |      icmp|   0|  0|  18|          11|          11|
    |cmp97_i_fu_576_p2         |      icmp|   0|  0|  18|          11|           1|
    |select_ln117_1_fu_596_p3  |    select|   0|  0|   9|           1|          10|
    |select_ln117_2_fu_604_p3  |    select|   0|  0|   9|           1|          10|
    |select_ln117_3_fu_612_p3  |    select|   0|  0|   9|           1|          10|
    |select_ln117_4_fu_620_p3  |    select|   0|  0|   9|           1|          10|
    |select_ln117_5_fu_628_p3  |    select|   0|  0|   9|           1|          10|
    |select_ln117_6_fu_636_p3  |    select|   0|  0|   9|           1|          10|
    |select_ln117_7_fu_644_p3  |    select|   0|  0|   9|           1|          10|
    |select_ln117_8_fu_652_p3  |    select|   0|  0|   9|           1|          10|
    |select_ln117_fu_588_p3    |    select|   0|  0|   9|           1|          10|
    |select_ln119_1_fu_668_p3  |    select|   0|  0|   9|           1|          10|
    |select_ln119_2_fu_676_p3  |    select|   0|  0|   9|           1|          10|
    |select_ln119_3_fu_684_p3  |    select|   0|  0|   9|           1|          10|
    |select_ln119_4_fu_692_p3  |    select|   0|  0|   9|           1|          10|
    |select_ln119_5_fu_700_p3  |    select|   0|  0|   9|           1|          10|
    |select_ln119_6_fu_708_p3  |    select|   0|  0|   9|           1|          10|
    |select_ln119_7_fu_716_p3  |    select|   0|  0|   9|           1|          10|
    |select_ln119_8_fu_724_p3  |    select|   0|  0|   9|           1|          10|
    |select_ln119_fu_660_p3    |    select|   0|  0|   9|           1|          10|
    |ap_enable_pp0             |       xor|   0|  0|   2|           1|           2|
    +--------------------------+----------+----+---+----+------------+------------+
    |Total                     |          |   0|  0| 200|          41|         194|
    +--------------------------+----------+----+---+----+------------+------------+

    * Multiplexer: 
    +-------------------------+----+-----------+-----+-----------+
    |           Name          | LUT| Input Size| Bits| Total Bits|
    +-------------------------+----+-----------+-----+-----------+
    |ap_NS_fsm                |  14|          3|    1|          3|
    |ap_enable_reg_pp0_iter0  |   9|          2|    1|          2|
    |ap_enable_reg_pp0_iter1  |   9|          2|    1|          2|
    |window_adjust_0_0_0_o    |   9|          2|   10|         20|
    |window_adjust_0_0_1_o    |   9|          2|   10|         20|
    |window_adjust_0_0_2_o    |   9|          2|   10|         20|
    |window_adjust_0_0_3_o    |   9|          2|   10|         20|
    |window_adjust_0_0_4_o    |   9|          2|   10|         20|
    |window_adjust_0_0_5_o    |   9|          2|   10|         20|
    |window_adjust_0_0_6_o    |   9|          2|   10|         20|
    |window_adjust_0_0_7_o    |   9|          2|   10|         20|
    |window_adjust_0_2_0_o    |   9|          2|   10|         20|
    |window_adjust_0_2_1_o    |   9|          2|   10|         20|
    |window_adjust_0_2_2_o    |   9|          2|   10|         20|
    |window_adjust_0_2_3_o    |   9|          2|   10|         20|
    |window_adjust_0_2_4_o    |   9|          2|   10|         20|
    |window_adjust_0_2_5_o    |   9|          2|   10|         20|
    |window_adjust_0_2_6_o    |   9|          2|   10|         20|
    |window_adjust_0_2_7_o    |   9|          2|   10|         20|
    |window_adjust_1_0_0_o    |   9|          2|   10|         20|
    |window_adjust_1_0_1_o    |   9|          2|   10|         20|
    |window_adjust_1_0_2_o    |   9|          2|   10|         20|
    |window_adjust_1_0_3_o    |   9|          2|   10|         20|
    |window_adjust_1_0_4_o    |   9|          2|   10|         20|
    |window_adjust_1_0_5_o    |   9|          2|   10|         20|
    |window_adjust_1_0_6_o    |   9|          2|   10|         20|
    |window_adjust_1_0_7_o    |   9|          2|   10|         20|
    |window_adjust_1_2_0_o    |   9|          2|   10|         20|
    |window_adjust_1_2_1_o    |   9|          2|   10|         20|
    |window_adjust_1_2_2_o    |   9|          2|   10|         20|
    |window_adjust_1_2_3_o    |   9|          2|   10|         20|
    |window_adjust_1_2_4_o    |   9|          2|   10|         20|
    |window_adjust_1_2_5_o    |   9|          2|   10|         20|
    |window_adjust_1_2_6_o    |   9|          2|   10|         20|
    |window_adjust_1_2_7_o    |   9|          2|   10|         20|
    |window_adjust_2_0_0_o    |   9|          2|   10|         20|
    |window_adjust_2_0_1_o    |   9|          2|   10|         20|
    |window_adjust_2_0_2_o    |   9|          2|   10|         20|
    |window_adjust_2_0_3_o    |   9|          2|   10|         20|
    |window_adjust_2_0_4_o    |   9|          2|   10|         20|
    |window_adjust_2_0_5_o    |   9|          2|   10|         20|
    |window_adjust_2_0_6_o    |   9|          2|   10|         20|
    |window_adjust_2_0_7_o    |   9|          2|   10|         20|
    |window_adjust_2_2_0_o    |   9|          2|   10|         20|
    |window_adjust_2_2_1_o    |   9|          2|   10|         20|
    |window_adjust_2_2_2_o    |   9|          2|   10|         20|
    |window_adjust_2_2_3_o    |   9|          2|   10|         20|
    |window_adjust_2_2_4_o    |   9|          2|   10|         20|
    |window_adjust_2_2_5_o    |   9|          2|   10|         20|
    |window_adjust_2_2_6_o    |   9|          2|   10|         20|
    |window_adjust_2_2_7_o    |   9|          2|   10|         20|
    +-------------------------+----+-----------+-----+-----------+
    |Total                    | 464|        103|  483|        967|
    +-------------------------+----+-----------+-----+-----------+

    * Register: 
    +-----------------------------+----+----+-----+-----------+
    |             Name            | FF | LUT| Bits| Const Bits|
    +-----------------------------+----+----+-----+-----------+
    |ap_CS_fsm                    |   2|   0|    2|          0|
    |ap_enable_reg_pp0_iter0_reg  |   1|   0|    1|          0|
    |ap_enable_reg_pp0_iter1      |   1|   0|    1|          0|
    |ap_port_reg_row              |  11|   0|   11|          0|
    +-----------------------------+----+----+-----+-----------+
    |Total                        |  15|   0|   15|          0|
    +-----------------------------+----+----+-----+-----------+



================================================================
== Interface
================================================================
* Summary: 
+------------------------------+-----+-----+------------+---------------------+--------------+
|           RTL Ports          | Dir | Bits|  Protocol  |    Source Object    |    C Type    |
+------------------------------+-----+-----+------------+---------------------+--------------+
|ap_clk                        |   in|    1|  ap_ctrl_hs|       shift_register|  return value|
|ap_rst                        |   in|    1|  ap_ctrl_hs|       shift_register|  return value|
|ap_start                      |   in|    1|  ap_ctrl_hs|       shift_register|  return value|
|ap_done                       |  out|    1|  ap_ctrl_hs|       shift_register|  return value|
|ap_idle                       |  out|    1|  ap_ctrl_hs|       shift_register|  return value|
|ap_ready                      |  out|    1|  ap_ctrl_hs|       shift_register|  return value|
|ap_return                     |  out|   80|  ap_ctrl_hs|       shift_register|  return value|
|row                           |   in|   11|     ap_none|                  row|        scalar|
|linebuf_0_0_address0          |  out|    7|   ap_memory|          linebuf_0_0|         array|
|linebuf_0_0_ce0               |  out|    1|   ap_memory|          linebuf_0_0|         array|
|linebuf_0_0_q0                |   in|   80|   ap_memory|          linebuf_0_0|         array|
|linebuf_0_1_address0          |  out|    7|   ap_memory|          linebuf_0_1|         array|
|linebuf_0_1_ce0               |  out|    1|   ap_memory|          linebuf_0_1|         array|
|linebuf_0_1_q0                |   in|   80|   ap_memory|          linebuf_0_1|         array|
|linebuf_1_0_address0          |  out|    7|   ap_memory|          linebuf_1_0|         array|
|linebuf_1_0_ce0               |  out|    1|   ap_memory|          linebuf_1_0|         array|
|linebuf_1_0_q0                |   in|   80|   ap_memory|          linebuf_1_0|         array|
|linebuf_1_1_address0          |  out|    7|   ap_memory|          linebuf_1_1|         array|
|linebuf_1_1_ce0               |  out|    1|   ap_memory|          linebuf_1_1|         array|
|linebuf_1_1_q0                |   in|   80|   ap_memory|          linebuf_1_1|         array|
|linebuf_2_0_address0          |  out|    7|   ap_memory|          linebuf_2_0|         array|
|linebuf_2_0_ce0               |  out|    1|   ap_memory|          linebuf_2_0|         array|
|linebuf_2_0_q0                |   in|   80|   ap_memory|          linebuf_2_0|         array|
|linebuf_2_1_address0          |  out|    7|   ap_memory|          linebuf_2_1|         array|
|linebuf_2_1_ce0               |  out|    1|   ap_memory|          linebuf_2_1|         array|
|linebuf_2_1_q0                |   in|   80|   ap_memory|          linebuf_2_1|         array|
|window_adjust_0_0_0_i         |   in|   10|     ap_ovld|  window_adjust_0_0_0|       pointer|
|window_adjust_0_0_0_o         |  out|   10|     ap_ovld|  window_adjust_0_0_0|       pointer|
|window_adjust_0_0_0_o_ap_vld  |  out|    1|     ap_ovld|  window_adjust_0_0_0|       pointer|
|window_adjust_1_0_0_i         |   in|   10|     ap_ovld|  window_adjust_1_0_0|       pointer|
|window_adjust_1_0_0_o         |  out|   10|     ap_ovld|  window_adjust_1_0_0|       pointer|
|window_adjust_1_0_0_o_ap_vld  |  out|    1|     ap_ovld|  window_adjust_1_0_0|       pointer|
|window_adjust_2_0_0_i         |   in|   10|     ap_ovld|  window_adjust_2_0_0|       pointer|
|window_adjust_2_0_0_o         |  out|   10|     ap_ovld|  window_adjust_2_0_0|       pointer|
|window_adjust_2_0_0_o_ap_vld  |  out|    1|     ap_ovld|  window_adjust_2_0_0|       pointer|
|window_adjust_0_0_1_i         |   in|   10|     ap_ovld|  window_adjust_0_0_1|       pointer|
|window_adjust_0_0_1_o         |  out|   10|     ap_ovld|  window_adjust_0_0_1|       pointer|
|window_adjust_0_0_1_o_ap_vld  |  out|    1|     ap_ovld|  window_adjust_0_0_1|       pointer|
|window_adjust_1_0_1_i         |   in|   10|     ap_ovld|  window_adjust_1_0_1|       pointer|
|window_adjust_1_0_1_o         |  out|   10|     ap_ovld|  window_adjust_1_0_1|       pointer|
|window_adjust_1_0_1_o_ap_vld  |  out|    1|     ap_ovld|  window_adjust_1_0_1|       pointer|
|window_adjust_2_0_1_i         |   in|   10|     ap_ovld|  window_adjust_2_0_1|       pointer|
|window_adjust_2_0_1_o         |  out|   10|     ap_ovld|  window_adjust_2_0_1|       pointer|
|window_adjust_2_0_1_o_ap_vld  |  out|    1|     ap_ovld|  window_adjust_2_0_1|       pointer|
|window_adjust_0_0_2_i         |   in|   10|     ap_ovld|  window_adjust_0_0_2|       pointer|
|window_adjust_0_0_2_o         |  out|   10|     ap_ovld|  window_adjust_0_0_2|       pointer|
|window_adjust_0_0_2_o_ap_vld  |  out|    1|     ap_ovld|  window_adjust_0_0_2|       pointer|
|window_adjust_1_0_2_i         |   in|   10|     ap_ovld|  window_adjust_1_0_2|       pointer|
|window_adjust_1_0_2_o         |  out|   10|     ap_ovld|  window_adjust_1_0_2|       pointer|
|window_adjust_1_0_2_o_ap_vld  |  out|    1|     ap_ovld|  window_adjust_1_0_2|       pointer|
|window_adjust_2_0_2_i         |   in|   10|     ap_ovld|  window_adjust_2_0_2|       pointer|
|window_adjust_2_0_2_o         |  out|   10|     ap_ovld|  window_adjust_2_0_2|       pointer|
|window_adjust_2_0_2_o_ap_vld  |  out|    1|     ap_ovld|  window_adjust_2_0_2|       pointer|
|window_adjust_0_0_3_i         |   in|   10|     ap_ovld|  window_adjust_0_0_3|       pointer|
|window_adjust_0_0_3_o         |  out|   10|     ap_ovld|  window_adjust_0_0_3|       pointer|
|window_adjust_0_0_3_o_ap_vld  |  out|    1|     ap_ovld|  window_adjust_0_0_3|       pointer|
|window_adjust_1_0_3_i         |   in|   10|     ap_ovld|  window_adjust_1_0_3|       pointer|
|window_adjust_1_0_3_o         |  out|   10|     ap_ovld|  window_adjust_1_0_3|       pointer|
|window_adjust_1_0_3_o_ap_vld  |  out|    1|     ap_ovld|  window_adjust_1_0_3|       pointer|
|window_adjust_2_0_3_i         |   in|   10|     ap_ovld|  window_adjust_2_0_3|       pointer|
|window_adjust_2_0_3_o         |  out|   10|     ap_ovld|  window_adjust_2_0_3|       pointer|
|window_adjust_2_0_3_o_ap_vld  |  out|    1|     ap_ovld|  window_adjust_2_0_3|       pointer|
|window_adjust_0_0_4_i         |   in|   10|     ap_ovld|  window_adjust_0_0_4|       pointer|
|window_adjust_0_0_4_o         |  out|   10|     ap_ovld|  window_adjust_0_0_4|       pointer|
|window_adjust_0_0_4_o_ap_vld  |  out|    1|     ap_ovld|  window_adjust_0_0_4|       pointer|
|window_adjust_1_0_4_i         |   in|   10|     ap_ovld|  window_adjust_1_0_4|       pointer|
|window_adjust_1_0_4_o         |  out|   10|     ap_ovld|  window_adjust_1_0_4|       pointer|
|window_adjust_1_0_4_o_ap_vld  |  out|    1|     ap_ovld|  window_adjust_1_0_4|       pointer|
|window_adjust_2_0_4_i         |   in|   10|     ap_ovld|  window_adjust_2_0_4|       pointer|
|window_adjust_2_0_4_o         |  out|   10|     ap_ovld|  window_adjust_2_0_4|       pointer|
|window_adjust_2_0_4_o_ap_vld  |  out|    1|     ap_ovld|  window_adjust_2_0_4|       pointer|
|window_adjust_0_0_5_i         |   in|   10|     ap_ovld|  window_adjust_0_0_5|       pointer|
|window_adjust_0_0_5_o         |  out|   10|     ap_ovld|  window_adjust_0_0_5|       pointer|
|window_adjust_0_0_5_o_ap_vld  |  out|    1|     ap_ovld|  window_adjust_0_0_5|       pointer|
|window_adjust_1_0_5_i         |   in|   10|     ap_ovld|  window_adjust_1_0_5|       pointer|
|window_adjust_1_0_5_o         |  out|   10|     ap_ovld|  window_adjust_1_0_5|       pointer|
|window_adjust_1_0_5_o_ap_vld  |  out|    1|     ap_ovld|  window_adjust_1_0_5|       pointer|
|window_adjust_2_0_5_i         |   in|   10|     ap_ovld|  window_adjust_2_0_5|       pointer|
|window_adjust_2_0_5_o         |  out|   10|     ap_ovld|  window_adjust_2_0_5|       pointer|
|window_adjust_2_0_5_o_ap_vld  |  out|    1|     ap_ovld|  window_adjust_2_0_5|       pointer|
|window_adjust_0_0_6_i         |   in|   10|     ap_ovld|  window_adjust_0_0_6|       pointer|
|window_adjust_0_0_6_o         |  out|   10|     ap_ovld|  window_adjust_0_0_6|       pointer|
|window_adjust_0_0_6_o_ap_vld  |  out|    1|     ap_ovld|  window_adjust_0_0_6|       pointer|
|window_adjust_1_0_6_i         |   in|   10|     ap_ovld|  window_adjust_1_0_6|       pointer|
|window_adjust_1_0_6_o         |  out|   10|     ap_ovld|  window_adjust_1_0_6|       pointer|
|window_adjust_1_0_6_o_ap_vld  |  out|    1|     ap_ovld|  window_adjust_1_0_6|       pointer|
|window_adjust_2_0_6_i         |   in|   10|     ap_ovld|  window_adjust_2_0_6|       pointer|
|window_adjust_2_0_6_o         |  out|   10|     ap_ovld|  window_adjust_2_0_6|       pointer|
|window_adjust_2_0_6_o_ap_vld  |  out|    1|     ap_ovld|  window_adjust_2_0_6|       pointer|
|window_adjust_0_0_7_i         |   in|   10|     ap_ovld|  window_adjust_0_0_7|       pointer|
|window_adjust_0_0_7_o         |  out|   10|     ap_ovld|  window_adjust_0_0_7|       pointer|
|window_adjust_0_0_7_o_ap_vld  |  out|    1|     ap_ovld|  window_adjust_0_0_7|       pointer|
|window_adjust_1_0_7_i         |   in|   10|     ap_ovld|  window_adjust_1_0_7|       pointer|
|window_adjust_1_0_7_o         |  out|   10|     ap_ovld|  window_adjust_1_0_7|       pointer|
|window_adjust_1_0_7_o_ap_vld  |  out|    1|     ap_ovld|  window_adjust_1_0_7|       pointer|
|window_adjust_2_0_7_i         |   in|   10|     ap_ovld|  window_adjust_2_0_7|       pointer|
|window_adjust_2_0_7_o         |  out|   10|     ap_ovld|  window_adjust_2_0_7|       pointer|
|window_adjust_2_0_7_o_ap_vld  |  out|    1|     ap_ovld|  window_adjust_2_0_7|       pointer|
|window_adjust_0_2_0_i         |   in|   10|     ap_ovld|  window_adjust_0_2_0|       pointer|
|window_adjust_0_2_0_o         |  out|   10|     ap_ovld|  window_adjust_0_2_0|       pointer|
|window_adjust_0_2_0_o_ap_vld  |  out|    1|     ap_ovld|  window_adjust_0_2_0|       pointer|
|window_adjust_1_2_0_i         |   in|   10|     ap_ovld|  window_adjust_1_2_0|       pointer|
|window_adjust_1_2_0_o         |  out|   10|     ap_ovld|  window_adjust_1_2_0|       pointer|
|window_adjust_1_2_0_o_ap_vld  |  out|    1|     ap_ovld|  window_adjust_1_2_0|       pointer|
|window_adjust_2_2_0_i         |   in|   10|     ap_ovld|  window_adjust_2_2_0|       pointer|
|window_adjust_2_2_0_o         |  out|   10|     ap_ovld|  window_adjust_2_2_0|       pointer|
|window_adjust_2_2_0_o_ap_vld  |  out|    1|     ap_ovld|  window_adjust_2_2_0|       pointer|
|window_adjust_0_2_1_i         |   in|   10|     ap_ovld|  window_adjust_0_2_1|       pointer|
|window_adjust_0_2_1_o         |  out|   10|     ap_ovld|  window_adjust_0_2_1|       pointer|
|window_adjust_0_2_1_o_ap_vld  |  out|    1|     ap_ovld|  window_adjust_0_2_1|       pointer|
|window_adjust_1_2_1_i         |   in|   10|     ap_ovld|  window_adjust_1_2_1|       pointer|
|window_adjust_1_2_1_o         |  out|   10|     ap_ovld|  window_adjust_1_2_1|       pointer|
|window_adjust_1_2_1_o_ap_vld  |  out|    1|     ap_ovld|  window_adjust_1_2_1|       pointer|
|window_adjust_2_2_1_i         |   in|   10|     ap_ovld|  window_adjust_2_2_1|       pointer|
|window_adjust_2_2_1_o         |  out|   10|     ap_ovld|  window_adjust_2_2_1|       pointer|
|window_adjust_2_2_1_o_ap_vld  |  out|    1|     ap_ovld|  window_adjust_2_2_1|       pointer|
|window_adjust_0_2_2_i         |   in|   10|     ap_ovld|  window_adjust_0_2_2|       pointer|
|window_adjust_0_2_2_o         |  out|   10|     ap_ovld|  window_adjust_0_2_2|       pointer|
|window_adjust_0_2_2_o_ap_vld  |  out|    1|     ap_ovld|  window_adjust_0_2_2|       pointer|
|window_adjust_1_2_2_i         |   in|   10|     ap_ovld|  window_adjust_1_2_2|       pointer|
|window_adjust_1_2_2_o         |  out|   10|     ap_ovld|  window_adjust_1_2_2|       pointer|
|window_adjust_1_2_2_o_ap_vld  |  out|    1|     ap_ovld|  window_adjust_1_2_2|       pointer|
|window_adjust_2_2_2_i         |   in|   10|     ap_ovld|  window_adjust_2_2_2|       pointer|
|window_adjust_2_2_2_o         |  out|   10|     ap_ovld|  window_adjust_2_2_2|       pointer|
|window_adjust_2_2_2_o_ap_vld  |  out|    1|     ap_ovld|  window_adjust_2_2_2|       pointer|
|window_adjust_0_2_3_i         |   in|   10|     ap_ovld|  window_adjust_0_2_3|       pointer|
|window_adjust_0_2_3_o         |  out|   10|     ap_ovld|  window_adjust_0_2_3|       pointer|
|window_adjust_0_2_3_o_ap_vld  |  out|    1|     ap_ovld|  window_adjust_0_2_3|       pointer|
|window_adjust_1_2_3_i         |   in|   10|     ap_ovld|  window_adjust_1_2_3|       pointer|
|window_adjust_1_2_3_o         |  out|   10|     ap_ovld|  window_adjust_1_2_3|       pointer|
|window_adjust_1_2_3_o_ap_vld  |  out|    1|     ap_ovld|  window_adjust_1_2_3|       pointer|
|window_adjust_2_2_3_i         |   in|   10|     ap_ovld|  window_adjust_2_2_3|       pointer|
|window_adjust_2_2_3_o         |  out|   10|     ap_ovld|  window_adjust_2_2_3|       pointer|
|window_adjust_2_2_3_o_ap_vld  |  out|    1|     ap_ovld|  window_adjust_2_2_3|       pointer|
|window_adjust_0_2_4_i         |   in|   10|     ap_ovld|  window_adjust_0_2_4|       pointer|
|window_adjust_0_2_4_o         |  out|   10|     ap_ovld|  window_adjust_0_2_4|       pointer|
|window_adjust_0_2_4_o_ap_vld  |  out|    1|     ap_ovld|  window_adjust_0_2_4|       pointer|
|window_adjust_1_2_4_i         |   in|   10|     ap_ovld|  window_adjust_1_2_4|       pointer|
|window_adjust_1_2_4_o         |  out|   10|     ap_ovld|  window_adjust_1_2_4|       pointer|
|window_adjust_1_2_4_o_ap_vld  |  out|    1|     ap_ovld|  window_adjust_1_2_4|       pointer|
|window_adjust_2_2_4_i         |   in|   10|     ap_ovld|  window_adjust_2_2_4|       pointer|
|window_adjust_2_2_4_o         |  out|   10|     ap_ovld|  window_adjust_2_2_4|       pointer|
|window_adjust_2_2_4_o_ap_vld  |  out|    1|     ap_ovld|  window_adjust_2_2_4|       pointer|
|window_adjust_0_2_5_i         |   in|   10|     ap_ovld|  window_adjust_0_2_5|       pointer|
|window_adjust_0_2_5_o         |  out|   10|     ap_ovld|  window_adjust_0_2_5|       pointer|
|window_adjust_0_2_5_o_ap_vld  |  out|    1|     ap_ovld|  window_adjust_0_2_5|       pointer|
|window_adjust_1_2_5_i         |   in|   10|     ap_ovld|  window_adjust_1_2_5|       pointer|
|window_adjust_1_2_5_o         |  out|   10|     ap_ovld|  window_adjust_1_2_5|       pointer|
|window_adjust_1_2_5_o_ap_vld  |  out|    1|     ap_ovld|  window_adjust_1_2_5|       pointer|
|window_adjust_2_2_5_i         |   in|   10|     ap_ovld|  window_adjust_2_2_5|       pointer|
|window_adjust_2_2_5_o         |  out|   10|     ap_ovld|  window_adjust_2_2_5|       pointer|
|window_adjust_2_2_5_o_ap_vld  |  out|    1|     ap_ovld|  window_adjust_2_2_5|       pointer|
|window_adjust_0_2_6_i         |   in|   10|     ap_ovld|  window_adjust_0_2_6|       pointer|
|window_adjust_0_2_6_o         |  out|   10|     ap_ovld|  window_adjust_0_2_6|       pointer|
|window_adjust_0_2_6_o_ap_vld  |  out|    1|     ap_ovld|  window_adjust_0_2_6|       pointer|
|window_adjust_1_2_6_i         |   in|   10|     ap_ovld|  window_adjust_1_2_6|       pointer|
|window_adjust_1_2_6_o         |  out|   10|     ap_ovld|  window_adjust_1_2_6|       pointer|
|window_adjust_1_2_6_o_ap_vld  |  out|    1|     ap_ovld|  window_adjust_1_2_6|       pointer|
|window_adjust_2_2_6_i         |   in|   10|     ap_ovld|  window_adjust_2_2_6|       pointer|
|window_adjust_2_2_6_o         |  out|   10|     ap_ovld|  window_adjust_2_2_6|       pointer|
|window_adjust_2_2_6_o_ap_vld  |  out|    1|     ap_ovld|  window_adjust_2_2_6|       pointer|
|window_adjust_0_2_7_i         |   in|   10|     ap_ovld|  window_adjust_0_2_7|       pointer|
|window_adjust_0_2_7_o         |  out|   10|     ap_ovld|  window_adjust_0_2_7|       pointer|
|window_adjust_0_2_7_o_ap_vld  |  out|    1|     ap_ovld|  window_adjust_0_2_7|       pointer|
|window_adjust_1_2_7_i         |   in|   10|     ap_ovld|  window_adjust_1_2_7|       pointer|
|window_adjust_1_2_7_o         |  out|   10|     ap_ovld|  window_adjust_1_2_7|       pointer|
|window_adjust_1_2_7_o_ap_vld  |  out|    1|     ap_ovld|  window_adjust_1_2_7|       pointer|
|window_adjust_2_2_7_i         |   in|   10|     ap_ovld|  window_adjust_2_2_7|       pointer|
|window_adjust_2_2_7_o         |  out|   10|     ap_ovld|  window_adjust_2_2_7|       pointer|
|window_adjust_2_2_7_o_ap_vld  |  out|    1|     ap_ovld|  window_adjust_2_2_7|       pointer|
+------------------------------+-----+-----+------------+---------------------+--------------+

